11:39:41 - ERR - post - (<UnsupportedMediaType '415: Unsupported Media Type'>,)
12:32:35 - ERR - login - (KeyError(0),)
12:38:37 - ERR - login - (KeyError(0),)
13:01:57 - ERR - login - (KeyError(0),)
13:03:25 - ERR - register_user - (TypeError('hashpw() argument 1 must be str, not bytes'),)
13:06:15 - ERR - login - (IndexError('list index out of range'),)
13:14:26 - ERR - register_user - (TypeError('hashpw() argument 1 must be str, not bytes'),)
13:15:32 - ERR - register_user - (TypeError("'NoneType' object is not subscriptable"),)
13:24:33 - ERR - register_user - (TypeError("'NoneType' object is not subscriptable"),)
13:24:59 - ERR - login - (IndexError('list index out of range'),)
13:31:01 - ERR - register_user - (TypeError("'NoneType' object is not subscriptable"),)
13:32:21 - ERR - register_user - (TypeError("'NoneType' object is not subscriptable"),)
13:34:49 - ERR - post - ('Error al registrar usuario -> Usuario o correo ya registrados',)
13:35:01 - ERR - register_user - (TypeError("'NoneType' object is not subscriptable"),)
13:35:01 - ERR - post - ("Error al registrar usuario -> 'NoneType' object is not subscriptable",)
13:37:00 - ERR - post - ("Error en el método: 'NoneType' object is not subscriptable",)
13:40:23 - ERR - register_user - (TypeError("'NoneType' object is not subscriptable"),)
13:40:23 - ERR - post - ("Error al registrar usuario -> 'NoneType' object is not subscriptable",)
13:43:14 - ERR - register_user - (AttributeError("'NoneType' object has no attribute 'get'"),)
13:43:14 - ERR - post - ("Error al registrar usuario -> 'NoneType' object has no attribute 'get'",)
13:44:17 - ERR - post - ("Error en el método: 'NoneType' object is not subscriptable",)
13:45:00 - ERR - register_user - ('Error al recuperar el Id_user del registro.',)
13:45:00 - ERR - post - ('Error al registrar usuario -> Error al recuperar el Id_user del registro.',)
13:46:29 - ERR - post - ('Error al registrar usuario -> Usuario o correo ya registrados',)
13:46:40 - ERR - register_user - ('Error al obtener el Id_user del registro.',)
13:46:40 - ERR - post - ('Error al registrar usuario -> Error al obtener el Id_user del registro.',)
13:47:38 - ERR - register_user - ('Error al obtener el Id_user del registro.',)
13:47:38 - ERR - post - ('Error al registrar usuario -> Error al obtener el Id_user del registro.',)
13:49:35 - ERR - post - ('Error al registrar usuario -> Usuario o correo ya registrados',)
13:49:43 - ERR - register_user - ('Error al obtener el Id_user del registro.',)
13:49:43 - ERR - post - ('Error al registrar usuario -> Error al obtener el Id_user del registro.',)
13:51:00 - ERR - login - (IndexError('list index out of range'),)
