00:01:22 - ERR - post - (<BadRequest '400: Bad Request'>,)
00:07:07 - ERR - post - (<BadRequest '400: Bad Request'>,)
00:07:11 - ERR - post - (<BadRequest '400: Bad Request'>,)
00:07:19 - ERR - post - (<BadRequest '400: Bad Request'>,)
00:07:52 - ERR - post - ('Falta el user_id en el request',)
00:08:05 - ERR - post - ('Falta el user_id en el request',)
00:08:05 - ERR - post - ('Falta el user_id en el request',)
00:10:33 - ERR - post - ('Falta el user_id en el request',)
00:14:20 - ERR - post - ('Falta el user_id en el request',)
00:23:55 - ERR - post - ('Falta el user_id en el request',)
00:23:55 - ERR - post - ('Falta el user_id en el request',)
00:26:29 - ERR - post - ('Falta el user_id en el request',)
00:26:29 - ERR - post - ('Falta el user_id en el request',)
00:32:31 - ERR - post - ('Falta el user_id en el request',)
00:32:31 - ERR - post - ('Falta el user_id en el request',)
00:34:27 - ERR - post - ('Falta el user_id en el request',)
00:34:38 - ERR - post - ('Falta el user_id en el request',)
00:34:38 - ERR - post - ('Falta el user_id en el request',)
00:34:58 - ERR - post - ('Falta el user_id en el request',)
12:00:29 - ERR - get - (KeyError('HTTP_TOKENAPP'),)
12:04:28 - ERR - TokenValidate - ('Not enough segments',)
14:27:31 - ERR - TokenValidate - ('Signature has expired',)
14:55:18 - ERR - TokenValidate - ('Signature has expired',)
14:55:30 - ERR - TokenValidate - ('Not enough segments',)
14:55:34 - ERR - TokenValidate - ('Not enough segments',)
14:55:57 - ERR - post - (KeyError('HTTP_TOKENAPP'),)
15:24:41 - ERR - TokenValidate - ('Signature has expired',)
15:45:05 - ERR - encoder - ("module 'bcrypt' has no attribute 'gensalt'",)
15:57:26 - ERR - encoder - ("module 'bcrypt' has no attribute 'hashpw'",)
15:59:40 - ERR - encoder - ("module 'bcrypt' has no attribute 'hashpw'",)
16:00:23 - ERR - encoder - ("module 'bcrypt' has no attribute 'hashpw'",)
16:01:14 - ERR - encoder - ("module 'bcrypt' has no attribute 'hashpw'",)
16:01:56 - ERR - encoder - ("module 'bcrypt' has no attribute 'hashpw'",)
16:04:14 - ERR - encoder - ("module 'bcrypt' has no attribute 'gensalt'",)
16:20:53 - ERR - encoder - ("'str' object has no attribute 'decode'",)
16:22:06 - ERR - encoder - ("'str' object has no attribute 'decode'",)
16:24:38 - ERR - encoder - ("'str' object has no attribute 'decode'",)
16:25:29 - ERR - encoder - ("'str' object has no attribute 'decode'",)
16:27:15 - ERR - verify - ('Invalid hashed_password salt',)
16:40:42 - ERR - TokenValidate - ('Not enough segments',)
17:41:30 - ERR - login - (TypeError("'NoneType' object is not subscriptable"),)
17:42:05 - ERR - verify - ('Invalid hashed_password salt',)
17:44:29 - ERR - verify - ('Invalid hashed_password salt',)
17:47:03 - ERR - get - (KeyError('HTTP_TOKENAPP'),)
17:47:24 - ERR - get - (KeyError('HTTP_TOKENAPP'),)
17:47:58 - ERR - verify - ('Invalid hashed_password salt',)
18:00:13 - ERR - verify - ('Invalid hashed_password salt',)
18:03:01 - ERR - post - (KeyError('HTTP_TOKENAPP'),)
18:10:09 - ERR - login - (TypeError("'NoneType' object is not subscriptable"),)
18:12:32 - ERR - login - (TypeError("'NoneType' object is not subscriptable"),)
18:12:34 - ERR - login - (TypeError("'NoneType' object is not subscriptable"),)
18:12:36 - ERR - login - (TypeError("'NoneType' object is not subscriptable"),)
18:12:37 - ERR - login - (TypeError("'NoneType' object is not subscriptable"),)
18:15:56 - ERR - verify - ('Invalid hashed_password salt',)
18:16:07 - ERR - post - (KeyError('HTTP_TOKENAPP'),)
18:16:07 - ERR - post - (KeyError('HTTP_TOKENAPP'),)
18:16:40 - ERR - post - (KeyError('HTTP_TOKENAPP'),)
18:16:40 - ERR - post - (KeyError('HTTP_TOKENAPP'),)
18:34:33 - ERR - login - (TypeError("'NoneType' object is not subscriptable"),)
19:00:29 - ERR - post - (KeyError('HTTP_TOKENAPP'),)
19:10:41 - ERR - delete - (KeyError('HTTP_TOKENAPP'),)
19:10:54 - ERR - verify - ('Invalid hashed_password salt',)
19:57:15 - ERR - post - (KeyError('HTTP_TOKENAPP'),)
20:06:17 - ERR - post - (KeyError('HTTP_TOKENAPP'),)
20:06:17 - ERR - post - (KeyError('HTTP_TOKENAPP'),)
20:10:20 - ERR - post - (KeyError('HTTP_TOKENAPP'),)
20:10:20 - ERR - post - (KeyError('HTTP_TOKENAPP'),)
20:10:32 - ERR - post - (KeyError('HTTP_TOKENAPP'),)
20:10:32 - ERR - post - (KeyError('HTTP_TOKENAPP'),)
20:10:49 - ERR - post - (KeyError('HTTP_TOKENAPP'),)
20:10:49 - ERR - post - (KeyError('HTTP_TOKENAPP'),)
20:35:34 - ERR - post - (KeyError('HTTP_TOKENAPP'),)
20:36:22 - ERR - post - (KeyError('HTTP_TOKENAPP'),)
20:36:23 - ERR - post - (KeyError('HTTP_TOKENAPP'),)
20:36:25 - ERR - post - (KeyError('HTTP_TOKENAPP'),)
20:36:35 - ERR - post - (KeyError('HTTP_TOKENAPP'),)
20:36:40 - ERR - post - (KeyError('HTTP_TOKENAPP'),)
20:36:41 - ERR - post - (KeyError('HTTP_TOKENAPP'),)
20:36:54 - ERR - post - (KeyError('HTTP_TOKENAPP'),)
20:36:56 - ERR - post - (KeyError('HTTP_TOKENAPP'),)
20:36:59 - ERR - post - (KeyError('HTTP_TOKENAPP'),)
21:00:14 - ERR - post - (KeyError('HTTP_TOKENAPP'),)
21:00:22 - ERR - post - (KeyError('HTTP_TOKENAPP'),)
21:00:32 - ERR - post - (KeyError('HTTP_TOKENAPP'),)
21:00:32 - ERR - post - (KeyError('HTTP_TOKENAPP'),)
21:00:50 - ERR - post - (KeyError('HTTP_TOKENAPP'),)
21:04:56 - ERR - post - (KeyError('HTTP_TOKENAPP'),)
21:06:13 - ERR - TokenValidate - ('Signature has expired',)
21:06:22 - ERR - TokenValidate - ('Signature has expired',)
21:06:38 - ERR - TokenValidate - ('Signature has expired',)
21:06:40 - ERR - TokenValidate - ('Signature has expired',)
21:06:49 - ERR - TokenValidate - ('Signature has expired',)
21:06:53 - ERR - TokenValidate - ('Signature has expired',)
21:08:01 - ERR - post - (KeyError('HTTP_TOKENAPP'),)
21:08:01 - ERR - post - (KeyError('HTTP_TOKENAPP'),)
21:08:45 - ERR - post - (KeyError('HTTP_TOKENAPP'),)
21:08:56 - ERR - post - (KeyError('HTTP_TOKENAPP'),)
21:08:57 - ERR - post - (KeyError('HTTP_TOKENAPP'),)
21:09:34 - ERR - post - (KeyError('HTTP_TOKENAPP'),)
21:09:38 - ERR - post - (KeyError('HTTP_TOKENAPP'),)
21:10:16 - ERR - login - (TypeError("'NoneType' object is not subscriptable"),)
21:10:24 - ERR - TokenValidate - ('Signature has expired',)
21:10:32 - ERR - get - (KeyError('HTTP_TOKENAPP'),)
21:11:15 - ERR - TokenValidate - ('Signature has expired',)
21:11:19 - ERR - TokenValidate - ('Signature has expired',)
21:13:20 - ERR - TokenValidate - ('Signature has expired',)
21:13:53 - ERR - TokenValidate - ('Signature has expired',)
21:14:12 - ERR - TokenValidate - ('Signature has expired',)
21:15:38 - ERR - TokenValidate - ('Signature has expired',)
21:16:08 - ERR - TokenValidate - ('Signature has expired',)
21:16:30 - ERR - verify - ('Invalid hashed_password salt',)
21:16:39 - ERR - post - (KeyError('HTTP_TOKENAPP'),)
21:16:39 - ERR - post - (KeyError('HTTP_TOKENAPP'),)
21:17:31 - ERR - post - (KeyError('HTTP_TOKENAPP'),)
21:33:25 - ERR - post - (KeyError('HTTP_TOKENAPP'),)
21:33:25 - ERR - post - (KeyError('HTTP_TOKENAPP'),)
21:34:36 - ERR - post - (KeyError('HTTP_TOKENAPP'),)
21:34:36 - ERR - post - (KeyError('HTTP_TOKENAPP'),)
21:39:17 - ERR - post - (KeyError('HTTP_TOKENAPP'),)
21:39:17 - ERR - post - (KeyError('HTTP_TOKENAPP'),)
21:42:30 - ERR - post - (KeyError('HTTP_TOKENAPP'),)
21:42:30 - ERR - post - (KeyError('HTTP_TOKENAPP'),)
21:58:58 - ERR - post - ('Falta el user_id en el request',)
21:58:58 - ERR - post - ('Falta el user_id en el request',)
21:59:04 - ERR - login - (TypeError("'NoneType' object is not subscriptable"),)
21:59:14 - ERR - post - (KeyError('HTTP_TOKENAPP'),)
21:59:14 - ERR - post - (KeyError('HTTP_TOKENAPP'),)
21:59:22 - ERR - TokenValidate - ('Signature has expired',)
22:00:20 - ERR - post - (KeyError('HTTP_TOKENAPP'),)
22:01:46 - ERR - post - (KeyError('HTTP_TOKENAPP'),)
22:02:26 - ERR - ExecuteNonQuery - (UndefinedTable('no existe la relación «comentarios»\nLINE 1: INSERT INTO "comentarios" ("Id_publicacion", "Id_usuario", "...\n                    ^\n'),)
22:05:09 - ERR - ExecuteNonQuery - (UndefinedColumn('no existe la columna «Id_usuario» en la relación «comentario»\nLINE 1: INSERT INTO "comentario" ("Id_publicacion", "Id_usuario", "c...\n                                                    ^\n'),)
22:05:33 - ERR - post - (KeyError('HTTP_TOKENAPP'),)
22:05:37 - ERR - post - (KeyError('HTTP_TOKENAPP'),)
22:05:41 - ERR - TokenValidate - ('Signature has expired',)
22:05:43 - ERR - TokenValidate - ('Signature has expired',)
22:05:45 - ERR - TokenValidate - ('Signature has expired',)
22:05:49 - ERR - post - (KeyError('HTTP_TOKENAPP'),)
22:05:51 - ERR - post - (KeyError('HTTP_TOKENAPP'),)
22:05:53 - ERR - post - (KeyError('HTTP_TOKENAPP'),)
22:05:56 - ERR - TokenValidate - ('Signature has expired',)
22:06:20 - ERR - TokenValidate - ('Signature has expired',)
22:06:20 - ERR - TokenValidate - ('Signature has expired',)
22:06:38 - ERR - TokenValidate - ('Signature has expired',)
22:06:42 - ERR - post - (KeyError('HTTP_TOKENAPP'),)
22:06:45 - ERR - post - (KeyError('HTTP_TOKENAPP'),)
22:06:47 - ERR - TokenValidate - ('Signature has expired',)
22:06:49 - ERR - TokenValidate - ('Signature has expired',)
22:06:49 - ERR - TokenValidate - ('Signature has expired',)
22:06:57 - ERR - post - (KeyError('HTTP_TOKENAPP'),)
22:06:57 - ERR - post - (KeyError('HTTP_TOKENAPP'),)
22:08:18 - ERR - post - (KeyError('HTTP_TOKENAPP'),)
22:08:18 - ERR - post - (KeyError('HTTP_TOKENAPP'),)
22:11:25 - ERR - post - (KeyError('HTTP_TOKENAPP'),)
22:11:29 - ERR - ExecuteNonQuery - (SyntaxError('error de sintaxis en o cerca de «)»\nLINE 1: ...ario" ("Id_publicacion", "Id_user", "comentario", ) VALUES (...\n                                                             ^\n'),)
22:11:29 - ERR - post - (KeyError('HTTP_TOKENAPP'),)
22:11:29 - ERR - post - (KeyError('HTTP_TOKENAPP'),)
22:12:35 - ERR - post - (KeyError('HTTP_TOKENAPP'),)
22:12:45 - ERR - post - (KeyError('HTTP_TOKENAPP'),)
22:13:15 - ERR - ExecuteNonQuery - (IndexError('tuple index out of range'),)
22:16:03 - ERR - get - (KeyError('HTTP_TOKENAPP'),)
22:16:32 - ERR - get - (KeyError('HTTP_TOKENAPP'),)
22:16:44 - ERR - post - (KeyError('HTTP_TOKENAPP'),)
22:17:29 - ERR - get - (KeyError('HTTP_TOKENAPP'),)
22:17:45 - ERR - post - (KeyError('HTTP_TOKENAPP'),)
22:17:45 - ERR - post - (KeyError('HTTP_TOKENAPP'),)
22:18:20 - ERR - post - (KeyError('HTTP_TOKENAPP'),)
22:18:20 - ERR - post - (KeyError('HTTP_TOKENAPP'),)
22:22:09 - ERR - post - (KeyError('HTTP_TOKENAPP'),)
22:22:09 - ERR - post - (KeyError('HTTP_TOKENAPP'),)
22:22:15 - ERR - post - (KeyError('HTTP_TOKENAPP'),)
22:22:15 - ERR - post - (KeyError('HTTP_TOKENAPP'),)
22:22:20 - ERR - post - (KeyError('HTTP_TOKENAPP'),)
22:22:20 - ERR - post - (KeyError('HTTP_TOKENAPP'),)
22:22:27 - ERR - post - (KeyError('HTTP_TOKENAPP'),)
22:22:27 - ERR - post - (KeyError('HTTP_TOKENAPP'),)
22:22:49 - ERR - post - (KeyError('HTTP_TOKENAPP'),)
22:22:49 - ERR - post - (KeyError('HTTP_TOKENAPP'),)
22:22:53 - ERR - get_suggested_friends - (TypeError('list indices must be integers or slices, not str'),)
22:22:58 - ERR - post - (KeyError('HTTP_TOKENAPP'),)
22:22:58 - ERR - post - (KeyError('HTTP_TOKENAPP'),)
22:23:03 - ERR - post - (KeyError('HTTP_TOKENAPP'),)
22:23:03 - ERR - post - (KeyError('HTTP_TOKENAPP'),)
22:23:15 - ERR - get_suggested_friends - (TypeError('list indices must be integers or slices, not str'),)
22:25:11 - ERR - post - (KeyError('HTTP_TOKENAPP'),)
22:25:11 - ERR - post - (KeyError('HTTP_TOKENAPP'),)
22:25:14 - ERR - post - (KeyError('HTTP_TOKENAPP'),)
22:25:17 - ERR - post - (KeyError('HTTP_TOKENAPP'),)
22:25:19 - ERR - post - (KeyError('HTTP_TOKENAPP'),)
22:25:19 - ERR - post - (KeyError('HTTP_TOKENAPP'),)
22:25:24 - ERR - post - (KeyError('HTTP_TOKENAPP'),)
22:25:24 - ERR - post - (KeyError('HTTP_TOKENAPP'),)
22:26:09 - ERR - TokenValidate - ('Signature has expired',)
22:26:09 - ERR - post - (KeyError('HTTP_TOKENAPP'),)
22:26:09 - ERR - post - (KeyError('HTTP_TOKENAPP'),)
22:26:35 - ERR - TokenValidate - ('Signature has expired',)
22:26:46 - ERR - post - (KeyError('HTTP_TOKENAPP'),)
22:26:46 - ERR - post - (KeyError('HTTP_TOKENAPP'),)
22:27:08 - ERR - post - (KeyError('HTTP_TOKENAPP'),)
22:27:10 - ERR - post - (KeyError('HTTP_TOKENAPP'),)
22:27:10 - ERR - post - (KeyError('HTTP_TOKENAPP'),)
22:28:56 - ERR - post - (KeyError('HTTP_TOKENAPP'),)
22:28:56 - ERR - post - (KeyError('HTTP_TOKENAPP'),)
22:28:58 - ERR - post - (KeyError('HTTP_TOKENAPP'),)
22:28:58 - ERR - post - (KeyError('HTTP_TOKENAPP'),)
22:29:04 - ERR - post - (KeyError('HTTP_TOKENAPP'),)
22:29:05 - ERR - post - (KeyError('HTTP_TOKENAPP'),)
22:29:36 - ERR - post - ('Error al validar el request -> Campos faltantes: fecha_post',)
22:30:05 - ERR - post - ('Error al validar el request -> Campos faltantes: fecha_post',)
22:30:07 - ERR - post - ('Error al validar el request -> Campos faltantes: fecha_post',)
22:31:06 - ERR - TokenValidate - ('Signature has expired',)
22:42:31 - ERR - TokenValidate - ('Signature has expired',)
22:43:43 - ERR - TokenValidate - ('Signature has expired',)
22:44:04 - ERR - TokenValidate - ('Signature has expired',)
22:44:04 - ERR - TokenValidate - ('Signature has expired',)
22:44:16 - ERR - TokenValidate - ('Signature has expired',)
22:44:16 - ERR - TokenValidate - ('Signature has expired',)
22:50:20 - ERR - TokenValidate - ('Signature has expired',)
