00:00:19 - ERR - post - ('Error al validar el request -> Campos faltantes: photo',)
00:01:10 - ERR - post - ('Error al validar el request -> Campos faltantes: photo',)
00:02:00 - ERR - TokenValidate - ('Signature has expired',)
00:02:00 - ERR - TokenValidate - ('Signature has expired',)
00:09:07 - ERR - TokenValidate - ('Signature has expired',)
00:10:31 - ERR - getRecords - (UndefinedColumn('no existe la columna p.likes\nLINE 6:                 p."likes",\n                        ^\n'),)
00:13:35 - ERR - getRecords - (UndefinedColumn('no existe la columna l.Id_publicacion\nLINE 25:                 likes l ON p."Id_publicacion" = l."Id_public...\n                                                         ^\nHINT:  Probablemente quiera hacer referencia a la columna «p.Id_publicacion» o la columna «c.Id_publicacion».\n'),)
00:17:23 - ERR - login - (TypeError("'NoneType' object is not subscriptable"),)
00:18:47 - ERR - TokenValidate - ('Signature has expired',)
00:25:03 - ERR - login - (TypeError("'NoneType' object is not subscriptable"),)
00:25:50 - ERR - login - (TypeError("'NoneType' object is not subscriptable"),)
00:25:57 - ERR - login - (TypeError("'NoneType' object is not subscriptable"),)
00:26:04 - ERR - login - (TypeError("'NoneType' object is not subscriptable"),)
00:26:07 - ERR - login - (TypeError("'NoneType' object is not subscriptable"),)
00:26:12 - ERR - login - (TypeError("'NoneType' object is not subscriptable"),)
00:26:17 - ERR - login - (TypeError("'NoneType' object is not subscriptable"),)
00:32:33 - ERR - TokenValidate - ('Signature has expired',)
00:32:33 - ERR - TokenValidate - ('Signature has expired',)
00:34:04 - ERR - TokenValidate - ('Signature has expired',)
00:34:04 - ERR - TokenValidate - ('Signature has expired',)
00:37:10 - ERR - TokenValidate - ('Signature has expired',)
00:43:10 - ERR - TokenValidate - ('Signature has expired',)
00:43:10 - ERR - TokenValidate - ('Signature has expired',)
00:43:28 - ERR - TokenValidate - ('Signature has expired',)
00:43:28 - ERR - TokenValidate - ('Signature has expired',)
