00:20:44 - ERR - post - ('Falta el user_id en el request',)
00:20:44 - ERR - post - ('Falta el user_id en el request',)
00:20:49 - ERR - post - ('Falta el user_id en el request',)
00:21:23 - ERR - post - ('Falta el user_id en el request',)
00:21:23 - ERR - post - ('Falta el user_id en el request',)
00:22:24 - ERR - post - ('Falta el user_id en el request',)
00:22:24 - ERR - post - ('Falta el user_id en el request',)
00:22:29 - ERR - post - ('Falta el user_id en el request',)
00:22:29 - ERR - post - ('Falta el user_id en el request',)
00:22:41 - ERR - post - ('Falta el user_id en el request',)
00:22:41 - ERR - post - ('Falta el user_id en el request',)
00:25:09 - ERR - post - ('Falta el user_id en el request',)
00:25:09 - ERR - post - ('Falta el user_id en el request',)
00:25:13 - ERR - post - ('Falta el user_id en el request',)
00:25:13 - ERR - post - ('Falta el user_id en el request',)
00:31:47 - ERR - post - ('Falta el user_id en el request',)
00:31:47 - ERR - post - ('Falta el user_id en el request',)
00:32:36 - ERR - TokenValidate - ('Signature has expired',)
00:39:50 - ERR - post - ('Falta el user_id en el request',)
00:39:50 - ERR - post - ('Falta el user_id en el request',)
00:39:52 - ERR - post - ('Falta el user_id en el request',)
00:39:52 - ERR - post - ('Falta el user_id en el request',)
00:41:04 - ERR - post - ('Falta el user_id en el request',)
00:41:04 - ERR - post - ('Falta el user_id en el request',)
00:41:38 - ERR - post - ('Falta el user_id en el request',)
00:41:38 - ERR - post - ('Falta el user_id en el request',)
00:42:10 - ERR - post - ('Falta el user_id en el request',)
00:42:10 - ERR - post - ('Falta el user_id en el request',)
00:42:49 - ERR - post - ('Falta el user_id en el request',)
00:42:49 - ERR - post - ('Falta el user_id en el request',)
00:46:59 - ERR - TokenValidate - ('Signature has expired',)
00:47:01 - ERR - TokenValidate - ('Signature has expired',)
00:47:09 - ERR - TokenValidate - ('Signature has expired',)
00:47:10 - ERR - TokenValidate - ('Signature has expired',)
00:47:12 - ERR - TokenValidate - ('Signature has expired',)
00:47:12 - ERR - TokenValidate - ('Signature has expired',)
00:47:13 - ERR - TokenValidate - ('Signature has expired',)
00:47:13 - ERR - TokenValidate - ('Signature has expired',)
00:50:30 - ERR - TokenValidate - ('Signature has expired',)
00:53:47 - ERR - TokenValidate - ('Signature has expired',)
01:04:48 - ERR - TokenValidate - ('Signature has expired',)
01:09:02 - ERR - login - (TypeError("'NoneType' object is not subscriptable"),)
01:09:06 - ERR - login - (TypeError("'NoneType' object is not subscriptable"),)
01:09:11 - ERR - login - (TypeError("'NoneType' object is not subscriptable"),)
01:17:37 - ERR - post - (KeyError('HTTP_TOKENAPP'),)
01:17:37 - ERR - post - (KeyError('HTTP_TOKENAPP'),)
01:17:39 - ERR - post - (KeyError('HTTP_TOKENAPP'),)
01:17:39 - ERR - post - (KeyError('HTTP_TOKENAPP'),)
01:17:40 - ERR - post - (KeyError('HTTP_TOKENAPP'),)
01:17:40 - ERR - post - (KeyError('HTTP_TOKENAPP'),)
01:17:40 - ERR - post - (KeyError('HTTP_TOKENAPP'),)
01:17:53 - ERR - post - (KeyError('HTTP_TOKENAPP'),)
01:17:55 - ERR - post - (KeyError('HTTP_TOKENAPP'),)
01:17:55 - ERR - post - (KeyError('HTTP_TOKENAPP'),)
01:17:56 - ERR - post - (KeyError('HTTP_TOKENAPP'),)
01:17:56 - ERR - post - (KeyError('HTTP_TOKENAPP'),)
01:17:57 - ERR - post - (KeyError('HTTP_TOKENAPP'),)
01:17:57 - ERR - post - (KeyError('HTTP_TOKENAPP'),)
01:17:58 - ERR - post - (KeyError('HTTP_TOKENAPP'),)
01:17:58 - ERR - post - (KeyError('HTTP_TOKENAPP'),)
01:17:59 - ERR - post - (KeyError('HTTP_TOKENAPP'),)
01:26:00 - ERR - TokenValidate - ('Signature has expired',)
01:35:58 - ERR - TokenValidate - ('Signature has expired',)
01:51:49 - ERR - getRecords - (ProgrammingError("can't adapt type 'dict'"),)
01:51:49 - ERR - getRecords - (ProgrammingError("can't adapt type 'dict'"),)
01:51:53 - ERR - getRecords - (ProgrammingError("can't adapt type 'dict'"),)
01:51:53 - ERR - getRecords - (ProgrammingError("can't adapt type 'dict'"),)
01:54:24 - ERR - getRecords - (ProgrammingError("can't adapt type 'dict'"),)
01:54:26 - ERR - getRecords - (ProgrammingError("can't adapt type 'dict'"),)
01:54:26 - ERR - getRecords - (ProgrammingError("can't adapt type 'dict'"),)
02:09:47 - ERR - TokenValidate - ('Signature has expired',)
02:09:51 - ERR - TokenValidate - ('Signature has expired',)
02:09:53 - ERR - TokenValidate - ('Signature has expired',)
02:09:56 - ERR - TokenValidate - ('Signature has expired',)
02:09:59 - ERR - TokenValidate - ('Signature has expired',)
02:10:08 - ERR - TokenValidate - ('Signature has expired',)
02:10:25 - ERR - TokenValidate - ('Signature has expired',)
02:10:35 - ERR - TokenValidate - ('Signature has expired',)
02:10:35 - ERR - TokenValidate - ('Signature has expired',)
02:10:35 - ERR - TokenValidate - ('Signature has expired',)
02:10:35 - ERR - TokenValidate - ('Signature has expired',)
02:11:23 - ERR - TokenValidate - ('Signature has expired',)
02:12:13 - ERR - TokenValidate - ('Signature has expired',)
02:12:13 - ERR - TokenValidate - ('Signature has expired',)
02:12:32 - ERR - TokenValidate - ('Signature has expired',)
02:12:32 - ERR - TokenValidate - ('Signature has expired',)
02:12:33 - ERR - TokenValidate - ('Signature has expired',)
02:12:33 - ERR - TokenValidate - ('Signature has expired',)
02:12:33 - ERR - TokenValidate - ('Signature has expired',)
02:12:33 - ERR - TokenValidate - ('Signature has expired',)
02:12:34 - ERR - TokenValidate - ('Signature has expired',)
02:12:34 - ERR - TokenValidate - ('Signature has expired',)
02:12:34 - ERR - TokenValidate - ('Signature has expired',)
02:12:34 - ERR - TokenValidate - ('Signature has expired',)
02:12:34 - ERR - TokenValidate - ('Signature has expired',)
02:12:34 - ERR - TokenValidate - ('Signature has expired',)
02:12:34 - ERR - TokenValidate - ('Signature has expired',)
02:12:34 - ERR - TokenValidate - ('Signature has expired',)
02:12:34 - ERR - TokenValidate - ('Signature has expired',)
02:12:34 - ERR - TokenValidate - ('Signature has expired',)
02:12:45 - ERR - delete - (<UnsupportedMediaType '415: Unsupported Media Type'>,)
02:13:22 - ERR - TokenValidate - ('Signature has expired',)
02:13:22 - ERR - TokenValidate - ('Signature has expired',)
02:14:13 - ERR - TokenValidate - ('Signature has expired',)
02:14:14 - ERR - TokenValidate - ('Signature has expired',)
02:16:13 - ERR - TokenValidate - ('Signature has expired',)
02:18:56 - ERR - TokenValidate - ('Signature has expired',)
02:18:56 - ERR - TokenValidate - ('Signature has expired',)
02:19:01 - ERR - TokenValidate - ('Signature has expired',)
02:19:01 - ERR - TokenValidate - ('Signature has expired',)
02:20:37 - ERR - TokenValidate - ('Signature has expired',)
02:20:37 - ERR - TokenValidate - ('Signature has expired',)
02:21:31 - ERR - TokenValidate - ('Signature has expired',)
13:22:53 - ERR - TokenValidate - ('Signature has expired',)
13:52:17 - ERR - TokenValidate - ('Signature has expired',)
14:12:51 - ERR - TokenValidate - ('Signature has expired',)
14:12:54 - ERR - TokenValidate - ('Signature has expired',)
14:12:54 - ERR - TokenValidate - ('Signature has expired',)
14:13:08 - ERR - TokenValidate - ('Signature has expired',)
14:13:08 - ERR - TokenValidate - ('Signature has expired',)
14:13:16 - ERR - TokenValidate - ('Signature has expired',)
14:13:16 - ERR - TokenValidate - ('Signature has expired',)
14:13:18 - ERR - TokenValidate - ('Signature has expired',)
14:13:18 - ERR - TokenValidate - ('Signature has expired',)
14:13:20 - ERR - TokenValidate - ('Signature has expired',)
14:13:20 - ERR - TokenValidate - ('Signature has expired',)
14:13:21 - ERR - TokenValidate - ('Signature has expired',)
14:13:21 - ERR - TokenValidate - ('Signature has expired',)
14:13:41 - ERR - TokenValidate - ('Signature has expired',)
14:13:41 - ERR - TokenValidate - ('Signature has expired',)
14:13:43 - ERR - TokenValidate - ('Signature has expired',)
14:13:43 - ERR - TokenValidate - ('Signature has expired',)
14:13:43 - ERR - TokenValidate - ('Signature has expired',)
14:13:43 - ERR - TokenValidate - ('Signature has expired',)
14:30:43 - ERR - getRecords - (ProgrammingError("can't adapt type 'dict'"),)
15:52:35 - ERR - TokenValidate - ('Signature has expired',)
15:52:39 - ERR - TokenValidate - ('Signature has expired',)
15:52:39 - ERR - TokenValidate - ('Signature has expired',)
15:52:45 - ERR - TokenValidate - ('Signature has expired',)
15:52:45 - ERR - TokenValidate - ('Signature has expired',)
15:52:45 - ERR - TokenValidate - ('Signature has expired',)
16:30:04 - ERR - ExecuteNonQuery - (ForeignKeyViolation('inserción o actualización en la tabla «amigos» viola la llave foránea «FK_amigos_Id_amigo»\nDETAIL:  La llave (Id_amigo)=(5) no está presente en la tabla «user».\n'),)
16:46:41 - ERR - post - ('Error al validar el request -> Id_user es requerido',)
16:55:10 - ERR - TokenValidate - ('Signature has expired',)
16:55:12 - ERR - TokenValidate - ('Signature has expired',)
16:55:12 - ERR - TokenValidate - ('Signature has expired',)
16:55:12 - ERR - TokenValidate - ('Signature has expired',)
16:55:13 - ERR - TokenValidate - ('Signature has expired',)
16:55:36 - ERR - TokenValidate - ('Signature has expired',)
16:55:38 - ERR - TokenValidate - ('Signature has expired',)
16:55:38 - ERR - TokenValidate - ('Signature has expired',)
16:55:39 - ERR - TokenValidate - ('Signature has expired',)
16:55:39 - ERR - TokenValidate - ('Signature has expired',)
17:04:43 - ERR - TokenValidate - ('Signature has expired',)
17:05:07 - ERR - TokenValidate - ('Signature has expired',)
17:06:17 - ERR - getRecords - (IndexError('tuple index out of range'),)
17:06:22 - ERR - getRecords - (IndexError('tuple index out of range'),)
17:57:53 - ERR - TokenValidate - ('Signature has expired',)
17:57:54 - ERR - TokenValidate - ('Signature has expired',)
17:58:18 - ERR - TokenValidate - ('Signature has expired',)
17:58:18 - ERR - TokenValidate - ('Signature has expired',)
20:37:36 - ERR - TokenValidate - ('Signature has expired',)
20:37:36 - ERR - TokenValidate - ('Signature has expired',)
20:37:37 - ERR - TokenValidate - ('Signature has expired',)
20:37:37 - ERR - TokenValidate - ('Signature has expired',)
20:37:41 - ERR - TokenValidate - ('Signature has expired',)
20:37:41 - ERR - TokenValidate - ('Signature has expired',)
