09:56:11 - ERR - post - ("Error al validar el request -> {'login_user': ['Missing data for required field.'], 'login_password': ['Missing data for required field.'], 'user_login_id': ['Unknown field.'], 'user_password': ['Unknown field.']}",)
09:59:09 - ERR - post - ("Error al validar el request -> {'login_user': ['Missing data for required field.'], 'login_password': ['Missing data for required field.'], 'password': ['Unknown field.'], 'username': ['Unknown field.']}",)
09:59:35 - ERR - post - (AttributeError("type object 'LoginComponent' has no attribute 'Login'"),)
10:01:38 - ERR - post - (AttributeError("type object 'LoginComponent' has no attribute 'Login'"),)
10:01:49 - ERR - post - ("Error al validar el request -> {'login_user': ['Missing data for required field.'], 'login_password': ['Missing data for required field.'], 'username': ['Unknown field.'], 'password': ['Unknown field.']}",)
10:01:54 - ERR - post - (AttributeError("type object 'LoginComponent' has no attribute 'Login'"),)
10:03:26 - ERR - post - (AttributeError("type object 'LoginComponent' has no attribute 'Login'"),)
10:05:01 - ERR - post - (AttributeError("type object 'LoginComponent' has no attribute 'Login'"),)
10:05:23 - ERR - post - ("Error al validar el request -> {'login_user': ['Missing data for required field.'], 'login_password': ['Missing data for required field.'], 'p': ['Unknown field.']}",)
10:05:34 - ERR - post - (AttributeError("type object 'LoginComponent' has no attribute 'Login'"),)
10:05:42 - ERR - post - (AttributeError("type object 'LoginComponent' has no attribute 'Login'"),)
10:23:41 - ERR - login - (KeyError(0),)
10:24:33 - ERR - login - (KeyError(0),)
10:27:37 - ERR - login - (KeyError(0),)
10:29:25 - ERR - login - (KeyError(0),)
10:31:23 - ERR - login - (KeyError(0),)
10:31:33 - ERR - login - (KeyError(0),)
11:05:11 - ERR - getRecords - (TypeError('not all arguments converted during string formatting'),)
11:17:23 - ERR - login - (TypeError("string indices must be integers, not 'str'"),)
11:17:43 - ERR - login - (TypeError("string indices must be integers, not 'str'"),)
11:18:25 - ERR - login - (TypeError("string indices must be integers, not 'str'"),)
11:21:36 - ERR - login - (TypeError("string indices must be integers, not 'str'"),)
11:23:00 - ERR - post - (KeyError('rols'),)
11:25:16 - ERR - login - (TypeError("string indices must be integers, not 'str'"),)
11:26:07 - ERR - login - (TypeError("string indices must be integers, not 'str'"),)
11:31:26 - ERR - getRecords - (SyntaxError('syntax error at or near "*"\nLINE 12: ...                      JOIN segu_menu me ON mr.mr_menu_id = *\n                                                                       ^\n'),)
11:41:31 - ERR - login - (KeyError('user_locked'),)
11:43:11 - ERR - login - (KeyError('user_locked'),)
11:43:55 - ERR - login - (KeyError('user_locked'),)
11:55:10 - ERR - login - (KeyError('user_locked'),)
11:55:31 - ERR - login - (KeyError('user_locked'),)
11:56:26 - ERR - login - (KeyError('a'),)
12:03:01 - ERR - login - (TypeError("'bool' object is not iterable"),)
12:03:41 - ERR - login - (TypeError("'bool' object is not iterable"),)
12:13:29 - ERR - login - (KeyError('modules'),)
12:13:57 - ERR - login - (KeyError('users'),)
12:14:06 - ERR - login - (KeyError('modules'),)
12:14:34 - ERR - login - (KeyError('modules'),)
12:14:50 - ERR - login - (KeyError('menu'),)
12:15:10 - ERR - login - (KeyError('menu '),)
14:14:48 - ERR - login - (TypeError("DataBaseHandle.getRecords() missing 1 required positional argument: 'tamanio'"),)
14:31:13 - ERR - login - (IndexError('list index out of range'),)
14:59:14 - ERR - login - (KeyError('user_locked'),)
14:59:29 - ERR - login - (KeyError('user_locked'),)
14:59:43 - ERR - login - (KeyError('user_locked'),)
15:00:12 - ERR - login - (KeyError('user_locked'),)
15:01:22 - ERR - getRecords - (SyntaxError('syntax error at or near "."\nLINE 4:                         r.rol_id, r.rol_name, r.rol_descript...\n                                 ^\n'),)
15:01:22 - ERR - login - (TypeError('can only concatenate str (not "NoneType") to str'),)
16:24:59 - ERR - login - (KeyError('menu'),)
16:26:44 - ERR - login - (AttributeError("'list' object has no attribute 'data'"),)
16:49:58 - ERR - login - (KeyError(0),)
16:50:21 - ERR - login - (TypeError('list indices must be integers or slices, not str'),)
17:25:21 - ERR - login - (KeyError('mod_id'),)
