13:37:57 - INF - <module> - ('Servicio Iniciado',)
13:37:57 - INF - <module> - ('Servicio Iniciado',)
13:48:55 - INF - <module> - ('Servicio Finalizado',)
13:48:55 - INF - <module> - ('Servicio Iniciado',)
13:49:09 - INF - post - ('Ejecutando servicio de Login',)
13:49:11 - INF - post - ('Ejecutando servicio para obtener publicaciones de amigos',)
13:49:11 - INF - post - ('Ejecutando servicio para obtener publicaciones de amigos',)
13:49:13 - INF - post - ('Ejecutando servicio de agregar like',)
13:49:14 - INF - delete - ('Ejecutando servicio de remover like',)
13:51:04 - INF - get - ('Ejecutando servicio de Listar Usuario',)
13:51:06 - INF - get - ('Ejecutando servicio de Listar Usuario',)
13:51:06 - INF - post - ('Ejecutando servicio de Obtener Usuario por ID: 19',)
13:51:06 - INF - post - ('Ejecutando servicio de Obtener Usuario por ID: 19',)
13:51:06 - INF - post - ('Ejecutando servicio de Obtener Usuario por ID: 18',)
13:51:06 - INF - post - ('Ejecutando servicio de Obtener Usuario por ID: 18',)
13:51:07 - INF - post - ('Ejecutando servicio para obtener publicaciones del usuario',)
13:51:07 - INF - post - ('Ejecutando servicio para obtener publicaciones del usuario',)
13:51:07 - INF - post - ('Ejecutando servicio de obtener amigos del usuario',)
13:51:07 - INF - post - ('Ejecutando servicio de obtener amigos del usuario',)
13:51:09 - INF - post - ('Ejecutando servicio de obtener amigos del usuario',)
13:51:09 - INF - post - ('Ejecutando servicio de obtener amigos del usuario',)
13:51:10 - INF - delete - ('Ejecutando servicio de eliminar amigo',)
13:51:11 - INF - post - ('Ejecutando servicio de agregar amigo',)
13:51:12 - INF - post - ('Ejecutando servicio de obtener amigos del usuario',)
13:51:12 - INF - post - ('Ejecutando servicio de obtener amigos del usuario',)
13:51:16 - INF - get - ('Ejecutando servicio de Listar Usuario',)
13:51:18 - INF - post - ('Ejecutando servicio para obtener publicaciones de amigos',)
13:51:18 - INF - post - ('Ejecutando servicio para obtener publicaciones de amigos',)
13:51:18 - INF - get - ('Ejecutando servicio de Listar Usuario',)
13:51:19 - INF - post - ('Ejecutando servicio de Obtener Usuario por ID: 19',)
13:51:19 - INF - post - ('Ejecutando servicio de Obtener Usuario por ID: 19',)
13:51:19 - INF - post - ('Ejecutando servicio de Obtener Usuario por ID: 18',)
13:51:19 - INF - post - ('Ejecutando servicio de Obtener Usuario por ID: 18',)
13:51:19 - INF - post - ('Ejecutando servicio para obtener publicaciones del usuario',)
13:51:19 - INF - post - ('Ejecutando servicio para obtener publicaciones del usuario',)
13:51:20 - INF - post - ('Ejecutando servicio de obtener amigos del usuario',)
13:51:20 - INF - post - ('Ejecutando servicio de obtener amigos del usuario',)
13:51:49 - INF - post - ('Ejecutando servicio de obtener amigos del usuario',)
13:51:49 - INF - post - ('Ejecutando servicio de obtener amigos del usuario',)
13:51:50 - INF - post - ('Ejecutando servicio de Obtener Usuario por ID: 19',)
13:51:50 - INF - post - ('Ejecutando servicio de Obtener Usuario por ID: 19',)
13:51:50 - INF - post - ('Ejecutando servicio de Obtener Usuario por ID: 18',)
13:51:50 - INF - post - ('Ejecutando servicio de Obtener Usuario por ID: 18',)
13:51:50 - INF - post - ('Ejecutando servicio para obtener publicaciones del usuario',)
13:51:50 - INF - post - ('Ejecutando servicio para obtener publicaciones del usuario',)
13:51:52 - INF - post - ('Ejecutando servicio de obtener amigos del usuario',)
13:51:52 - INF - post - ('Ejecutando servicio de obtener amigos del usuario',)
13:51:55 - INF - post - ('Ejecutando servicio de obtener amigos del usuario',)
13:51:55 - INF - post - ('Ejecutando servicio de obtener amigos del usuario',)
13:51:56 - INF - post - ('Ejecutando servicio para obtener publicaciones del usuario',)
13:51:56 - INF - post - ('Ejecutando servicio para obtener publicaciones del usuario',)
13:51:58 - INF - post - ('Ejecutando servicio de obtener amigos del usuario',)
13:51:58 - INF - post - ('Ejecutando servicio de obtener amigos del usuario',)
13:51:58 - INF - post - ('Ejecutando servicio de agregar amigo',)
13:52:01 - INF - post - ('Ejecutando servicio de obtener amigos del usuario',)
13:52:01 - INF - post - ('Ejecutando servicio de obtener amigos del usuario',)
13:52:02 - INF - delete - ('Ejecutando servicio de eliminar amigo',)
13:52:03 - INF - post - ('Ejecutando servicio de agregar amigo',)
13:52:05 - INF - post - ('Ejecutando servicio de obtener amigos del usuario',)
13:52:05 - INF - post - ('Ejecutando servicio de obtener amigos del usuario',)
13:52:06 - INF - post - ('Ejecutando servicio de agregar amigo',)
13:52:07 - INF - post - ('Ejecutando servicio de agregar amigo',)
13:52:08 - INF - post - ('Ejecutando servicio para obtener publicaciones de amigos',)
13:52:08 - INF - post - ('Ejecutando servicio para obtener publicaciones de amigos',)
13:52:09 - INF - get - ('Ejecutando servicio de Listar Usuario',)
13:52:10 - INF - post - ('Ejecutando servicio de Obtener Usuario por ID: 19',)
13:52:10 - INF - post - ('Ejecutando servicio de Obtener Usuario por ID: 19',)
13:52:10 - INF - post - ('Ejecutando servicio de Obtener Usuario por ID: 18',)
13:52:10 - INF - post - ('Ejecutando servicio de Obtener Usuario por ID: 18',)
13:52:10 - INF - post - ('Ejecutando servicio para obtener publicaciones del usuario',)
13:52:10 - INF - post - ('Ejecutando servicio para obtener publicaciones del usuario',)
13:52:12 - INF - post - ('Ejecutando servicio de obtener amigos del usuario',)
13:52:12 - INF - post - ('Ejecutando servicio de obtener amigos del usuario',)
13:53:16 - INF - post - ('Ejecutando servicio de Obtener Usuario por ID: 19',)
13:53:16 - INF - post - ('Ejecutando servicio de Obtener Usuario por ID: 18',)
13:53:16 - INF - post - ('Ejecutando servicio de obtener amigos del usuario',)
13:53:16 - INF - post - ('Ejecutando servicio de obtener amigos del usuario',)
13:53:19 - INF - post - ('Ejecutando servicio de obtener amigos del usuario',)
13:53:19 - INF - post - ('Ejecutando servicio de obtener amigos del usuario',)
13:53:20 - INF - post - ('Ejecutando servicio de agregar amigo',)
13:53:22 - INF - post - ('Ejecutando servicio de obtener amigos del usuario',)
13:53:22 - INF - post - ('Ejecutando servicio de obtener amigos del usuario',)
13:53:23 - INF - delete - ('Ejecutando servicio de eliminar amigo',)
13:53:24 - INF - delete - ('Ejecutando servicio de eliminar amigo',)
13:53:25 - INF - delete - ('Ejecutando servicio de eliminar amigo',)
13:53:26 - INF - post - ('Ejecutando servicio de agregar amigo',)
13:53:34 - INF - get - ('Ejecutando servicio de Listar Usuario',)
13:53:37 - INF - post - ('Ejecutando servicio de obtener amigos del usuario',)
13:53:37 - INF - post - ('Ejecutando servicio de obtener amigos del usuario',)
13:53:38 - INF - get - ('Ejecutando servicio de Listar Usuario',)
13:57:33 - INF - post - ('Ejecutando servicio para obtener publicaciones del usuario',)
13:57:33 - INF - post - ('Ejecutando servicio para obtener publicaciones del usuario',)
13:57:38 - INF - post - ('Ejecutando servicio de obtener amigos del usuario',)
13:57:38 - INF - post - ('Ejecutando servicio de obtener amigos del usuario',)
13:57:52 - INF - post - ('Ejecutando servicio de obtener amigos del usuario',)
13:57:52 - INF - post - ('Ejecutando servicio de obtener amigos del usuario',)
13:57:52 - INF - delete - ('Ejecutando servicio de eliminar amigo',)
13:57:53 - INF - post - ('Ejecutando servicio de agregar amigo',)
13:57:54 - INF - delete - ('Ejecutando servicio de eliminar amigo',)
13:57:54 - INF - delete - ('Ejecutando servicio de eliminar amigo',)
13:57:56 - INF - get - ('Ejecutando servicio de Listar Usuario',)
13:57:56 - INF - post - ('Ejecutando servicio para obtener publicaciones de amigos',)
13:57:56 - INF - post - ('Ejecutando servicio para obtener publicaciones de amigos',)
13:57:57 - INF - get - ('Ejecutando servicio de Listar Usuario',)
13:57:57 - INF - post - ('Ejecutando servicio de Obtener Usuario por ID: 19',)
13:57:57 - INF - post - ('Ejecutando servicio de Obtener Usuario por ID: 19',)
13:57:57 - INF - post - ('Ejecutando servicio de Obtener Usuario por ID: 18',)
13:57:57 - INF - post - ('Ejecutando servicio de Obtener Usuario por ID: 18',)
13:57:57 - INF - post - ('Ejecutando servicio para obtener publicaciones del usuario',)
13:57:57 - INF - post - ('Ejecutando servicio para obtener publicaciones del usuario',)
13:57:58 - INF - post - ('Ejecutando servicio de obtener amigos del usuario',)
13:57:58 - INF - post - ('Ejecutando servicio de obtener amigos del usuario',)
13:59:19 - INF - post - ('Ejecutando servicio de Obtener Usuario por ID: 19',)
13:59:19 - INF - post - ('Ejecutando servicio de Obtener Usuario por ID: 19',)
13:59:19 - INF - post - ('Ejecutando servicio de Obtener Usuario por ID: 18',)
13:59:19 - INF - post - ('Ejecutando servicio de Obtener Usuario por ID: 18',)
13:59:20 - INF - post - ('Ejecutando servicio para obtener publicaciones del usuario',)
13:59:20 - INF - post - ('Ejecutando servicio para obtener publicaciones del usuario',)
13:59:21 - INF - post - ('Ejecutando servicio de obtener amigos del usuario',)
13:59:21 - INF - post - ('Ejecutando servicio de obtener amigos del usuario',)
13:59:22 - INF - post - ('Ejecutando servicio de obtener amigos del usuario',)
13:59:22 - INF - post - ('Ejecutando servicio de obtener amigos del usuario',)
13:59:22 - INF - post - ('Ejecutando servicio de agregar amigo',)
13:59:23 - INF - delete - ('Ejecutando servicio de eliminar amigo',)
13:59:24 - INF - post - ('Ejecutando servicio de obtener amigos del usuario',)
13:59:24 - INF - post - ('Ejecutando servicio de obtener amigos del usuario',)
13:59:25 - INF - post - ('Ejecutando servicio de obtener amigos del usuario',)
13:59:25 - INF - post - ('Ejecutando servicio de obtener amigos del usuario',)
13:59:26 - INF - delete - ('Ejecutando servicio de eliminar amigo',)
13:59:27 - INF - post - ('Ejecutando servicio de agregar amigo',)
13:59:27 - INF - post - ('Ejecutando servicio de agregar amigo',)
13:59:28 - INF - post - ('Ejecutando servicio de agregar amigo',)
13:59:30 - INF - post - ('Ejecutando servicio para obtener publicaciones de amigos',)
13:59:30 - INF - post - ('Ejecutando servicio para obtener publicaciones de amigos',)
13:59:31 - INF - get - ('Ejecutando servicio de Listar Usuario',)
13:59:31 - INF - post - ('Ejecutando servicio de Obtener Usuario por ID: 19',)
13:59:31 - INF - post - ('Ejecutando servicio de Obtener Usuario por ID: 19',)
13:59:31 - INF - post - ('Ejecutando servicio de Obtener Usuario por ID: 18',)
13:59:31 - INF - post - ('Ejecutando servicio de Obtener Usuario por ID: 18',)
13:59:32 - INF - post - ('Ejecutando servicio para obtener publicaciones del usuario',)
13:59:32 - INF - post - ('Ejecutando servicio para obtener publicaciones del usuario',)
13:59:32 - INF - post - ('Ejecutando servicio de obtener amigos del usuario',)
13:59:32 - INF - post - ('Ejecutando servicio de obtener amigos del usuario',)
13:59:32 - INF - post - ('Ejecutando servicio de obtener amigos del usuario',)
13:59:32 - INF - post - ('Ejecutando servicio de obtener amigos del usuario',)
13:59:33 - INF - delete - ('Ejecutando servicio de eliminar amigo',)
13:59:33 - INF - post - ('Ejecutando servicio de agregar amigo',)
13:59:34 - INF - delete - ('Ejecutando servicio de eliminar amigo',)
13:59:34 - INF - delete - ('Ejecutando servicio de eliminar amigo',)
13:59:36 - INF - post - ('Ejecutando servicio de agregar amigo',)
13:59:37 - INF - post - ('Ejecutando servicio de agregar amigo',)
13:59:37 - INF - delete - ('Ejecutando servicio de eliminar amigo',)
13:59:38 - INF - post - ('Ejecutando servicio de agregar amigo',)
13:59:38 - INF - post - ('Ejecutando servicio de agregar amigo',)
13:59:39 - INF - post - ('Ejecutando servicio para obtener publicaciones de amigos',)
13:59:39 - INF - post - ('Ejecutando servicio para obtener publicaciones de amigos',)
13:59:42 - INF - get - ('Ejecutando servicio de Listar Usuario',)
13:59:42 - INF - post - ('Ejecutando servicio de Obtener Usuario por ID: 19',)
13:59:42 - INF - post - ('Ejecutando servicio de Obtener Usuario por ID: 19',)
13:59:42 - INF - post - ('Ejecutando servicio de Obtener Usuario por ID: 18',)
13:59:42 - INF - post - ('Ejecutando servicio de Obtener Usuario por ID: 18',)
13:59:43 - INF - post - ('Ejecutando servicio para obtener publicaciones del usuario',)
13:59:43 - INF - post - ('Ejecutando servicio para obtener publicaciones del usuario',)
13:59:43 - INF - post - ('Ejecutando servicio de obtener amigos del usuario',)
13:59:43 - INF - post - ('Ejecutando servicio de obtener amigos del usuario',)
13:59:44 - INF - post - ('Ejecutando servicio de obtener amigos del usuario',)
13:59:44 - INF - post - ('Ejecutando servicio de obtener amigos del usuario',)
13:59:45 - INF - delete - ('Ejecutando servicio de eliminar amigo',)
13:59:45 - INF - delete - ('Ejecutando servicio de eliminar amigo',)
13:59:46 - INF - post - ('Ejecutando servicio de agregar amigo',)
13:59:46 - INF - delete - ('Ejecutando servicio de eliminar amigo',)
13:59:48 - INF - post - ('Ejecutando servicio para obtener publicaciones de amigos',)
13:59:48 - INF - post - ('Ejecutando servicio para obtener publicaciones de amigos',)
13:59:49 - INF - get - ('Ejecutando servicio de Listar Usuario',)
13:59:49 - INF - post - ('Ejecutando servicio de Obtener Usuario por ID: 19',)
13:59:49 - INF - post - ('Ejecutando servicio de Obtener Usuario por ID: 19',)
13:59:50 - INF - post - ('Ejecutando servicio de Obtener Usuario por ID: 18',)
13:59:50 - INF - post - ('Ejecutando servicio de Obtener Usuario por ID: 18',)
13:59:50 - INF - post - ('Ejecutando servicio para obtener publicaciones del usuario',)
13:59:50 - INF - post - ('Ejecutando servicio para obtener publicaciones del usuario',)
13:59:50 - INF - post - ('Ejecutando servicio de obtener amigos del usuario',)
13:59:50 - INF - post - ('Ejecutando servicio de obtener amigos del usuario',)
13:59:51 - INF - post - ('Ejecutando servicio de obtener amigos del usuario',)
13:59:51 - INF - post - ('Ejecutando servicio de obtener amigos del usuario',)
13:59:51 - INF - post - ('Ejecutando servicio de agregar amigo',)
13:59:52 - INF - post - ('Ejecutando servicio de agregar amigo',)
13:59:53 - INF - post - ('Ejecutando servicio de agregar amigo',)
13:59:54 - INF - post - ('Ejecutando servicio para obtener publicaciones de amigos',)
13:59:54 - INF - post - ('Ejecutando servicio para obtener publicaciones de amigos',)
14:00:03 - INF - get - ('Ejecutando servicio de Listar Usuario',)
14:00:03 - INF - post - ('Ejecutando servicio de Obtener Usuario por ID: 19',)
14:00:03 - INF - post - ('Ejecutando servicio de Obtener Usuario por ID: 19',)
14:00:04 - INF - post - ('Ejecutando servicio de Obtener Usuario por ID: 18',)
14:00:04 - INF - post - ('Ejecutando servicio de Obtener Usuario por ID: 18',)
14:00:04 - INF - post - ('Ejecutando servicio para obtener publicaciones del usuario',)
14:00:04 - INF - post - ('Ejecutando servicio para obtener publicaciones del usuario',)
14:00:04 - INF - post - ('Ejecutando servicio de obtener amigos del usuario',)
14:00:04 - INF - post - ('Ejecutando servicio de obtener amigos del usuario',)
14:00:05 - INF - delete - ('Ejecutando servicio de eliminar amigo',)
14:00:06 - INF - delete - ('Ejecutando servicio de eliminar amigo',)
14:00:06 - INF - delete - ('Ejecutando servicio de eliminar amigo',)
14:00:07 - INF - delete - ('Ejecutando servicio de eliminar amigo',)
14:00:07 - INF - post - ('Ejecutando servicio de agregar amigo',)
14:00:08 - INF - post - ('Ejecutando servicio de agregar amigo',)
14:00:08 - INF - post - ('Ejecutando servicio de agregar amigo',)
14:00:09 - INF - post - ('Ejecutando servicio de agregar amigo',)
14:00:10 - INF - delete - ('Ejecutando servicio de eliminar amigo',)
14:00:10 - INF - delete - ('Ejecutando servicio de eliminar amigo',)
14:00:10 - INF - delete - ('Ejecutando servicio de eliminar amigo',)
14:00:11 - INF - delete - ('Ejecutando servicio de eliminar amigo',)
14:00:12 - INF - post - ('Ejecutando servicio para obtener publicaciones de amigos',)
14:00:12 - INF - post - ('Ejecutando servicio para obtener publicaciones de amigos',)
14:00:13 - INF - get - ('Ejecutando servicio de Listar Usuario',)
14:00:13 - INF - post - ('Ejecutando servicio de Obtener Usuario por ID: 19',)
14:00:13 - INF - post - ('Ejecutando servicio de Obtener Usuario por ID: 19',)
14:00:13 - INF - post - ('Ejecutando servicio de Obtener Usuario por ID: 18',)
14:00:13 - INF - post - ('Ejecutando servicio de Obtener Usuario por ID: 18',)
14:00:13 - INF - post - ('Ejecutando servicio para obtener publicaciones del usuario',)
14:00:13 - INF - post - ('Ejecutando servicio para obtener publicaciones del usuario',)
14:00:14 - INF - post - ('Ejecutando servicio de obtener amigos del usuario',)
14:00:14 - INF - post - ('Ejecutando servicio de obtener amigos del usuario',)
14:00:14 - INF - post - ('Ejecutando servicio de agregar amigo',)
14:00:15 - INF - post - ('Ejecutando servicio de agregar amigo',)
14:00:16 - INF - post - ('Ejecutando servicio para obtener publicaciones de amigos',)
14:00:16 - INF - post - ('Ejecutando servicio para obtener publicaciones de amigos',)
14:00:17 - INF - get - ('Ejecutando servicio de Listar Usuario',)
14:00:17 - INF - post - ('Ejecutando servicio de Obtener Usuario por ID: 19',)
14:00:17 - INF - post - ('Ejecutando servicio de Obtener Usuario por ID: 19',)
14:00:17 - INF - post - ('Ejecutando servicio de Obtener Usuario por ID: 18',)
14:00:17 - INF - post - ('Ejecutando servicio de Obtener Usuario por ID: 18',)
14:00:17 - INF - post - ('Ejecutando servicio para obtener publicaciones del usuario',)
14:00:17 - INF - post - ('Ejecutando servicio para obtener publicaciones del usuario',)
14:00:18 - INF - post - ('Ejecutando servicio de obtener amigos del usuario',)
14:00:18 - INF - post - ('Ejecutando servicio de obtener amigos del usuario',)
14:02:23 - INF - post - ('Ejecutando servicio de Obtener Usuario por ID: 19',)
14:02:23 - INF - post - ('Ejecutando servicio de Obtener Usuario por ID: 19',)
14:02:23 - INF - post - ('Ejecutando servicio de Obtener Usuario por ID: 18',)
14:02:23 - INF - post - ('Ejecutando servicio de Obtener Usuario por ID: 18',)
14:02:23 - INF - post - ('Ejecutando servicio para obtener publicaciones del usuario',)
14:02:23 - INF - post - ('Ejecutando servicio para obtener publicaciones del usuario',)
14:02:24 - INF - post - ('Ejecutando servicio de obtener amigos del usuario',)
14:02:24 - INF - post - ('Ejecutando servicio de obtener amigos del usuario',)
14:02:25 - INF - delete - ('Ejecutando servicio de eliminar amigo',)
14:02:25 - INF - post - ('Ejecutando servicio de Obtener Usuario por ID: 19',)
14:02:25 - INF - post - ('Ejecutando servicio de Obtener Usuario por ID: 18',)
14:02:26 - INF - post - ('Ejecutando servicio de agregar amigo',)
14:02:26 - INF - post - ('Ejecutando servicio de Obtener Usuario por ID: 19',)
14:02:26 - INF - post - ('Ejecutando servicio de Obtener Usuario por ID: 18',)
14:02:27 - INF - post - ('Ejecutando servicio de agregar amigo',)
14:02:27 - INF - post - ('Ejecutando servicio de Obtener Usuario por ID: 19',)
14:02:27 - INF - post - ('Ejecutando servicio de Obtener Usuario por ID: 18',)
14:02:29 - INF - post - ('Ejecutando servicio de agregar amigo',)
14:02:29 - INF - post - ('Ejecutando servicio de Obtener Usuario por ID: 19',)
14:02:29 - INF - post - ('Ejecutando servicio de Obtener Usuario por ID: 18',)
14:02:30 - INF - delete - ('Ejecutando servicio de eliminar amigo',)
14:02:30 - INF - post - ('Ejecutando servicio de Obtener Usuario por ID: 19',)
14:02:30 - INF - post - ('Ejecutando servicio de Obtener Usuario por ID: 18',)
14:02:31 - INF - delete - ('Ejecutando servicio de eliminar amigo',)
14:02:31 - INF - post - ('Ejecutando servicio de Obtener Usuario por ID: 19',)
14:02:31 - INF - post - ('Ejecutando servicio de Obtener Usuario por ID: 18',)
14:02:32 - INF - delete - ('Ejecutando servicio de eliminar amigo',)
14:02:32 - INF - post - ('Ejecutando servicio de Obtener Usuario por ID: 19',)
14:02:32 - INF - post - ('Ejecutando servicio de Obtener Usuario por ID: 18',)
14:02:32 - INF - delete - ('Ejecutando servicio de eliminar amigo',)
14:02:32 - INF - post - ('Ejecutando servicio de Obtener Usuario por ID: 19',)
14:02:33 - INF - post - ('Ejecutando servicio de Obtener Usuario por ID: 18',)
14:02:34 - INF - post - ('Ejecutando servicio de obtener amigos del usuario',)
14:02:34 - INF - post - ('Ejecutando servicio de obtener amigos del usuario',)
14:02:34 - INF - post - ('Ejecutando servicio de agregar amigo',)
14:02:34 - INF - post - ('Ejecutando servicio de Obtener Usuario por ID: 19',)
14:02:34 - INF - post - ('Ejecutando servicio de Obtener Usuario por ID: 18',)
14:02:35 - INF - post - ('Ejecutando servicio de agregar amigo',)
14:02:35 - INF - post - ('Ejecutando servicio de Obtener Usuario por ID: 19',)
14:02:35 - INF - post - ('Ejecutando servicio de Obtener Usuario por ID: 18',)
14:02:35 - INF - post - ('Ejecutando servicio de agregar amigo',)
14:02:35 - INF - post - ('Ejecutando servicio de Obtener Usuario por ID: 19',)
14:02:35 - INF - post - ('Ejecutando servicio de Obtener Usuario por ID: 18',)
14:02:36 - INF - post - ('Ejecutando servicio de agregar amigo',)
14:02:36 - INF - post - ('Ejecutando servicio de Obtener Usuario por ID: 19',)
14:02:36 - INF - post - ('Ejecutando servicio de Obtener Usuario por ID: 18',)
14:02:36 - INF - post - ('Ejecutando servicio para obtener publicaciones de amigos',)
14:02:36 - INF - post - ('Ejecutando servicio para obtener publicaciones de amigos',)
14:02:37 - INF - get - ('Ejecutando servicio de Listar Usuario',)
14:02:37 - INF - post - ('Ejecutando servicio de Obtener Usuario por ID: 19',)
14:02:37 - INF - post - ('Ejecutando servicio de Obtener Usuario por ID: 19',)
14:02:37 - INF - post - ('Ejecutando servicio de Obtener Usuario por ID: 18',)
14:02:37 - INF - post - ('Ejecutando servicio de Obtener Usuario por ID: 18',)
14:02:37 - INF - post - ('Ejecutando servicio para obtener publicaciones del usuario',)
14:02:37 - INF - post - ('Ejecutando servicio para obtener publicaciones del usuario',)
14:02:38 - INF - post - ('Ejecutando servicio de obtener amigos del usuario',)
14:02:38 - INF - delete - ('Ejecutando servicio de eliminar amigo',)
14:02:39 - INF - post - ('Ejecutando servicio de Obtener Usuario por ID: 19',)
14:02:39 - INF - post - ('Ejecutando servicio de Obtener Usuario por ID: 18',)
14:02:39 - INF - delete - ('Ejecutando servicio de eliminar amigo',)
14:02:39 - INF - post - ('Ejecutando servicio de Obtener Usuario por ID: 19',)
14:02:40 - INF - post - ('Ejecutando servicio de Obtener Usuario por ID: 18',)
14:02:41 - INF - post - ('Ejecutando servicio para obtener publicaciones de amigos',)
14:02:41 - INF - post - ('Ejecutando servicio para obtener publicaciones de amigos',)
14:02:41 - INF - get - ('Ejecutando servicio de Listar Usuario',)
14:02:41 - INF - post - ('Ejecutando servicio de Obtener Usuario por ID: 19',)
14:02:41 - INF - post - ('Ejecutando servicio de Obtener Usuario por ID: 19',)
14:02:42 - INF - post - ('Ejecutando servicio de Obtener Usuario por ID: 18',)
14:02:42 - INF - post - ('Ejecutando servicio de Obtener Usuario por ID: 18',)
14:02:42 - INF - post - ('Ejecutando servicio para obtener publicaciones del usuario',)
14:02:42 - INF - post - ('Ejecutando servicio para obtener publicaciones del usuario',)
14:02:42 - INF - post - ('Ejecutando servicio de obtener amigos del usuario',)
14:02:42 - INF - post - ('Ejecutando servicio de obtener amigos del usuario',)
14:02:43 - INF - post - ('Ejecutando servicio de agregar amigo',)
14:02:43 - INF - post - ('Ejecutando servicio de Obtener Usuario por ID: 19',)
14:02:43 - INF - post - ('Ejecutando servicio de Obtener Usuario por ID: 18',)
14:02:43 - INF - post - ('Ejecutando servicio de agregar amigo',)
14:02:43 - INF - post - ('Ejecutando servicio de Obtener Usuario por ID: 19',)
14:02:43 - INF - post - ('Ejecutando servicio de Obtener Usuario por ID: 18',)
14:04:13 - INF - post - ('Ejecutando servicio de Obtener Usuario por ID: 19',)
14:04:13 - INF - post - ('Ejecutando servicio de Obtener Usuario por ID: 19',)
14:04:13 - INF - post - ('Ejecutando servicio de Obtener Usuario por ID: 18',)
14:04:13 - INF - post - ('Ejecutando servicio de Obtener Usuario por ID: 18',)
14:04:13 - INF - post - ('Ejecutando servicio para obtener publicaciones del usuario',)
14:04:13 - INF - post - ('Ejecutando servicio para obtener publicaciones del usuario',)
14:04:14 - INF - post - ('Ejecutando servicio de obtener amigos del usuario',)
14:04:14 - INF - post - ('Ejecutando servicio de obtener amigos del usuario',)
14:04:15 - INF - delete - ('Ejecutando servicio de eliminar amigo',)
14:04:15 - INF - post - ('Ejecutando servicio de Obtener Usuario por ID: 19',)
14:04:15 - INF - post - ('Ejecutando servicio de Obtener Usuario por ID: 18',)
14:04:16 - INF - delete - ('Ejecutando servicio de eliminar amigo',)
14:04:16 - INF - post - ('Ejecutando servicio de Obtener Usuario por ID: 19',)
14:04:16 - INF - post - ('Ejecutando servicio de Obtener Usuario por ID: 18',)
14:04:16 - INF - post - ('Ejecutando servicio de agregar amigo',)
14:04:16 - INF - post - ('Ejecutando servicio de Obtener Usuario por ID: 19',)
14:04:16 - INF - post - ('Ejecutando servicio de Obtener Usuario por ID: 18',)
14:04:17 - INF - post - ('Ejecutando servicio de agregar amigo',)
14:04:17 - INF - post - ('Ejecutando servicio de Obtener Usuario por ID: 19',)
14:04:17 - INF - post - ('Ejecutando servicio de Obtener Usuario por ID: 18',)
14:04:17 - INF - delete - ('Ejecutando servicio de eliminar amigo',)
14:04:17 - INF - post - ('Ejecutando servicio de Obtener Usuario por ID: 19',)
14:04:18 - INF - post - ('Ejecutando servicio de Obtener Usuario por ID: 18',)
14:04:18 - INF - delete - ('Ejecutando servicio de eliminar amigo',)
14:04:18 - INF - post - ('Ejecutando servicio de Obtener Usuario por ID: 19',)
14:04:18 - INF - post - ('Ejecutando servicio de Obtener Usuario por ID: 18',)
14:04:18 - INF - post - ('Ejecutando servicio de agregar amigo',)
14:04:18 - INF - post - ('Ejecutando servicio de Obtener Usuario por ID: 19',)
14:04:18 - INF - post - ('Ejecutando servicio de Obtener Usuario por ID: 18',)
14:04:19 - INF - post - ('Ejecutando servicio de agregar amigo',)
14:04:19 - INF - post - ('Ejecutando servicio de Obtener Usuario por ID: 19',)
14:04:19 - INF - post - ('Ejecutando servicio de Obtener Usuario por ID: 18',)
14:04:21 - INF - post - ('Ejecutando servicio de obtener amigos del usuario',)
14:04:21 - INF - post - ('Ejecutando servicio de obtener amigos del usuario',)
14:04:22 - INF - delete - ('Ejecutando servicio de eliminar amigo',)
14:04:22 - INF - post - ('Ejecutando servicio de Obtener Usuario por ID: 19',)
14:04:22 - INF - post - ('Ejecutando servicio de Obtener Usuario por ID: 18',)
14:04:23 - INF - delete - ('Ejecutando servicio de eliminar amigo',)
14:04:23 - INF - post - ('Ejecutando servicio de Obtener Usuario por ID: 19',)
14:04:23 - INF - post - ('Ejecutando servicio de Obtener Usuario por ID: 18',)
14:04:24 - INF - post - ('Ejecutando servicio para obtener publicaciones de amigos',)
14:04:24 - INF - post - ('Ejecutando servicio para obtener publicaciones de amigos',)
14:04:24 - INF - get - ('Ejecutando servicio de Listar Usuario',)
14:04:25 - INF - post - ('Ejecutando servicio de Obtener Usuario por ID: 19',)
14:04:25 - INF - post - ('Ejecutando servicio de Obtener Usuario por ID: 19',)
14:04:25 - INF - post - ('Ejecutando servicio de Obtener Usuario por ID: 18',)
14:04:25 - INF - post - ('Ejecutando servicio de Obtener Usuario por ID: 18',)
14:04:25 - INF - post - ('Ejecutando servicio para obtener publicaciones del usuario',)
14:04:25 - INF - post - ('Ejecutando servicio para obtener publicaciones del usuario',)
14:04:26 - INF - post - ('Ejecutando servicio de obtener amigos del usuario',)
14:04:26 - INF - post - ('Ejecutando servicio de obtener amigos del usuario',)
14:04:26 - INF - post - ('Ejecutando servicio de agregar amigo',)
14:04:26 - INF - post - ('Ejecutando servicio de Obtener Usuario por ID: 19',)
14:04:26 - INF - post - ('Ejecutando servicio de Obtener Usuario por ID: 18',)
14:04:27 - INF - post - ('Ejecutando servicio de agregar amigo',)
14:04:27 - INF - post - ('Ejecutando servicio de Obtener Usuario por ID: 19',)
14:04:27 - INF - post - ('Ejecutando servicio de Obtener Usuario por ID: 18',)
14:04:28 - INF - delete - ('Ejecutando servicio de eliminar amigo',)
14:04:28 - INF - post - ('Ejecutando servicio de Obtener Usuario por ID: 19',)
14:04:28 - INF - post - ('Ejecutando servicio de Obtener Usuario por ID: 18',)
14:04:28 - INF - delete - ('Ejecutando servicio de eliminar amigo',)
14:04:28 - INF - post - ('Ejecutando servicio de Obtener Usuario por ID: 19',)
14:04:29 - INF - post - ('Ejecutando servicio de Obtener Usuario por ID: 18',)
14:07:49 - INF - post - ('Ejecutando servicio de agregar amigo',)
14:07:49 - INF - post - ('Ejecutando servicio de Obtener Usuario por ID: 19',)
14:07:49 - INF - post - ('Ejecutando servicio de Obtener Usuario por ID: 18',)
14:07:50 - INF - post - ('Ejecutando servicio de agregar amigo',)
14:07:51 - INF - post - ('Ejecutando servicio para obtener publicaciones de amigos',)
14:07:51 - INF - post - ('Ejecutando servicio para obtener publicaciones de amigos',)
14:07:53 - INF - get - ('Ejecutando servicio de Listar Usuario',)
14:07:53 - INF - get - ('Ejecutando servicio de Listar Usuario',)
14:07:54 - INF - post - ('Ejecutando servicio de Obtener Usuario por ID: 19',)
14:07:54 - INF - post - ('Ejecutando servicio de Obtener Usuario por ID: 19',)
14:07:54 - INF - post - ('Ejecutando servicio de Obtener Usuario por ID: 18',)
14:07:54 - INF - post - ('Ejecutando servicio de Obtener Usuario por ID: 18',)
14:07:54 - INF - post - ('Ejecutando servicio para obtener publicaciones del usuario',)
14:07:54 - INF - post - ('Ejecutando servicio para obtener publicaciones del usuario',)
14:07:56 - INF - post - ('Ejecutando servicio de agregar amigo',)
14:07:57 - INF - post - ('Ejecutando servicio para obtener publicaciones de amigos',)
14:07:57 - INF - post - ('Ejecutando servicio para obtener publicaciones de amigos',)
14:32:22 - INF - get - ('Ejecutando servicio de Listar Usuario',)
14:32:23 - INF - post - ('Ejecutando servicio de Obtener Usuario por ID: 19',)
14:32:23 - INF - post - ('Ejecutando servicio de Obtener Usuario por ID: 19',)
14:32:23 - INF - post - ('Ejecutando servicio de Obtener Usuario por ID: 18',)
14:32:23 - INF - post - ('Ejecutando servicio de Obtener Usuario por ID: 18',)
14:32:23 - INF - post - ('Ejecutando servicio para obtener publicaciones del usuario',)
14:32:23 - INF - post - ('Ejecutando servicio para obtener publicaciones del usuario',)
14:32:32 - INF - post - ('Ejecutando servicio de Obtener Usuario por ID: 19',)
14:32:32 - INF - post - ('Ejecutando servicio de Obtener Usuario por ID: 19',)
14:32:32 - INF - post - ('Ejecutando servicio de Obtener Usuario por ID: 18',)
14:32:32 - INF - post - ('Ejecutando servicio para obtener publicaciones del usuario',)
14:32:32 - INF - post - ('Ejecutando servicio para obtener publicaciones del usuario',)
14:32:32 - INF - post - ('Ejecutando servicio de Obtener Usuario por ID: 18',)
14:32:43 - INF - post - ('Ejecutando servicio de agregar amigo',)
14:32:46 - INF - post - ('Ejecutando servicio para obtener publicaciones del usuario',)
14:32:46 - INF - post - ('Ejecutando servicio para obtener publicaciones del usuario',)
14:32:47 - INF - post - ('Ejecutando servicio de obtener amigos del usuario',)
14:32:47 - INF - post - ('Ejecutando servicio de obtener amigos del usuario',)
14:32:51 - INF - post - ('Ejecutando servicio para obtener publicaciones de amigos',)
14:32:51 - INF - post - ('Ejecutando servicio para obtener publicaciones de amigos',)
14:32:53 - INF - get - ('Ejecutando servicio de Listar Usuario',)
14:32:54 - INF - post - ('Ejecutando servicio de Obtener Usuario por ID: 19',)
14:32:54 - INF - post - ('Ejecutando servicio de Obtener Usuario por ID: 19',)
14:32:54 - INF - post - ('Ejecutando servicio de Obtener Usuario por ID: 18',)
14:32:54 - INF - post - ('Ejecutando servicio de Obtener Usuario por ID: 18',)
14:32:54 - INF - post - ('Ejecutando servicio para obtener publicaciones del usuario',)
14:32:54 - INF - post - ('Ejecutando servicio para obtener publicaciones del usuario',)
14:33:05 - INF - post - ('Ejecutando servicio de Obtener Usuario por ID: 19',)
14:33:05 - INF - post - ('Ejecutando servicio de Obtener Usuario por ID: 19',)
14:33:05 - INF - post - ('Ejecutando servicio de Obtener Usuario por ID: 18',)
14:33:05 - INF - post - ('Ejecutando servicio de Obtener Usuario por ID: 18',)
14:33:05 - INF - post - ('Ejecutando servicio para obtener publicaciones del usuario',)
14:33:05 - INF - post - ('Ejecutando servicio para obtener publicaciones del usuario',)
14:34:00 - INF - post - ('Ejecutando servicio de Obtener Usuario por ID: 19',)
14:34:01 - INF - post - ('Ejecutando servicio de Obtener Usuario por ID: 18',)
14:34:55 - INF - post - ('Ejecutando servicio de Obtener Usuario por ID: 19',)
14:34:55 - INF - post - ('Ejecutando servicio de Obtener Usuario por ID: 18',)
14:35:10 - INF - post - ('Ejecutando servicio de Obtener Usuario por ID: 19',)
14:35:11 - INF - post - ('Ejecutando servicio de Obtener Usuario por ID: 18',)
14:36:40 - INF - post - ('Ejecutando servicio de Obtener Usuario por ID: 19',)
14:36:40 - INF - post - ('Ejecutando servicio de Obtener Usuario por ID: 19',)
14:36:40 - INF - post - ('Ejecutando servicio de Obtener Usuario por ID: 18',)
14:36:40 - INF - post - ('Ejecutando servicio de Obtener Usuario por ID: 18',)
14:36:40 - INF - post - ('Ejecutando servicio para obtener publicaciones del usuario',)
14:36:40 - INF - post - ('Ejecutando servicio para obtener publicaciones del usuario',)
14:38:15 - INF - post - ('Ejecutando servicio de Obtener Usuario por ID: 19',)
14:38:16 - INF - post - ('Ejecutando servicio de Obtener Usuario por ID: 18',)
14:38:22 - INF - post - ('Ejecutando servicio de obtener amigos del usuario',)
14:38:22 - INF - post - ('Ejecutando servicio de Obtener Usuario por ID: 19',)
14:38:22 - INF - post - ('Ejecutando servicio de Obtener Usuario por ID: 18',)
14:38:40 - INF - post - ('Ejecutando servicio de Obtener Usuario por ID: 19',)
14:38:40 - INF - post - ('Ejecutando servicio de Obtener Usuario por ID: 18',)
14:38:46 - INF - post - ('Ejecutando servicio de Obtener Usuario por ID: 19',)
14:38:46 - INF - post - ('Ejecutando servicio de Obtener Usuario por ID: 18',)
14:40:59 - INF - post - ('Ejecutando servicio de Obtener Usuario por ID: 19',)
14:40:59 - INF - post - ('Ejecutando servicio de Obtener Usuario por ID: 18',)
14:41:18 - INF - post - ('Ejecutando servicio de agregar amigo',)
14:41:23 - INF - get - ('Ejecutando servicio de Listar Usuario',)
14:41:24 - INF - post - ('Ejecutando servicio de Obtener Usuario por ID: 22',)
14:41:24 - INF - post - ('Ejecutando servicio de Obtener Usuario por ID: 18',)
14:41:24 - INF - post - ('Ejecutando servicio de obtener amigos del usuario',)
14:41:27 - INF - post - ('Ejecutando servicio para obtener publicaciones de amigos',)
14:41:27 - INF - post - ('Ejecutando servicio para obtener publicaciones de amigos',)
14:41:28 - INF - get - ('Ejecutando servicio de Listar Usuario',)
14:41:29 - INF - post - ('Ejecutando servicio de Obtener Usuario por ID: 19',)
14:41:29 - INF - post - ('Ejecutando servicio de Obtener Usuario por ID: 19',)
14:41:29 - INF - post - ('Ejecutando servicio de Obtener Usuario por ID: 18',)
14:41:29 - INF - post - ('Ejecutando servicio de Obtener Usuario por ID: 18',)
14:41:29 - INF - post - ('Ejecutando servicio para obtener publicaciones del usuario',)
14:41:29 - INF - post - ('Ejecutando servicio para obtener publicaciones del usuario',)
14:41:32 - INF - post - ('Ejecutando servicio para obtener publicaciones del usuario',)
14:41:32 - INF - post - ('Ejecutando servicio para obtener publicaciones del usuario',)
14:41:33 - INF - post - ('Ejecutando servicio de obtener amigos del usuario',)
14:41:33 - INF - post - ('Ejecutando servicio de obtener amigos del usuario',)
14:41:39 - INF - get - ('Ejecutando servicio de Listar Usuario',)
14:41:40 - INF - post - ('Ejecutando servicio de Obtener Usuario por ID: 22',)
14:41:40 - INF - post - ('Ejecutando servicio de Obtener Usuario por ID: 22',)
14:41:40 - INF - post - ('Ejecutando servicio de Obtener Usuario por ID: 18',)
14:41:40 - INF - post - ('Ejecutando servicio para obtener publicaciones del usuario',)
14:41:40 - INF - post - ('Ejecutando servicio para obtener publicaciones del usuario',)
14:41:40 - INF - post - ('Ejecutando servicio de Obtener Usuario por ID: 18',)
14:41:56 - INF - post - ('Ejecutando servicio de Login',)
14:42:12 - INF - post - ('Ejecutando servicio de agregar amigo',)
14:42:17 - INF - get - ('Ejecutando servicio de Listar Usuario',)
14:42:20 - INF - post - ('Ejecutando servicio para obtener publicaciones de amigos',)
14:42:20 - INF - post - ('Ejecutando servicio para obtener publicaciones de amigos',)
14:42:21 - INF - get - ('Ejecutando servicio de Listar Usuario',)
14:42:22 - INF - post - ('Ejecutando servicio de Obtener Usuario por ID: 22',)
14:42:22 - INF - post - ('Ejecutando servicio de Obtener Usuario por ID: 22',)
14:42:22 - INF - post - ('Ejecutando servicio de Obtener Usuario por ID: 18',)
14:42:22 - INF - post - ('Ejecutando servicio de Obtener Usuario por ID: 18',)
14:42:22 - INF - post - ('Ejecutando servicio para obtener publicaciones del usuario',)
14:42:22 - INF - post - ('Ejecutando servicio para obtener publicaciones del usuario',)
14:42:30 - INF - post - ('Ejecutando servicio de Obtener Usuario por ID: 22',)
14:42:30 - INF - post - ('Ejecutando servicio de Obtener Usuario por ID: 18',)
14:44:29 - INF - post - ('Ejecutando servicio de obtener amigos del usuario',)
14:44:29 - INF - post - ('Ejecutando servicio de obtener amigos del usuario',)
14:44:30 - INF - post - ('Ejecutando servicio para obtener publicaciones de amigos',)
14:44:30 - INF - post - ('Ejecutando servicio para obtener publicaciones de amigos',)
14:44:31 - INF - get - ('Ejecutando servicio de Listar Usuario',)
14:44:31 - INF - post - ('Ejecutando servicio de Obtener Usuario por ID: 19',)
14:44:31 - INF - post - ('Ejecutando servicio de Obtener Usuario por ID: 19',)
14:44:31 - INF - post - ('Ejecutando servicio de Obtener Usuario por ID: 18',)
14:44:31 - INF - post - ('Ejecutando servicio de Obtener Usuario por ID: 18',)
14:44:31 - INF - post - ('Ejecutando servicio para obtener publicaciones del usuario',)
14:44:31 - INF - post - ('Ejecutando servicio para obtener publicaciones del usuario',)
14:44:32 - INF - post - ('Ejecutando servicio de obtener amigos del usuario',)
14:44:32 - INF - post - ('Ejecutando servicio de obtener amigos del usuario',)
14:44:33 - INF - post - ('Ejecutando servicio de agregar amigo',)
14:44:57 - INF - delete - ('Ejecutando servicio de eliminar amigo',)
14:44:57 - INF - post - ('Ejecutando servicio de Obtener Usuario por ID: 19',)
14:44:57 - INF - post - ('Ejecutando servicio de Obtener Usuario por ID: 18',)
14:44:57 - INF - post - ('Ejecutando servicio de agregar amigo',)
14:44:57 - INF - post - ('Ejecutando servicio de Obtener Usuario por ID: 19',)
14:44:57 - INF - post - ('Ejecutando servicio de Obtener Usuario por ID: 18',)
14:44:58 - INF - post - ('Ejecutando servicio de agregar amigo',)
14:44:58 - INF - post - ('Ejecutando servicio de Obtener Usuario por ID: 19',)
14:44:58 - INF - post - ('Ejecutando servicio de Obtener Usuario por ID: 18',)
14:44:58 - INF - delete - ('Ejecutando servicio de eliminar amigo',)
14:44:58 - INF - post - ('Ejecutando servicio de Obtener Usuario por ID: 19',)
14:44:58 - INF - post - ('Ejecutando servicio de Obtener Usuario por ID: 18',)
14:44:59 - INF - delete - ('Ejecutando servicio de eliminar amigo',)
14:44:59 - INF - post - ('Ejecutando servicio de Obtener Usuario por ID: 19',)
14:44:59 - INF - post - ('Ejecutando servicio de Obtener Usuario por ID: 18',)
14:45:00 - INF - delete - ('Ejecutando servicio de eliminar amigo',)
14:45:00 - INF - post - ('Ejecutando servicio de Obtener Usuario por ID: 19',)
14:45:00 - INF - post - ('Ejecutando servicio de Obtener Usuario por ID: 18',)
14:45:00 - INF - post - ('Ejecutando servicio de agregar amigo',)
14:45:01 - INF - post - ('Ejecutando servicio de Obtener Usuario por ID: 19',)
14:45:01 - INF - post - ('Ejecutando servicio de Obtener Usuario por ID: 18',)
14:45:01 - INF - post - ('Ejecutando servicio de agregar amigo',)
14:45:01 - INF - post - ('Ejecutando servicio de Obtener Usuario por ID: 19',)
14:45:01 - INF - post - ('Ejecutando servicio de Obtener Usuario por ID: 18',)
14:45:02 - INF - post - ('Ejecutando servicio de agregar amigo',)
14:45:02 - INF - post - ('Ejecutando servicio de Obtener Usuario por ID: 19',)
14:45:02 - INF - post - ('Ejecutando servicio de Obtener Usuario por ID: 18',)
14:45:02 - INF - post - ('Ejecutando servicio de agregar amigo',)
14:45:03 - INF - post - ('Ejecutando servicio de Obtener Usuario por ID: 19',)
14:45:03 - INF - post - ('Ejecutando servicio de Obtener Usuario por ID: 18',)
14:45:03 - INF - delete - ('Ejecutando servicio de eliminar amigo',)
14:45:03 - INF - post - ('Ejecutando servicio de Obtener Usuario por ID: 19',)
14:45:03 - INF - post - ('Ejecutando servicio de Obtener Usuario por ID: 18',)
14:45:03 - INF - delete - ('Ejecutando servicio de eliminar amigo',)
14:45:03 - INF - post - ('Ejecutando servicio de Obtener Usuario por ID: 19',)
14:45:03 - INF - post - ('Ejecutando servicio de Obtener Usuario por ID: 18',)
14:45:03 - INF - post - ('Ejecutando servicio de agregar amigo',)
14:45:03 - INF - post - ('Ejecutando servicio de Obtener Usuario por ID: 19',)
14:45:04 - INF - post - ('Ejecutando servicio de Obtener Usuario por ID: 18',)
14:45:04 - INF - post - ('Ejecutando servicio de agregar amigo',)
14:45:04 - INF - post - ('Ejecutando servicio de Obtener Usuario por ID: 19',)
14:45:04 - INF - post - ('Ejecutando servicio de Obtener Usuario por ID: 18',)
14:45:05 - INF - delete - ('Ejecutando servicio de eliminar amigo',)
14:45:05 - INF - post - ('Ejecutando servicio de Obtener Usuario por ID: 19',)
14:45:05 - INF - post - ('Ejecutando servicio de Obtener Usuario por ID: 18',)
14:45:06 - INF - delete - ('Ejecutando servicio de eliminar amigo',)
14:45:06 - INF - post - ('Ejecutando servicio de Obtener Usuario por ID: 19',)
14:45:06 - INF - post - ('Ejecutando servicio de Obtener Usuario por ID: 18',)
14:45:06 - INF - post - ('Ejecutando servicio para obtener publicaciones de amigos',)
14:45:06 - INF - post - ('Ejecutando servicio para obtener publicaciones de amigos',)
14:45:07 - INF - get - ('Ejecutando servicio de Listar Usuario',)
14:45:08 - INF - post - ('Ejecutando servicio de Obtener Usuario por ID: 19',)
14:45:08 - INF - post - ('Ejecutando servicio de Obtener Usuario por ID: 19',)
14:45:08 - INF - post - ('Ejecutando servicio de Obtener Usuario por ID: 18',)
14:45:08 - INF - post - ('Ejecutando servicio de Obtener Usuario por ID: 18',)
14:45:08 - INF - post - ('Ejecutando servicio para obtener publicaciones del usuario',)
14:45:08 - INF - post - ('Ejecutando servicio para obtener publicaciones del usuario',)
14:45:08 - INF - post - ('Ejecutando servicio de obtener amigos del usuario',)
14:45:08 - INF - post - ('Ejecutando servicio de obtener amigos del usuario',)
14:45:09 - INF - post - ('Ejecutando servicio de agregar amigo',)
14:45:09 - INF - post - ('Ejecutando servicio de Obtener Usuario por ID: 19',)
14:45:09 - INF - post - ('Ejecutando servicio de Obtener Usuario por ID: 18',)
14:45:09 - INF - post - ('Ejecutando servicio de agregar amigo',)
14:45:09 - INF - post - ('Ejecutando servicio de Obtener Usuario por ID: 19',)
14:45:10 - INF - post - ('Ejecutando servicio de Obtener Usuario por ID: 18',)
14:45:10 - INF - delete - ('Ejecutando servicio de eliminar amigo',)
14:45:10 - INF - post - ('Ejecutando servicio de Obtener Usuario por ID: 19',)
14:45:10 - INF - post - ('Ejecutando servicio de Obtener Usuario por ID: 18',)
14:45:10 - INF - delete - ('Ejecutando servicio de eliminar amigo',)
14:45:10 - INF - post - ('Ejecutando servicio de Obtener Usuario por ID: 19',)
14:45:11 - INF - post - ('Ejecutando servicio de Obtener Usuario por ID: 18',)
14:45:12 - INF - post - ('Ejecutando servicio de agregar amigo',)
14:45:29 - INF - post - ('Ejecutando servicio para obtener publicaciones de amigos',)
14:45:29 - INF - post - ('Ejecutando servicio para obtener publicaciones de amigos',)
14:45:29 - INF - get - ('Ejecutando servicio de Listar Usuario',)
14:45:29 - INF - post - ('Ejecutando servicio de Obtener Usuario por ID: 19',)
14:45:29 - INF - post - ('Ejecutando servicio de Obtener Usuario por ID: 19',)
14:45:30 - INF - post - ('Ejecutando servicio de Obtener Usuario por ID: 18',)
14:45:30 - INF - post - ('Ejecutando servicio de Obtener Usuario por ID: 18',)
14:45:30 - INF - post - ('Ejecutando servicio para obtener publicaciones del usuario',)
14:45:30 - INF - post - ('Ejecutando servicio para obtener publicaciones del usuario',)
14:45:30 - INF - post - ('Ejecutando servicio de obtener amigos del usuario',)
14:45:30 - INF - post - ('Ejecutando servicio de obtener amigos del usuario',)
14:45:31 - INF - post - ('Ejecutando servicio de agregar amigo',)
14:45:31 - INF - post - ('Ejecutando servicio de Obtener Usuario por ID: 19',)
14:45:31 - INF - post - ('Ejecutando servicio de Obtener Usuario por ID: 18',)
14:45:32 - INF - delete - ('Ejecutando servicio de eliminar amigo',)
14:45:32 - INF - post - ('Ejecutando servicio de Obtener Usuario por ID: 19',)
14:45:32 - INF - post - ('Ejecutando servicio de Obtener Usuario por ID: 18',)
14:45:33 - INF - delete - ('Ejecutando servicio de eliminar amigo',)
14:45:33 - INF - post - ('Ejecutando servicio de Obtener Usuario por ID: 19',)
14:45:33 - INF - post - ('Ejecutando servicio de Obtener Usuario por ID: 18',)
14:45:33 - INF - post - ('Ejecutando servicio de agregar amigo',)
14:45:33 - INF - post - ('Ejecutando servicio de Obtener Usuario por ID: 19',)
14:45:34 - INF - post - ('Ejecutando servicio de Obtener Usuario por ID: 18',)
14:45:35 - INF - post - ('Ejecutando servicio para obtener publicaciones de amigos',)
14:45:35 - INF - post - ('Ejecutando servicio para obtener publicaciones de amigos',)
14:45:35 - INF - get - ('Ejecutando servicio de Listar Usuario',)
14:45:36 - INF - post - ('Ejecutando servicio de Obtener Usuario por ID: 19',)
14:45:36 - INF - post - ('Ejecutando servicio de Obtener Usuario por ID: 19',)
14:45:36 - INF - post - ('Ejecutando servicio de Obtener Usuario por ID: 18',)
14:45:36 - INF - post - ('Ejecutando servicio de Obtener Usuario por ID: 18',)
14:45:36 - INF - post - ('Ejecutando servicio para obtener publicaciones del usuario',)
14:45:36 - INF - post - ('Ejecutando servicio para obtener publicaciones del usuario',)
14:53:24 - INF - post - ('Ejecutando servicio de Obtener Usuario por ID: 19',)
14:53:24 - INF - post - ('Ejecutando servicio de Obtener Usuario por ID: 19',)
14:53:24 - INF - post - ('Ejecutando servicio de Obtener Usuario por ID: 18',)
14:53:24 - INF - post - ('Ejecutando servicio para obtener publicaciones del usuario',)
14:53:24 - INF - post - ('Ejecutando servicio para obtener publicaciones del usuario',)
14:53:24 - INF - post - ('Ejecutando servicio de Obtener Usuario por ID: 18',)
14:53:27 - INF - post - ('Ejecutando servicio de Obtener Usuario por ID: 19',)
14:53:27 - INF - post - ('Ejecutando servicio de Obtener Usuario por ID: 19',)
14:53:27 - INF - post - ('Ejecutando servicio de Obtener Usuario por ID: 18',)
14:53:27 - INF - post - ('Ejecutando servicio de Obtener Usuario por ID: 18',)
14:53:27 - INF - post - ('Ejecutando servicio para obtener publicaciones del usuario',)
14:53:27 - INF - post - ('Ejecutando servicio para obtener publicaciones del usuario',)
14:56:29 - INF - post - ('Ejecutando servicio de Obtener Usuario por ID: 19',)
14:56:29 - INF - post - ('Ejecutando servicio de Obtener Usuario por ID: 18',)
14:56:33 - INF - post - ('Ejecutando servicio de Obtener Usuario por ID: 19',)
14:56:33 - INF - post - ('Ejecutando servicio de Obtener Usuario por ID: 19',)
14:56:33 - INF - post - ('Ejecutando servicio de Obtener Usuario por ID: 18',)
14:56:33 - INF - post - ('Ejecutando servicio de Obtener Usuario por ID: 18',)
14:56:34 - INF - post - ('Ejecutando servicio para obtener publicaciones del usuario',)
14:56:34 - INF - post - ('Ejecutando servicio para obtener publicaciones del usuario',)
14:58:40 - INF - post - ('Ejecutando servicio de Obtener Usuario por ID: 19',)
14:58:40 - INF - post - ('Ejecutando servicio de Obtener Usuario por ID: 19',)
14:58:40 - INF - post - ('Ejecutando servicio de Obtener Usuario por ID: 18',)
14:58:40 - INF - post - ('Ejecutando servicio de Obtener Usuario por ID: 18',)
14:58:40 - INF - post - ('Ejecutando servicio para obtener publicaciones del usuario',)
14:58:40 - INF - post - ('Ejecutando servicio para obtener publicaciones del usuario',)
14:58:43 - INF - post - ('Ejecutando servicio de agregar amigo',)
14:58:52 - INF - post - ('Ejecutando servicio de Obtener Usuario por ID: 19',)
14:58:52 - INF - post - ('Ejecutando servicio de Obtener Usuario por ID: 19',)
14:58:52 - INF - post - ('Ejecutando servicio de Obtener Usuario por ID: 18',)
14:58:52 - INF - post - ('Ejecutando servicio de Obtener Usuario por ID: 18',)
14:58:53 - INF - post - ('Ejecutando servicio para obtener publicaciones del usuario',)
14:58:53 - INF - post - ('Ejecutando servicio para obtener publicaciones del usuario',)
14:59:11 - INF - post - ('Ejecutando servicio de Obtener Usuario por ID: 19',)
14:59:11 - INF - post - ('Ejecutando servicio de Obtener Usuario por ID: 18',)
14:59:13 - INF - delete - ('Ejecutando servicio de eliminar amigo',)
14:59:13 - INF - post - ('Ejecutando servicio de Obtener Usuario por ID: 19',)
14:59:13 - INF - post - ('Ejecutando servicio de Obtener Usuario por ID: 18',)
14:59:14 - INF - post - ('Ejecutando servicio de agregar amigo',)
14:59:15 - INF - delete - ('Ejecutando servicio de eliminar amigo',)
14:59:15 - INF - post - ('Ejecutando servicio de Obtener Usuario por ID: 19',)
14:59:15 - INF - post - ('Ejecutando servicio de Obtener Usuario por ID: 18',)
14:59:17 - INF - post - ('Ejecutando servicio para obtener publicaciones de amigos',)
14:59:17 - INF - post - ('Ejecutando servicio para obtener publicaciones de amigos',)
14:59:17 - INF - get - ('Ejecutando servicio de Listar Usuario',)
14:59:17 - INF - post - ('Ejecutando servicio de Obtener Usuario por ID: 19',)
14:59:17 - INF - post - ('Ejecutando servicio de Obtener Usuario por ID: 19',)
14:59:18 - INF - post - ('Ejecutando servicio de Obtener Usuario por ID: 18',)
14:59:18 - INF - post - ('Ejecutando servicio de Obtener Usuario por ID: 18',)
14:59:18 - INF - post - ('Ejecutando servicio para obtener publicaciones del usuario',)
14:59:18 - INF - post - ('Ejecutando servicio para obtener publicaciones del usuario',)
14:59:18 - INF - delete - ('Ejecutando servicio de eliminar amigo',)
14:59:22 - INF - post - ('Ejecutando servicio para obtener publicaciones de amigos',)
14:59:22 - INF - post - ('Ejecutando servicio para obtener publicaciones de amigos',)
14:59:29 - INF - get - ('Ejecutando servicio de Listar Usuario',)
14:59:29 - INF - post - ('Ejecutando servicio de Obtener Usuario por ID: 19',)
14:59:29 - INF - post - ('Ejecutando servicio de Obtener Usuario por ID: 19',)
14:59:29 - INF - post - ('Ejecutando servicio de Obtener Usuario por ID: 18',)
14:59:29 - INF - post - ('Ejecutando servicio de Obtener Usuario por ID: 18',)
14:59:29 - INF - post - ('Ejecutando servicio para obtener publicaciones del usuario',)
14:59:29 - INF - post - ('Ejecutando servicio para obtener publicaciones del usuario',)
14:59:30 - INF - post - ('Ejecutando servicio de agregar amigo',)
14:59:30 - INF - post - ('Ejecutando servicio de Obtener Usuario por ID: 19',)
14:59:30 - INF - post - ('Ejecutando servicio de Obtener Usuario por ID: 18',)
14:59:31 - INF - post - ('Ejecutando servicio de agregar amigo',)
14:59:34 - INF - post - ('Ejecutando servicio para obtener publicaciones de amigos',)
14:59:34 - INF - post - ('Ejecutando servicio para obtener publicaciones de amigos',)
14:59:35 - INF - get - ('Ejecutando servicio de Listar Usuario',)
14:59:35 - INF - post - ('Ejecutando servicio de Obtener Usuario por ID: 19',)
14:59:35 - INF - post - ('Ejecutando servicio de Obtener Usuario por ID: 19',)
14:59:36 - INF - post - ('Ejecutando servicio de Obtener Usuario por ID: 18',)
14:59:36 - INF - post - ('Ejecutando servicio de Obtener Usuario por ID: 18',)
14:59:36 - INF - post - ('Ejecutando servicio para obtener publicaciones del usuario',)
14:59:36 - INF - post - ('Ejecutando servicio para obtener publicaciones del usuario',)
14:59:36 - INF - post - ('Ejecutando servicio de agregar amigo',)
14:59:39 - INF - post - ('Ejecutando servicio de Obtener Usuario por ID: 19',)
14:59:39 - INF - post - ('Ejecutando servicio de Obtener Usuario por ID: 19',)
14:59:39 - INF - post - ('Ejecutando servicio de Obtener Usuario por ID: 18',)
14:59:39 - INF - post - ('Ejecutando servicio de Obtener Usuario por ID: 18',)
14:59:39 - INF - post - ('Ejecutando servicio para obtener publicaciones del usuario',)
14:59:39 - INF - post - ('Ejecutando servicio para obtener publicaciones del usuario',)
15:01:01 - INF - post - ('Ejecutando servicio de Obtener Usuario por ID: 19',)
15:01:01 - INF - post - ('Ejecutando servicio de Obtener Usuario por ID: 19',)
15:01:01 - INF - post - ('Ejecutando servicio de Obtener Usuario por ID: 18',)
15:01:01 - INF - post - ('Ejecutando servicio de Obtener Usuario por ID: 18',)
15:01:01 - INF - post - ('Ejecutando servicio para obtener publicaciones del usuario',)
15:01:01 - INF - post - ('Ejecutando servicio para obtener publicaciones del usuario',)
15:01:02 - INF - delete - ('Ejecutando servicio de eliminar amigo',)
15:01:02 - INF - post - ('Ejecutando servicio de Obtener Usuario por ID: 19',)
15:01:02 - INF - post - ('Ejecutando servicio de Obtener Usuario por ID: 18',)
15:01:03 - INF - post - ('Ejecutando servicio de agregar amigo',)
15:01:03 - INF - post - ('Ejecutando servicio de Obtener Usuario por ID: 19',)
15:01:03 - INF - post - ('Ejecutando servicio de Obtener Usuario por ID: 18',)
15:01:03 - INF - delete - ('Ejecutando servicio de eliminar amigo',)
15:01:03 - INF - post - ('Ejecutando servicio de Obtener Usuario por ID: 19',)
15:01:03 - INF - post - ('Ejecutando servicio de Obtener Usuario por ID: 18',)
15:01:05 - INF - post - ('Ejecutando servicio de agregar amigo',)
15:01:05 - INF - post - ('Ejecutando servicio de Obtener Usuario por ID: 19',)
15:01:05 - INF - post - ('Ejecutando servicio de Obtener Usuario por ID: 18',)
15:01:06 - INF - post - ('Ejecutando servicio para obtener publicaciones de amigos',)
15:01:06 - INF - post - ('Ejecutando servicio para obtener publicaciones de amigos',)
15:01:06 - INF - get - ('Ejecutando servicio de Listar Usuario',)
15:01:07 - INF - post - ('Ejecutando servicio de Obtener Usuario por ID: 19',)
15:01:07 - INF - post - ('Ejecutando servicio de Obtener Usuario por ID: 19',)
15:01:07 - INF - post - ('Ejecutando servicio de Obtener Usuario por ID: 18',)
15:01:07 - INF - post - ('Ejecutando servicio de Obtener Usuario por ID: 18',)
15:01:07 - INF - post - ('Ejecutando servicio para obtener publicaciones del usuario',)
15:01:07 - INF - post - ('Ejecutando servicio para obtener publicaciones del usuario',)
15:01:08 - INF - delete - ('Ejecutando servicio de eliminar amigo',)
15:01:08 - INF - post - ('Ejecutando servicio de Obtener Usuario por ID: 19',)
15:01:08 - INF - post - ('Ejecutando servicio de Obtener Usuario por ID: 18',)
15:01:08 - INF - post - ('Ejecutando servicio de agregar amigo',)
15:01:08 - INF - post - ('Ejecutando servicio de Obtener Usuario por ID: 19',)
15:01:08 - INF - post - ('Ejecutando servicio de Obtener Usuario por ID: 18',)
15:11:08 - INF - post - ('Ejecutando servicio de obtener amigos del usuario',)
15:11:08 - INF - post - ('Ejecutando servicio de obtener amigos del usuario',)
15:11:10 - INF - post - ('Ejecutando servicio de agregar amigo',)
15:11:10 - INF - post - ('Ejecutando servicio de Obtener Usuario por ID: 19',)
15:11:10 - INF - post - ('Ejecutando servicio de Obtener Usuario por ID: 18',)
15:11:10 - INF - post - ('Ejecutando servicio de agregar amigo',)
15:11:10 - INF - post - ('Ejecutando servicio de Obtener Usuario por ID: 19',)
15:11:10 - INF - post - ('Ejecutando servicio de Obtener Usuario por ID: 18',)
15:11:11 - INF - delete - ('Ejecutando servicio de eliminar amigo',)
15:11:11 - INF - post - ('Ejecutando servicio de Obtener Usuario por ID: 19',)
15:11:11 - INF - post - ('Ejecutando servicio de Obtener Usuario por ID: 18',)
15:11:11 - INF - delete - ('Ejecutando servicio de eliminar amigo',)
15:11:11 - INF - post - ('Ejecutando servicio de Obtener Usuario por ID: 19',)
15:11:11 - INF - post - ('Ejecutando servicio de Obtener Usuario por ID: 18',)
15:11:12 - INF - post - ('Ejecutando servicio para obtener publicaciones de amigos',)
15:11:12 - INF - post - ('Ejecutando servicio para obtener publicaciones de amigos',)
15:11:13 - INF - get - ('Ejecutando servicio de Listar Usuario',)
15:11:14 - INF - post - ('Ejecutando servicio de Obtener Usuario por ID: 19',)
15:11:14 - INF - post - ('Ejecutando servicio de Obtener Usuario por ID: 19',)
15:11:14 - INF - post - ('Ejecutando servicio de Obtener Usuario por ID: 18',)
15:11:14 - INF - post - ('Ejecutando servicio de Obtener Usuario por ID: 18',)
15:11:14 - INF - post - ('Ejecutando servicio para obtener publicaciones del usuario',)
15:11:14 - INF - post - ('Ejecutando servicio para obtener publicaciones del usuario',)
15:11:15 - INF - post - ('Ejecutando servicio de obtener amigos del usuario',)
15:11:15 - INF - post - ('Ejecutando servicio de obtener amigos del usuario',)
15:11:15 - INF - post - ('Ejecutando servicio de agregar amigo',)
15:11:15 - INF - post - ('Ejecutando servicio de Obtener Usuario por ID: 19',)
15:11:15 - INF - post - ('Ejecutando servicio de Obtener Usuario por ID: 18',)
15:11:16 - INF - post - ('Ejecutando servicio de agregar amigo',)
15:11:16 - INF - post - ('Ejecutando servicio de Obtener Usuario por ID: 19',)
15:11:16 - INF - post - ('Ejecutando servicio de Obtener Usuario por ID: 18',)
15:11:16 - INF - delete - ('Ejecutando servicio de eliminar amigo',)
15:11:16 - INF - post - ('Ejecutando servicio de Obtener Usuario por ID: 19',)
15:11:16 - INF - post - ('Ejecutando servicio de Obtener Usuario por ID: 18',)
15:11:17 - INF - post - ('Ejecutando servicio para obtener publicaciones de amigos',)
15:11:17 - INF - post - ('Ejecutando servicio para obtener publicaciones de amigos',)
15:11:18 - INF - get - ('Ejecutando servicio de Listar Usuario',)
15:11:18 - INF - get - ('Ejecutando servicio de Listar Usuario',)
15:11:18 - INF - get - ('Ejecutando servicio de Listar Usuario',)
15:11:19 - INF - get - ('Ejecutando servicio de Listar Usuario',)
15:11:19 - INF - get - ('Ejecutando servicio de Listar Usuario',)
15:11:20 - INF - post - ('Ejecutando servicio de Obtener Usuario por ID: 19',)
15:11:20 - INF - post - ('Ejecutando servicio de Obtener Usuario por ID: 19',)
15:11:20 - INF - post - ('Ejecutando servicio de Obtener Usuario por ID: 18',)
15:11:20 - INF - post - ('Ejecutando servicio de Obtener Usuario por ID: 18',)
15:11:20 - INF - post - ('Ejecutando servicio para obtener publicaciones del usuario',)
15:11:20 - INF - post - ('Ejecutando servicio para obtener publicaciones del usuario',)
15:11:21 - INF - delete - ('Ejecutando servicio de eliminar amigo',)
15:11:21 - INF - post - ('Ejecutando servicio de Obtener Usuario por ID: 19',)
15:11:21 - INF - post - ('Ejecutando servicio de Obtener Usuario por ID: 18',)
15:11:22 - INF - post - ('Ejecutando servicio de obtener amigos del usuario',)
15:11:22 - INF - post - ('Ejecutando servicio de obtener amigos del usuario',)
15:11:23 - INF - delete - ('Ejecutando servicio de eliminar amigo',)
15:11:23 - INF - post - ('Ejecutando servicio de Obtener Usuario por ID: 19',)
15:11:23 - INF - post - ('Ejecutando servicio de Obtener Usuario por ID: 18',)
15:11:23 - INF - delete - ('Ejecutando servicio de eliminar amigo',)
15:11:23 - INF - post - ('Ejecutando servicio de Obtener Usuario por ID: 19',)
15:11:23 - INF - post - ('Ejecutando servicio de Obtener Usuario por ID: 18',)
15:11:24 - INF - post - ('Ejecutando servicio para obtener publicaciones de amigos',)
15:11:24 - INF - post - ('Ejecutando servicio para obtener publicaciones de amigos',)
15:11:24 - INF - get - ('Ejecutando servicio de Listar Usuario',)
15:11:24 - INF - post - ('Ejecutando servicio de Obtener Usuario por ID: 19',)
15:11:24 - INF - post - ('Ejecutando servicio de Obtener Usuario por ID: 19',)
15:11:24 - INF - post - ('Ejecutando servicio de Obtener Usuario por ID: 18',)
15:11:24 - INF - post - ('Ejecutando servicio de Obtener Usuario por ID: 18',)
15:11:24 - INF - post - ('Ejecutando servicio para obtener publicaciones del usuario',)
15:11:24 - INF - post - ('Ejecutando servicio para obtener publicaciones del usuario',)
15:11:25 - INF - post - ('Ejecutando servicio de agregar amigo',)
15:11:25 - INF - post - ('Ejecutando servicio de Obtener Usuario por ID: 19',)
15:11:25 - INF - post - ('Ejecutando servicio de Obtener Usuario por ID: 18',)
15:11:26 - INF - post - ('Ejecutando servicio de obtener amigos del usuario',)
15:11:26 - INF - post - ('Ejecutando servicio de obtener amigos del usuario',)
15:11:27 - INF - post - ('Ejecutando servicio de agregar amigo',)
15:11:27 - INF - post - ('Ejecutando servicio de Obtener Usuario por ID: 19',)
15:11:27 - INF - post - ('Ejecutando servicio de Obtener Usuario por ID: 18',)
15:11:27 - INF - post - ('Ejecutando servicio de agregar amigo',)
15:11:27 - INF - post - ('Ejecutando servicio de Obtener Usuario por ID: 19',)
15:11:27 - INF - post - ('Ejecutando servicio de Obtener Usuario por ID: 18',)
15:11:28 - INF - delete - ('Ejecutando servicio de eliminar amigo',)
15:11:28 - INF - post - ('Ejecutando servicio de Obtener Usuario por ID: 19',)
15:11:28 - INF - post - ('Ejecutando servicio de Obtener Usuario por ID: 18',)
15:11:29 - INF - post - ('Ejecutando servicio para obtener publicaciones de amigos',)
15:11:29 - INF - post - ('Ejecutando servicio para obtener publicaciones de amigos',)
15:11:30 - INF - get - ('Ejecutando servicio de Listar Usuario',)
15:11:31 - INF - post - ('Ejecutando servicio de Obtener Usuario por ID: 19',)
15:11:31 - INF - post - ('Ejecutando servicio de Obtener Usuario por ID: 19',)
15:11:31 - INF - post - ('Ejecutando servicio de Obtener Usuario por ID: 18',)
15:11:31 - INF - post - ('Ejecutando servicio de Obtener Usuario por ID: 18',)
15:11:31 - INF - post - ('Ejecutando servicio para obtener publicaciones del usuario',)
15:11:31 - INF - post - ('Ejecutando servicio para obtener publicaciones del usuario',)
15:11:31 - INF - delete - ('Ejecutando servicio de eliminar amigo',)
15:11:31 - INF - post - ('Ejecutando servicio de Obtener Usuario por ID: 19',)
15:11:31 - INF - post - ('Ejecutando servicio de Obtener Usuario por ID: 18',)
15:11:32 - INF - post - ('Ejecutando servicio de obtener amigos del usuario',)
15:11:32 - INF - post - ('Ejecutando servicio de obtener amigos del usuario',)
15:11:33 - INF - delete - ('Ejecutando servicio de eliminar amigo',)
15:11:33 - INF - post - ('Ejecutando servicio de Obtener Usuario por ID: 19',)
15:11:33 - INF - post - ('Ejecutando servicio de Obtener Usuario por ID: 18',)
15:11:34 - INF - post - ('Ejecutando servicio para obtener publicaciones de amigos',)
15:11:34 - INF - post - ('Ejecutando servicio para obtener publicaciones de amigos',)
15:11:35 - INF - get - ('Ejecutando servicio de Listar Usuario',)
15:11:36 - INF - post - ('Ejecutando servicio de Obtener Usuario por ID: 19',)
15:11:36 - INF - post - ('Ejecutando servicio de Obtener Usuario por ID: 19',)
15:11:36 - INF - post - ('Ejecutando servicio de Obtener Usuario por ID: 18',)
15:11:36 - INF - post - ('Ejecutando servicio de Obtener Usuario por ID: 18',)
15:11:36 - INF - post - ('Ejecutando servicio para obtener publicaciones del usuario',)
15:11:36 - INF - post - ('Ejecutando servicio para obtener publicaciones del usuario',)
15:11:37 - INF - post - ('Ejecutando servicio de obtener amigos del usuario',)
15:11:37 - INF - post - ('Ejecutando servicio de obtener amigos del usuario',)
15:11:38 - INF - post - ('Ejecutando servicio para obtener publicaciones de amigos',)
15:11:38 - INF - post - ('Ejecutando servicio para obtener publicaciones de amigos',)
15:11:40 - INF - post - ('Ejecutando servicio para obtener publicaciones del usuario',)
15:11:40 - INF - post - ('Ejecutando servicio para obtener publicaciones del usuario',)
15:12:36 - INF - post - ('Ejecutando servicio para obtener publicaciones de amigos',)
15:31:00 - INF - get - ('Ejecutando servicio de Listar Usuario',)
15:31:00 - INF - post - ('Ejecutando servicio de Obtener Usuario por ID: 19',)
15:31:00 - INF - post - ('Ejecutando servicio de Obtener Usuario por ID: 19',)
15:31:00 - INF - post - ('Ejecutando servicio de Obtener Usuario por ID: 18',)
15:31:00 - INF - post - ('Ejecutando servicio de Obtener Usuario por ID: 18',)
15:31:00 - INF - post - ('Ejecutando servicio para obtener publicaciones del usuario',)
15:31:00 - INF - post - ('Ejecutando servicio para obtener publicaciones del usuario',)
15:31:01 - INF - post - ('Ejecutando servicio de obtener amigos del usuario',)
15:31:01 - INF - post - ('Ejecutando servicio de obtener amigos del usuario',)
15:31:03 - INF - post - ('Ejecutando servicio de agregar amigo',)
15:31:03 - INF - post - ('Ejecutando servicio de Obtener Usuario por ID: 19',)
15:31:03 - INF - post - ('Ejecutando servicio de Obtener Usuario por ID: 18',)
15:31:07 - INF - post - ('Ejecutando servicio de agregar amigo',)
15:31:07 - INF - post - ('Ejecutando servicio de Obtener Usuario por ID: 19',)
15:31:07 - INF - post - ('Ejecutando servicio de Obtener Usuario por ID: 18',)
15:31:18 - INF - delete - ('Ejecutando servicio de eliminar amigo',)
15:31:18 - INF - post - ('Ejecutando servicio de Obtener Usuario por ID: 19',)
15:31:18 - INF - post - ('Ejecutando servicio de Obtener Usuario por ID: 18',)
15:31:18 - INF - post - ('Ejecutando servicio de agregar amigo',)
15:31:19 - INF - post - ('Ejecutando servicio de Obtener Usuario por ID: 19',)
15:31:19 - INF - post - ('Ejecutando servicio de Obtener Usuario por ID: 18',)
15:31:19 - INF - delete - ('Ejecutando servicio de eliminar amigo',)
15:31:19 - INF - post - ('Ejecutando servicio de Obtener Usuario por ID: 19',)
15:31:19 - INF - post - ('Ejecutando servicio de Obtener Usuario por ID: 18',)
15:31:19 - INF - post - ('Ejecutando servicio de agregar amigo',)
15:31:20 - INF - post - ('Ejecutando servicio de Obtener Usuario por ID: 19',)
15:31:20 - INF - post - ('Ejecutando servicio de Obtener Usuario por ID: 18',)
15:31:20 - INF - delete - ('Ejecutando servicio de eliminar amigo',)
15:31:20 - INF - post - ('Ejecutando servicio de Obtener Usuario por ID: 19',)
15:31:20 - INF - post - ('Ejecutando servicio de Obtener Usuario por ID: 18',)
15:31:20 - INF - post - ('Ejecutando servicio de agregar amigo',)
15:31:21 - INF - post - ('Ejecutando servicio de Obtener Usuario por ID: 19',)
15:31:21 - INF - post - ('Ejecutando servicio de Obtener Usuario por ID: 18',)
15:31:21 - INF - post - ('Ejecutando servicio de agregar amigo',)
15:31:21 - INF - post - ('Ejecutando servicio de Obtener Usuario por ID: 19',)
15:31:22 - INF - post - ('Ejecutando servicio de Obtener Usuario por ID: 18',)
15:31:39 - INF - post - ('Ejecutando servicio de agregar amigo',)
15:31:39 - INF - post - ('Ejecutando servicio de Obtener Usuario por ID: 19',)
15:31:39 - INF - post - ('Ejecutando servicio de Obtener Usuario por ID: 18',)
15:31:39 - INF - delete - ('Ejecutando servicio de eliminar amigo',)
15:31:39 - INF - post - ('Ejecutando servicio de Obtener Usuario por ID: 19',)
15:31:39 - INF - post - ('Ejecutando servicio de Obtener Usuario por ID: 18',)
15:31:40 - INF - post - ('Ejecutando servicio de agregar amigo',)
15:31:40 - INF - post - ('Ejecutando servicio de Obtener Usuario por ID: 19',)
15:31:40 - INF - post - ('Ejecutando servicio de Obtener Usuario por ID: 18',)
15:31:40 - INF - delete - ('Ejecutando servicio de eliminar amigo',)
15:31:40 - INF - post - ('Ejecutando servicio de Obtener Usuario por ID: 19',)
15:31:41 - INF - post - ('Ejecutando servicio de Obtener Usuario por ID: 18',)
15:34:26 - INF - post - ('Ejecutando servicio para obtener publicaciones del usuario',)
15:34:26 - INF - post - ('Ejecutando servicio para obtener publicaciones del usuario',)
15:34:34 - INF - post - ('Ejecutando servicio de obtener amigos del usuario',)
15:34:34 - INF - post - ('Ejecutando servicio de obtener amigos del usuario',)
15:34:35 - INF - post - ('Ejecutando servicio para obtener publicaciones del usuario',)
15:34:35 - INF - post - ('Ejecutando servicio para obtener publicaciones del usuario',)
15:34:35 - INF - post - ('Ejecutando servicio de obtener amigos del usuario',)
15:34:35 - INF - post - ('Ejecutando servicio de obtener amigos del usuario',)
15:34:36 - INF - post - ('Ejecutando servicio de obtener amigos del usuario',)
15:34:36 - INF - post - ('Ejecutando servicio de obtener amigos del usuario',)
15:34:38 - INF - post - ('Ejecutando servicio para obtener publicaciones del usuario',)
15:34:38 - INF - post - ('Ejecutando servicio para obtener publicaciones del usuario',)
15:34:39 - INF - post - ('Ejecutando servicio de obtener amigos del usuario',)
15:34:39 - INF - post - ('Ejecutando servicio de obtener amigos del usuario',)
15:34:39 - INF - post - ('Ejecutando servicio para obtener publicaciones del usuario',)
15:34:39 - INF - post - ('Ejecutando servicio para obtener publicaciones del usuario',)
15:34:40 - INF - post - ('Ejecutando servicio de obtener amigos del usuario',)
15:34:40 - INF - post - ('Ejecutando servicio de obtener amigos del usuario',)
15:34:41 - INF - post - ('Ejecutando servicio para obtener publicaciones del usuario',)
15:34:41 - INF - post - ('Ejecutando servicio para obtener publicaciones del usuario',)
15:34:41 - INF - post - ('Ejecutando servicio de obtener amigos del usuario',)
15:34:41 - INF - post - ('Ejecutando servicio de obtener amigos del usuario',)
15:34:42 - INF - post - ('Ejecutando servicio para obtener publicaciones del usuario',)
15:34:42 - INF - post - ('Ejecutando servicio para obtener publicaciones del usuario',)
15:34:43 - INF - post - ('Ejecutando servicio para obtener publicaciones del usuario',)
15:34:43 - INF - post - ('Ejecutando servicio para obtener publicaciones del usuario',)
15:34:44 - INF - post - ('Ejecutando servicio de obtener amigos del usuario',)
15:34:44 - INF - post - ('Ejecutando servicio de obtener amigos del usuario',)
15:34:44 - INF - post - ('Ejecutando servicio para obtener publicaciones del usuario',)
15:34:44 - INF - post - ('Ejecutando servicio para obtener publicaciones del usuario',)
15:34:46 - INF - post - ('Ejecutando servicio de obtener amigos del usuario',)
15:34:46 - INF - post - ('Ejecutando servicio de obtener amigos del usuario',)
15:34:46 - INF - post - ('Ejecutando servicio para obtener publicaciones del usuario',)
15:34:46 - INF - post - ('Ejecutando servicio para obtener publicaciones del usuario',)
15:34:47 - INF - post - ('Ejecutando servicio de obtener amigos del usuario',)
15:34:47 - INF - post - ('Ejecutando servicio de obtener amigos del usuario',)
15:34:47 - INF - post - ('Ejecutando servicio para obtener publicaciones del usuario',)
15:34:47 - INF - post - ('Ejecutando servicio para obtener publicaciones del usuario',)
15:34:48 - INF - post - ('Ejecutando servicio de obtener amigos del usuario',)
15:34:48 - INF - post - ('Ejecutando servicio de obtener amigos del usuario',)
15:34:48 - INF - post - ('Ejecutando servicio para obtener publicaciones del usuario',)
15:34:48 - INF - post - ('Ejecutando servicio para obtener publicaciones del usuario',)
15:34:48 - INF - post - ('Ejecutando servicio de obtener amigos del usuario',)
15:34:48 - INF - post - ('Ejecutando servicio de obtener amigos del usuario',)
15:34:49 - INF - post - ('Ejecutando servicio para obtener publicaciones del usuario',)
15:34:49 - INF - post - ('Ejecutando servicio para obtener publicaciones del usuario',)
15:34:49 - INF - post - ('Ejecutando servicio de obtener amigos del usuario',)
15:34:49 - INF - post - ('Ejecutando servicio de obtener amigos del usuario',)
15:34:50 - INF - post - ('Ejecutando servicio para obtener publicaciones del usuario',)
15:34:50 - INF - post - ('Ejecutando servicio para obtener publicaciones del usuario',)
15:34:50 - INF - post - ('Ejecutando servicio de obtener amigos del usuario',)
15:34:50 - INF - post - ('Ejecutando servicio de obtener amigos del usuario',)
15:34:51 - INF - post - ('Ejecutando servicio para obtener publicaciones del usuario',)
15:34:51 - INF - post - ('Ejecutando servicio para obtener publicaciones del usuario',)
15:34:51 - INF - post - ('Ejecutando servicio de obtener amigos del usuario',)
15:34:51 - INF - post - ('Ejecutando servicio de obtener amigos del usuario',)
15:34:53 - INF - post - ('Ejecutando servicio para obtener publicaciones del usuario',)
15:34:53 - INF - post - ('Ejecutando servicio para obtener publicaciones del usuario',)
15:35:06 - INF - post - ('Ejecutando servicio para obtener publicaciones del usuario',)
15:35:06 - INF - post - ('Ejecutando servicio para obtener publicaciones del usuario',)
15:35:08 - INF - get - ('Ejecutando servicio de Listar Usuario',)
15:35:08 - INF - get - ('Ejecutando servicio de Listar Usuario',)
15:35:08 - INF - get - ('Ejecutando servicio de Listar Usuario',)
15:35:09 - INF - get - ('Ejecutando servicio de Listar Usuario',)
15:35:14 - INF - post - ('Ejecutando servicio para obtener publicaciones de amigos',)
15:35:14 - INF - post - ('Ejecutando servicio para obtener publicaciones de amigos',)
15:35:15 - INF - get - ('Ejecutando servicio de Listar Usuario',)
15:35:15 - INF - get - ('Ejecutando servicio de Listar Usuario',)
15:35:15 - INF - get - ('Ejecutando servicio de Listar Usuario',)
15:35:16 - INF - get - ('Ejecutando servicio de Listar Usuario',)
15:35:16 - INF - get - ('Ejecutando servicio de Listar Usuario',)
15:35:16 - INF - get - ('Ejecutando servicio de Listar Usuario',)
15:35:16 - INF - get - ('Ejecutando servicio de Listar Usuario',)
15:35:16 - INF - get - ('Ejecutando servicio de Listar Usuario',)
15:35:17 - INF - get - ('Ejecutando servicio de Listar Usuario',)
15:35:17 - INF - post - ('Ejecutando servicio para obtener publicaciones del usuario',)
15:35:17 - INF - post - ('Ejecutando servicio para obtener publicaciones del usuario',)
15:36:00 - INF - post - ('Ejecutando servicio de obtener amigos del usuario',)
15:36:00 - INF - post - ('Ejecutando servicio de obtener amigos del usuario',)
15:36:05 - INF - post - ('Ejecutando servicio para obtener publicaciones de amigos',)
15:36:05 - INF - post - ('Ejecutando servicio para obtener publicaciones de amigos',)
15:40:25 - INF - post - ('Ejecutando servicio de Login',)
15:40:26 - INF - post - ('Ejecutando servicio para obtener publicaciones de amigos',)
15:40:26 - INF - post - ('Ejecutando servicio para obtener publicaciones de amigos',)
15:40:35 - INF - post - ('Ejecutando servicio para obtener publicaciones del usuario',)
15:40:36 - INF - post - ('Ejecutando servicio de obtener amigos del usuario',)
15:40:36 - INF - post - ('Ejecutando servicio de obtener amigos del usuario',)
15:40:40 - INF - get - ('Ejecutando servicio de Listar Usuario',)
15:40:40 - INF - get - ('Ejecutando servicio de Listar Usuario',)
15:40:41 - INF - post - ('Ejecutando servicio de Obtener Usuario por ID: 18',)
15:40:41 - INF - post - ('Ejecutando servicio de Obtener Usuario por ID: 18',)
15:40:41 - INF - post - ('Ejecutando servicio de Obtener Usuario por ID: 23',)
15:40:41 - INF - post - ('Ejecutando servicio de Obtener Usuario por ID: 23',)
15:40:42 - INF - post - ('Ejecutando servicio para obtener publicaciones del usuario',)
15:40:42 - INF - post - ('Ejecutando servicio para obtener publicaciones del usuario',)
15:40:44 - INF - post - ('Ejecutando servicio de obtener amigos del usuario',)
15:40:44 - INF - post - ('Ejecutando servicio de obtener amigos del usuario',)
15:40:49 - INF - post - ('Ejecutando servicio para obtener publicaciones del usuario',)
15:40:49 - INF - post - ('Ejecutando servicio para obtener publicaciones del usuario',)
15:40:50 - INF - post - ('Ejecutando servicio de obtener amigos del usuario',)
15:40:50 - INF - post - ('Ejecutando servicio de obtener amigos del usuario',)
15:41:02 - INF - post - ('Ejecutando servicio para obtener publicaciones del usuario',)
15:41:02 - INF - post - ('Ejecutando servicio para obtener publicaciones del usuario',)
15:41:12 - INF - get - ('Ejecutando servicio de Listar Usuario',)
15:41:12 - INF - get - ('Ejecutando servicio de Listar Usuario',)
15:41:12 - INF - get - ('Ejecutando servicio de Listar Usuario',)
15:41:14 - INF - post - ('Ejecutando servicio de Obtener Usuario por ID: 19',)
15:41:14 - INF - post - ('Ejecutando servicio de Obtener Usuario por ID: 23',)
15:41:16 - INF - post - ('Ejecutando servicio de obtener amigos del usuario',)
15:41:16 - INF - post - ('Ejecutando servicio de obtener amigos del usuario',)
15:41:22 - INF - post - ('Ejecutando servicio para obtener publicaciones del usuario',)
15:41:22 - INF - post - ('Ejecutando servicio para obtener publicaciones del usuario',)
15:41:25 - INF - post - ('Ejecutando servicio para obtener publicaciones del usuario',)
15:41:25 - INF - post - ('Ejecutando servicio para obtener publicaciones del usuario',)
15:41:29 - INF - post - ('Ejecutando servicio de obtener amigos del usuario',)
15:41:29 - INF - post - ('Ejecutando servicio de obtener amigos del usuario',)
15:41:37 - INF - post - ('Ejecutando servicio para obtener publicaciones de amigos',)
15:41:37 - INF - post - ('Ejecutando servicio para obtener publicaciones de amigos',)
15:41:44 - INF - get - ('Ejecutando servicio de Listar Usuario',)
15:41:45 - INF - get - ('Ejecutando servicio de Listar Usuario',)
15:41:45 - INF - get - ('Ejecutando servicio de Listar Usuario',)
15:41:45 - INF - post - ('Ejecutando servicio de Obtener Usuario por ID: 19',)
15:41:45 - INF - post - ('Ejecutando servicio de Obtener Usuario por ID: 19',)
15:41:45 - INF - post - ('Ejecutando servicio de Obtener Usuario por ID: 23',)
15:41:45 - INF - post - ('Ejecutando servicio de Obtener Usuario por ID: 23',)
15:41:46 - INF - post - ('Ejecutando servicio para obtener publicaciones del usuario',)
15:41:46 - INF - post - ('Ejecutando servicio para obtener publicaciones del usuario',)
15:41:53 - INF - post - ('Ejecutando servicio de obtener amigos del usuario',)
15:41:53 - INF - post - ('Ejecutando servicio de obtener amigos del usuario',)
15:42:01 - INF - post - ('Ejecutando servicio para obtener publicaciones de amigos',)
15:42:01 - INF - post - ('Ejecutando servicio para obtener publicaciones de amigos',)
15:43:17 - INF - post - ('Ejecutando servicio de Login',)
15:43:17 - INF - post - ('Ejecutando servicio para obtener publicaciones de amigos',)
15:43:17 - INF - post - ('Ejecutando servicio para obtener publicaciones de amigos',)
15:43:22 - INF - post - ('Ejecutando servicio para obtener publicaciones del usuario',)
15:43:22 - INF - post - ('Ejecutando servicio para obtener publicaciones del usuario',)
15:43:26 - INF - post - ('Ejecutando servicio para obtener publicaciones de amigos',)
15:43:26 - INF - post - ('Ejecutando servicio para obtener publicaciones de amigos',)
15:43:31 - INF - post - ('Ejecutando servicio para obtener publicaciones del usuario',)
15:43:31 - INF - post - ('Ejecutando servicio para obtener publicaciones del usuario',)
15:43:37 - INF - post - ('Ejecutando servicio de obtener amigos del usuario',)
15:43:37 - INF - post - ('Ejecutando servicio de obtener amigos del usuario',)
15:43:39 - INF - post - ('Ejecutando servicio para obtener publicaciones de amigos',)
15:43:39 - INF - post - ('Ejecutando servicio para obtener publicaciones de amigos',)
15:43:44 - INF - post - ('Ejecutando servicio para obtener publicaciones del usuario',)
15:43:44 - INF - post - ('Ejecutando servicio para obtener publicaciones del usuario',)
16:14:19 - INF - post - ('Ejecutando servicio de Login',)
16:14:19 - INF - post - ('Ejecutando servicio para obtener publicaciones de amigos',)
16:14:19 - INF - post - ('Ejecutando servicio para obtener publicaciones de amigos',)
16:14:32 - INF - post - ('Ejecutando servicio para obtener publicaciones del usuario',)
16:14:32 - INF - post - ('Ejecutando servicio para obtener publicaciones del usuario',)
16:15:06 - INF - post - ('Ejecutando servicio de Login',)
16:15:07 - INF - post - ('Ejecutando servicio para obtener publicaciones de amigos',)
16:15:07 - INF - post - ('Ejecutando servicio para obtener publicaciones de amigos',)
16:22:30 - INF - post - ('Ejecutando servicio para obtener publicaciones de amigos',)
16:22:30 - INF - TokenValidate - ('Error al validar el token',)
16:22:30 - INF - post - ('Ejecutando servicio para obtener publicaciones de amigos',)
16:22:30 - INF - TokenValidate - ('Error al validar el token',)
16:22:33 - INF - post - ('Ejecutando servicio para obtener publicaciones del usuario',)
16:22:33 - INF - TokenValidate - ('Error al validar el token',)
16:22:33 - INF - post - ('Ejecutando servicio para obtener publicaciones del usuario',)
16:22:33 - INF - TokenValidate - ('Error al validar el token',)
16:22:47 - INF - post - ('Ejecutando servicio de Login',)
16:22:48 - INF - post - ('Ejecutando servicio para obtener publicaciones de amigos',)
16:22:48 - INF - post - ('Ejecutando servicio para obtener publicaciones de amigos',)
16:23:16 - INF - post - ('Ejecutando servicio para obtener publicaciones de amigos',)
16:23:17 - INF - post - ('Ejecutando servicio para obtener publicaciones de amigos',)
16:23:26 - INF - post - ('Ejecutando servicio para obtener publicaciones del usuario',)
16:23:26 - INF - post - ('Ejecutando servicio para obtener publicaciones del usuario',)
16:23:30 - INF - post - ('Ejecutando servicio de obtener amigos del usuario',)
16:23:30 - INF - post - ('Ejecutando servicio de obtener amigos del usuario',)
16:25:19 - INF - post - ('Ejecutando servicio para obtener publicaciones del usuario',)
16:25:19 - INF - post - ('Ejecutando servicio para obtener publicaciones del usuario',)
16:26:48 - INF - post - ('Ejecutando servicio de Login',)
16:26:48 - INF - post - ('Ejecutando servicio para obtener publicaciones de amigos',)
16:26:48 - INF - post - ('Ejecutando servicio para obtener publicaciones de amigos',)
16:32:26 - INF - post - ('Ejecutando servicio de Login',)
16:32:27 - INF - post - ('Ejecutando servicio para obtener publicaciones de amigos',)
16:32:27 - INF - post - ('Ejecutando servicio para obtener publicaciones de amigos',)
16:32:38 - INF - post - ('Ejecutando servicio para obtener publicaciones de amigos',)
16:32:38 - INF - post - ('Ejecutando servicio para obtener publicaciones de amigos',)
16:33:03 - INF - post - ('Ejecutando servicio para obtener publicaciones del usuario',)
16:33:04 - INF - post - ('Ejecutando servicio para obtener publicaciones del usuario',)
16:33:05 - INF - post - ('Ejecutando servicio de obtener amigos del usuario',)
16:33:05 - INF - post - ('Ejecutando servicio de obtener amigos del usuario',)
22:14:55 - INF - post - ('Ejecutando servicio de Login',)
22:14:55 - INF - post - ('Ejecutando servicio para obtener publicaciones de amigos',)
22:14:55 - INF - post - ('Ejecutando servicio para obtener publicaciones de amigos',)
22:29:26 - INF - get - ('Ejecutando servicio para obtener todas las carreras',)
22:29:26 - INF - get - ('Ejecutando servicio para obtener todas las carreras',)
