16:50:51 - INF - <module> - ('Servicio Iniciado',)
16:50:52 - INF - <module> - ('Servicio Iniciado',)
17:28:08 - INF - <module> - ('Servicio Finalizado',)
17:28:08 - INF - <module> - ('Servicio Finalizado',)
17:29:52 - INF - <module> - ('Servicio Iniciado',)
17:29:52 - INF - <module> - ('Servicio Iniciado',)
17:29:57 - INF - <module> - ('Servicio Finalizado',)
17:29:57 - INF - <module> - ('Servicio Finalizado',)
17:29:58 - INF - <module> - ('Servicio Iniciado',)
17:29:58 - INF - <module> - ('Servicio Iniciado',)
17:30:11 - INF - <module> - ('Servicio Finalizado',)
17:30:11 - INF - <module> - ('Servicio Finalizado',)
17:30:11 - INF - <module> - ('Servicio Iniciado',)
17:30:12 - INF - <module> - ('Servicio Iniciado',)
17:35:40 - INF - post - ('Ejecutando servicio de Login',)
17:36:49 - INF - post - ('Ejecutando servicio de Obtener Noticias por Id Facultad: 1',)
21:58:41 - INF - post - ('Ejecutando servicio de Login',)
21:58:42 - INF - post - ('Ejecutando servicio para obtener publicaciones de amigos',)
21:58:42 - INF - post - ('Ejecutando servicio para obtener publicaciones de amigos',)
21:58:46 - INF - post - ('Ejecutando servicio de amigos sugeridos',)
21:58:46 - INF - post - ('Ejecutando servicio de amigos sugeridos',)
21:58:46 - INF - post - ('Ejecutando servicio de obtener amigos del usuario',)
21:58:46 - INF - post - ('Ejecutando servicio de obtener amigos del usuario',)
21:58:50 - INF - post - ('Ejecutando servicio para obtener publicaciones de amigos',)
21:58:50 - INF - post - ('Ejecutando servicio para obtener publicaciones de amigos',)
21:58:52 - INF - post - ('Ejecutando servicio de amigos sugeridos',)
21:58:52 - INF - post - ('Ejecutando servicio de amigos sugeridos',)
21:58:52 - INF - post - ('Ejecutando servicio de obtener amigos del usuario',)
21:58:52 - INF - post - ('Ejecutando servicio de obtener amigos del usuario',)
21:59:10 - INF - post - ('Ejecutando servicio para obtener publicaciones del usuario',)
21:59:10 - INF - post - ('Ejecutando servicio para obtener publicaciones del usuario',)
21:59:14 - INF - post - ('Ejecutando servicio de obtener amigos del usuario',)
21:59:14 - INF - post - ('Ejecutando servicio de obtener amigos del usuario',)
21:59:17 - INF - post - ('Ejecutando servicio para obtener publicaciones de amigos',)
21:59:17 - INF - post - ('Ejecutando servicio para obtener publicaciones de amigos',)
21:59:20 - INF - get - ('Ejecutando servicio de Listar Usuario',)
21:59:20 - INF - get - ('Ejecutando servicio de Listar Usuario',)
21:59:20 - INF - get - ('Ejecutando servicio de Listar Usuario',)
21:59:20 - INF - get - ('Ejecutando servicio de Listar Usuario',)
21:59:22 - INF - post - ('Ejecutando servicio de Obtener Usuario por ID: 18',)
21:59:22 - INF - post - ('Ejecutando servicio de Obtener Usuario por ID: 18',)
21:59:22 - INF - post - ('Ejecutando servicio de Obtener Usuario por ID: 23',)
21:59:22 - INF - post - ('Ejecutando servicio de Obtener Usuario por ID: 23',)
21:59:22 - INF - post - ('Ejecutando servicio para obtener publicaciones del usuario',)
21:59:22 - INF - post - ('Ejecutando servicio para obtener publicaciones del usuario',)
21:59:29 - INF - post - ('Ejecutando servicio de obtener amigos del usuario',)
21:59:29 - INF - post - ('Ejecutando servicio de obtener amigos del usuario',)
21:59:34 - INF - post - ('Ejecutando servicio de amigos sugeridos',)
21:59:34 - INF - post - ('Ejecutando servicio de amigos sugeridos',)
21:59:34 - INF - post - ('Ejecutando servicio de obtener amigos del usuario',)
21:59:34 - INF - post - ('Ejecutando servicio de obtener amigos del usuario',)
23:03:38 - INF - post - ('Ejecutando servicio de Login',)
23:03:38 - INF - post - ('Ejecutando servicio para obtener publicaciones de amigos',)
23:03:38 - INF - post - ('Ejecutando servicio para obtener publicaciones de amigos',)
23:03:41 - INF - post - ('Ejecutando servicio de amigos sugeridos',)
23:03:41 - INF - post - ('Ejecutando servicio de amigos sugeridos',)
23:03:41 - INF - post - ('Ejecutando servicio de obtener amigos del usuario',)
23:03:41 - INF - post - ('Ejecutando servicio de obtener amigos del usuario',)
