11:31:29 - INF - <module> - ('Servicio Iniciado',)
11:31:29 - INF - <module> - ('Servicio Iniciado',)
11:32:18 - INF - <module> - ('Servicio Finalizado',)
11:32:18 - INF - <module> - ('Servicio Finalizado',)
11:39:28 - INF - <module> - ('Servicio Iniciado',)
11:39:28 - INF - <module> - ('Servicio Iniciado',)
11:39:41 - INF - post - ('Ejecutando servicio de eliminar amigo',)
11:40:15 - INF - post - ('Ejecutando servicio de eliminar amigo',)
11:40:40 - INF - post - ('Ejecutando servicio de agregar amigo',)
11:40:45 - INF - post - ('Ejecutando servicio de eliminar amigo',)
11:40:45 - INF - post - ('Ejecutando servicio de eliminar amigo',)
11:47:50 - INF - <module> - ('Servicio Finalizado',)
11:47:50 - INF - <module> - ('Servicio Finalizado',)
11:48:34 - INF - <module> - ('Servicio Iniciado',)
11:48:34 - INF - <module> - ('Servicio Iniciado',)
11:48:47 - INF - delete - ('Ejecutando servicio de eliminar amigo',)
11:50:00 - INF - post - ('Ejecutando servicio de agregar amigo',)
11:50:03 - INF - delete - ('Ejecutando servicio de eliminar amigo',)
12:21:38 - INF - <module> - ('Servicio Finalizado',)
12:21:39 - INF - <module> - ('Servicio Finalizado',)
12:27:41 - INF - <module> - ('Servicio Iniciado',)
12:27:41 - INF - <module> - ('Servicio Iniciado',)
12:32:16 - INF - <module> - ('Servicio Finalizado',)
12:32:16 - INF - <module> - ('Servicio Iniciado',)
12:32:35 - INF - post - ('Ejecutando servicio de Login',)
12:38:37 - INF - post - ('Ejecutando servicio de Login',)
13:01:32 - INF - <module> - ('Servicio Finalizado',)
13:01:32 - INF - <module> - ('Servicio Finalizado',)
13:01:41 - INF - <module> - ('Servicio Iniciado',)
13:01:42 - INF - <module> - ('Servicio Iniciado',)
13:01:57 - INF - post - ('Ejecutando servicio de Login',)
13:03:25 - INF - post - ('Ejecutando servicio de registro de usuario',)
13:03:46 - INF - <module> - ('Servicio Finalizado',)
13:03:46 - INF - <module> - ('Servicio Iniciado',)
13:05:02 - INF - <module> - ('Servicio Finalizado',)
13:05:02 - INF - <module> - ('Servicio Iniciado',)
13:05:44 - INF - <module> - ('Servicio Finalizado',)
13:05:44 - INF - <module> - ('Servicio Finalizado',)
13:05:44 - INF - <module> - ('Servicio Iniciado',)
13:05:44 - INF - <module> - ('Servicio Iniciado',)
13:05:49 - INF - post - ('Ejecutando servicio de registro de usuario',)
13:06:08 - INF - post - ('Ejecutando servicio de Login',)
13:06:15 - INF - post - ('Ejecutando servicio de Login',)
13:06:34 - INF - post - ('Ejecutando servicio de Login',)
13:11:29 - INF - <module> - ('Servicio Finalizado',)
13:11:29 - INF - <module> - ('Servicio Iniciado',)
13:14:26 - INF - post - ('Ejecutando servicio de registro de usuario',)
13:15:29 - INF - <module> - ('Servicio Finalizado',)
13:15:29 - INF - <module> - ('Servicio Iniciado',)
13:15:32 - INF - post - ('Ejecutando servicio de registro de usuario',)
13:20:31 - INF - <module> - ('Servicio Finalizado',)
13:20:31 - INF - <module> - ('Servicio Iniciado',)
13:23:24 - INF - <module> - ('Servicio Finalizado',)
13:23:24 - INF - <module> - ('Servicio Finalizado',)
13:23:25 - INF - <module> - ('Servicio Iniciado',)
13:23:25 - INF - <module> - ('Servicio Iniciado',)
13:23:29 - INF - post - ('Ejecutando servicio de registro de usuario',)
13:24:33 - INF - post - ('Ejecutando servicio de registro de usuario',)
13:24:59 - INF - post - ('Ejecutando servicio de Login',)
13:28:54 - INF - <module> - ('Servicio Finalizado',)
13:28:55 - INF - <module> - ('Servicio Iniciado',)
13:30:22 - INF - <module> - ('Servicio Finalizado',)
13:30:22 - INF - <module> - ('Servicio Finalizado',)
13:30:24 - INF - <module> - ('Servicio Iniciado',)
13:30:25 - INF - <module> - ('Servicio Finalizado',)
13:30:36 - INF - <module> - ('Servicio Iniciado',)
13:30:36 - INF - <module> - ('Servicio Finalizado',)
13:30:49 - INF - <module> - ('Servicio Iniciado',)
13:30:49 - INF - <module> - ('Servicio Finalizado',)
13:30:52 - INF - <module> - ('Servicio Iniciado',)
13:30:53 - INF - <module> - ('Servicio Iniciado',)
13:31:01 - INF - post - ('Ejecutando servicio de registro de usuario',)
13:32:05 - INF - <module> - ('Servicio Finalizado',)
13:32:05 - INF - <module> - ('Servicio Finalizado',)
13:32:05 - INF - <module> - ('Servicio Iniciado',)
13:32:06 - INF - <module> - ('Servicio Iniciado',)
13:32:21 - INF - post - ('Ejecutando servicio de registro de usuario',)
13:34:46 - INF - <module> - ('Servicio Finalizado',)
13:34:47 - INF - <module> - ('Servicio Iniciado',)
13:34:49 - INF - post - ('Ejecutando servicio de registro de usuario',)
13:35:01 - INF - post - ('Ejecutando servicio de registro de usuario',)
13:36:38 - INF - <module> - ('Servicio Finalizado',)
13:36:38 - INF - <module> - ('Servicio Iniciado',)
13:36:50 - INF - <module> - ('Servicio Finalizado',)
13:36:51 - INF - <module> - ('Servicio Finalizado',)
13:36:51 - INF - <module> - ('Servicio Iniciado',)
13:36:51 - INF - <module> - ('Servicio Iniciado',)
13:37:00 - INF - post - ('Ejecutando servicio de registro de usuario',)
13:40:16 - INF - <module> - ('Servicio Finalizado',)
13:40:17 - INF - <module> - ('Servicio Finalizado',)
13:40:17 - INF - <module> - ('Servicio Iniciado',)
13:40:17 - INF - <module> - ('Servicio Iniciado',)
13:40:23 - INF - post - ('Ejecutando servicio de registro de usuario',)
13:42:30 - INF - <module> - ('Servicio Finalizado',)
13:42:30 - INF - <module> - ('Servicio Iniciado',)
13:42:50 - INF - <module> - ('Servicio Finalizado',)
13:42:50 - INF - <module> - ('Servicio Iniciado',)
13:43:14 - INF - post - ('Ejecutando servicio de registro de usuario',)
13:44:02 - INF - <module> - ('Servicio Finalizado',)
13:44:02 - INF - <module> - ('Servicio Iniciado',)
13:44:13 - INF - <module> - ('Servicio Finalizado',)
13:44:13 - INF - <module> - ('Servicio Finalizado',)
13:44:14 - INF - <module> - ('Servicio Iniciado',)
13:44:14 - INF - <module> - ('Servicio Iniciado',)
13:44:17 - INF - post - ('Ejecutando servicio de registro de usuario',)
13:44:57 - INF - <module> - ('Servicio Finalizado',)
13:44:57 - INF - <module> - ('Servicio Finalizado',)
13:44:57 - INF - <module> - ('Servicio Iniciado',)
13:44:58 - INF - <module> - ('Servicio Iniciado',)
13:45:00 - INF - post - ('Ejecutando servicio de registro de usuario',)
13:46:23 - INF - <module> - ('Servicio Finalizado',)
13:46:23 - INF - <module> - ('Servicio Finalizado',)
13:46:24 - INF - <module> - ('Servicio Iniciado',)
13:46:24 - INF - <module> - ('Servicio Iniciado',)
13:46:29 - INF - post - ('Ejecutando servicio de registro de usuario',)
13:46:40 - INF - post - ('Ejecutando servicio de registro de usuario',)
13:47:26 - INF - <module> - ('Servicio Finalizado',)
13:47:26 - INF - <module> - ('Servicio Finalizado',)
13:47:27 - INF - <module> - ('Servicio Iniciado',)
13:47:27 - INF - <module> - ('Servicio Iniciado',)
13:47:38 - INF - post - ('Ejecutando servicio de registro de usuario',)
13:48:31 - INF - <module> - ('Servicio Finalizado',)
13:48:31 - INF - <module> - ('Servicio Iniciado',)
13:49:28 - INF - <module> - ('Servicio Finalizado',)
13:49:28 - INF - <module> - ('Servicio Finalizado',)
13:49:29 - INF - <module> - ('Servicio Iniciado',)
13:49:29 - INF - <module> - ('Servicio Iniciado',)
13:49:35 - INF - post - ('Ejecutando servicio de registro de usuario',)
13:49:43 - INF - post - ('Ejecutando servicio de registro de usuario',)
13:50:55 - INF - get - ('Ejecutando servicio de Listar Usuario',)
13:51:00 - INF - post - ('Ejecutando servicio de Login',)
13:51:04 - INF - post - ('Ejecutando servicio de agregar amigo',)
13:51:08 - INF - post - ('Ejecutando servicio para obtener publicaciones de amigos',)
13:51:14 - INF - delete - ('Ejecutando servicio de eliminar amigo',)
14:59:31 - INF - <module> - ('Servicio Finalizado',)
14:59:32 - INF - <module> - ('Servicio Iniciado',)
15:19:57 - INF - <module> - ('Servicio Finalizado',)
15:19:57 - INF - <module> - ('Servicio Iniciado',)
17:20:14 - INF - <module> - ('Servicio Finalizado',)
17:20:15 - INF - <module> - ('Servicio Iniciado',)
17:20:26 - INF - <module> - ('Servicio Finalizado',)
17:20:26 - INF - <module> - ('Servicio Iniciado',)
17:20:39 - INF - <module> - ('Servicio Finalizado',)
17:20:39 - INF - <module> - ('Servicio Finalizado',)
17:20:39 - INF - <module> - ('Servicio Iniciado',)
17:20:39 - INF - <module> - ('Servicio Iniciado',)
17:20:54 - INF - post - ('Ejecutando servicio de registro de usuario',)
17:21:05 - INF - post - ('Ejecutando servicio de Login',)
17:21:24 - INF - get - ('Ejecutando servicio de Listar Usuario',)
17:21:43 - INF - post - ('Ejecutando servicio de Login',)
17:21:59 - INF - post - ('Ejecutando servicio de agregar amigo',)
17:22:06 - INF - post - ('Ejecutando servicio para obtener publicaciones de amigos',)
17:22:17 - INF - delete - ('Ejecutando servicio de eliminar amigo',)
17:22:22 - INF - post - ('Ejecutando servicio para obtener publicaciones de amigos',)
17:22:32 - INF - post - ('Ejecutando servicio para obtener publicaciones de amigos',)
17:22:37 - INF - post - ('Ejecutando servicio para obtener publicaciones de amigos',)
17:24:09 - INF - get - ('Ejecutando servicio de Listar Usuario',)
17:25:00 - INF - post - ('Ejecutando servicio para obtener publicaciones de amigos',)
17:25:24 - INF - get - ('Ejecutando servicio de Listar Usuario',)
17:25:36 - INF - <module> - ('Servicio Finalizado',)
17:25:36 - INF - <module> - ('Servicio Finalizado',)
17:47:24 - INF - <module> - ('Servicio Iniciado',)
17:47:24 - INF - <module> - ('Servicio Iniciado',)
19:18:28 - INF - post - ('Ejecutando servicio para obtener publicaciones de amigos',)
19:19:16 - INF - post - ('Ejecutando servicio para obtener publicaciones de amigos',)
19:19:22 - INF - post - ('Ejecutando servicio para obtener publicaciones de amigos',)
19:19:26 - INF - post - ('Ejecutando servicio para obtener publicaciones de amigos',)
19:19:34 - INF - post - ('Ejecutando servicio para obtener publicaciones de amigos',)
22:25:40 - INF - post - ('Ejecutando servicio de Login',)
22:42:18 - INF - get - ('Ejecutando servicio de Listar Usuario',)
22:42:44 - INF - post - ('Ejecutando servicio de Login',)
22:43:26 - INF - post - ('Ejecutando servicio de Login',)
22:45:09 - INF - post - ('Ejecutando servicio de Login',)
22:47:04 - INF - post - ('Ejecutando servicio de Login',)
22:59:28 - INF - post - ('Ejecutando servicio de Login',)
23:00:44 - INF - post - ('Ejecutando servicio de Login',)
23:00:54 - INF - post - ('Ejecutando servicio de Login',)
23:00:56 - INF - post - ('Ejecutando servicio de Login',)
23:02:53 - INF - post - ('Ejecutando servicio de Login',)
23:06:37 - INF - post - ('Ejecutando servicio de Login',)
23:07:57 - INF - post - ('Ejecutando servicio de Login',)
23:08:56 - INF - post - ('Ejecutando servicio de Login',)
23:12:49 - INF - post - ('Ejecutando servicio de Login',)
23:19:38 - INF - post - ('Ejecutando servicio de Login',)
23:59:16 - INF - post - ('Ejecutando servicio para obtener publicaciones de amigos',)
