00:00:19 - INF - post - ('Ejecutando servicio de creación de publicación',)
00:00:55 - INF - post - ('Ejecutando servicio para obtener publicaciones de amigos',)
00:01:10 - INF - post - ('Ejecutando servicio de creación de publicación',)
00:02:00 - INF - post - ('Ejecutando servicio para obtener publicaciones de amigos',)
00:02:00 - INF - TokenValidate - ('Error al validar el token',)
00:02:00 - INF - post - ('Ejecutando servicio para obtener publicaciones de amigos',)
00:02:00 - INF - TokenValidate - ('Error al validar el token',)
00:02:08 - INF - post - ('Ejecutando servicio de Login',)
00:02:09 - INF - post - ('Ejecutando servicio para obtener publicaciones de amigos',)
00:02:09 - INF - post - ('Ejecutando servicio para obtener publicaciones de amigos',)
00:02:16 - INF - post - ('Ejecutando servicio de creación de publicación',)
00:02:22 - INF - post - ('Ejecutando servicio para obtener publicaciones de amigos',)
00:02:22 - INF - post - ('Ejecutando servicio para obtener publicaciones de amigos',)
00:02:41 - INF - post - ('Ejecutando servicio para obtener publicaciones de amigos',)
00:03:25 - INF - post - ('Ejecutando servicio de creación de publicación',)
00:08:01 - INF - post - ('Ejecutando servicio de Login',)
00:08:02 - INF - post - ('Ejecutando servicio para obtener publicaciones de amigos',)
00:08:02 - INF - post - ('Ejecutando servicio para obtener publicaciones de amigos',)
00:09:07 - INF - post - ('Ejecutando servicio para obtener publicaciones de amigos',)
00:09:07 - INF - TokenValidate - ('Error al validar el token',)
00:09:11 - INF - post - ('Ejecutando servicio de Login',)
00:09:23 - INF - post - ('Ejecutando servicio para obtener publicaciones de amigos',)
00:10:31 - INF - post - ('Ejecutando servicio para obtener publicaciones de amigos',)
00:13:31 - INF - <module> - ('Servicio Finalizado',)
00:13:31 - INF - <module> - ('Servicio Iniciado',)
00:13:35 - INF - post - ('Ejecutando servicio para obtener publicaciones de amigos',)
00:15:11 - INF - post - ('Ejecutando servicio para obtener publicaciones de amigos',)
00:16:28 - INF - <module> - ('Servicio Finalizado',)
00:16:28 - INF - <module> - ('Servicio Iniciado',)
00:17:23 - INF - post - ('Ejecutando servicio de Login',)
00:17:31 - INF - <module> - ('Servicio Finalizado',)
00:17:32 - INF - <module> - ('Servicio Iniciado',)
00:18:06 - INF - post - ('Ejecutando servicio de Login',)
00:18:47 - INF - post - ('Ejecutando servicio de agregar like',)
00:18:47 - INF - TokenValidate - ('Error al validar el token',)
00:18:52 - INF - post - ('Ejecutando servicio de agregar like',)
00:18:54 - INF - post - ('Ejecutando servicio de agregar like',)
00:20:37 - INF - <module> - ('Servicio Finalizado',)
00:20:38 - INF - <module> - ('Servicio Iniciado',)
00:20:42 - INF - <module> - ('Servicio Finalizado',)
00:20:42 - INF - <module> - ('Servicio Iniciado',)
00:20:52 - INF - get - ('Ejecutando servicio para obtener todas las carreras',)
00:20:52 - INF - get - ('Ejecutando servicio para obtener todas las carreras',)
00:21:11 - INF - post - ('Ejecutando servicio de Login',)
00:21:11 - INF - post - ('Ejecutando servicio para obtener publicaciones de amigos',)
00:21:11 - INF - post - ('Ejecutando servicio para obtener publicaciones de amigos',)
00:21:44 - INF - delete - ('Ejecutando servicio de remover like',)
00:22:12 - INF - post - ('Ejecutando servicio para obtener publicaciones de amigos',)
00:22:58 - INF - post - ('Ejecutando servicio de agregar like',)
00:23:11 - INF - post - ('Ejecutando servicio de Login',)
00:23:11 - INF - post - ('Ejecutando servicio para obtener publicaciones de amigos',)
00:23:14 - INF - post - ('Ejecutando servicio para obtener publicaciones de amigos',)
00:24:59 - INF - post - ('Ejecutando servicio para obtener publicaciones de amigos',)
00:24:59 - INF - post - ('Ejecutando servicio para obtener publicaciones de amigos',)
00:25:03 - INF - post - ('Ejecutando servicio de Login',)
00:25:50 - INF - post - ('Ejecutando servicio de Login',)
00:25:57 - INF - post - ('Ejecutando servicio de Login',)
00:26:04 - INF - post - ('Ejecutando servicio de Login',)
00:26:07 - INF - post - ('Ejecutando servicio de Login',)
00:26:12 - INF - post - ('Ejecutando servicio de Login',)
00:26:14 - INF - get - ('Ejecutando servicio para obtener todas las carreras',)
00:26:14 - INF - get - ('Ejecutando servicio para obtener todas las carreras',)
00:26:17 - INF - post - ('Ejecutando servicio de Login',)
00:26:18 - INF - get - ('Ejecutando servicio para obtener todas las carreras',)
00:26:19 - INF - get - ('Ejecutando servicio para obtener todas las carreras',)
00:27:21 - INF - post - ('Ejecutando servicio de Login',)
00:27:21 - INF - post - ('Ejecutando servicio para obtener publicaciones de amigos',)
00:29:08 - INF - post - ('Ejecutando servicio para obtener publicaciones de amigos',)
00:29:08 - INF - post - ('Ejecutando servicio para obtener publicaciones de amigos',)
00:32:33 - INF - post - ('Ejecutando servicio para obtener publicaciones de amigos',)
00:32:33 - INF - post - ('Ejecutando servicio para obtener publicaciones de amigos',)
00:32:33 - INF - post - ('Ejecutando servicio para obtener publicaciones de amigos',)
00:32:33 - INF - post - ('Ejecutando servicio para obtener publicaciones de amigos',)
00:32:33 - INF - TokenValidate - ('Error al validar el token',)
00:32:33 - INF - TokenValidate - ('Error al validar el token',)
00:33:12 - INF - post - ('Ejecutando servicio para obtener publicaciones de amigos',)
00:33:37 - INF - post - ('Ejecutando servicio de Login',)
00:33:38 - INF - post - ('Ejecutando servicio para obtener publicaciones de amigos',)
00:33:38 - INF - post - ('Ejecutando servicio para obtener publicaciones de amigos',)
00:34:04 - INF - post - ('Ejecutando servicio para obtener publicaciones de amigos',)
00:34:04 - INF - post - ('Ejecutando servicio para obtener publicaciones de amigos',)
00:34:04 - INF - TokenValidate - ('Error al validar el token',)
00:34:04 - INF - TokenValidate - ('Error al validar el token',)
00:34:08 - INF - post - ('Ejecutando servicio de Login',)
00:34:08 - INF - post - ('Ejecutando servicio para obtener publicaciones de amigos',)
00:37:10 - INF - post - ('Ejecutando servicio para obtener publicaciones de amigos',)
00:37:10 - INF - TokenValidate - ('Error al validar el token',)
00:37:14 - INF - post - ('Ejecutando servicio de Login',)
00:37:22 - INF - post - ('Ejecutando servicio para obtener publicaciones de amigos',)
00:41:33 - INF - post - ('Ejecutando servicio de creación de publicación',)
00:43:10 - INF - post - ('Ejecutando servicio para obtener publicaciones de amigos',)
00:43:10 - INF - post - ('Ejecutando servicio para obtener publicaciones de amigos',)
00:43:10 - INF - TokenValidate - ('Error al validar el token',)
00:43:10 - INF - TokenValidate - ('Error al validar el token',)
00:43:28 - INF - post - ('Ejecutando servicio para obtener publicaciones de amigos',)
00:43:28 - INF - post - ('Ejecutando servicio para obtener publicaciones de amigos',)
00:43:28 - INF - TokenValidate - ('Error al validar el token',)
00:43:28 - INF - TokenValidate - ('Error al validar el token',)
00:43:47 - INF - post - ('Ejecutando servicio de Login',)
00:43:47 - INF - post - ('Ejecutando servicio para obtener publicaciones de amigos',)
00:43:47 - INF - post - ('Ejecutando servicio para obtener publicaciones de amigos',)
00:46:55 - INF - post - ('Ejecutando servicio para obtener publicaciones de amigos',)
