00:00:00 - INF - get - ('Ejecutando servicio de Listar Usuario',)
00:00:10 - INF - post - ('Ejecutando servicio para obtener publicaciones de amigos',)
00:01:22 - INF - post - ('Ejecutando servicio para obtener publicaciones de amigos',)
00:07:07 - INF - post - ('Ejecutando servicio para obtener publicaciones de amigos',)
00:07:11 - INF - post - ('Ejecutando servicio para obtener publicaciones de amigos',)
00:07:19 - INF - post - ('Ejecutando servicio para obtener publicaciones de amigos',)
00:07:52 - INF - post - ('Ejecutando servicio para obtener publicaciones de amigos',)
00:08:05 - INF - post - ('Ejecutando servicio de Login',)
00:08:05 - INF - post - ('Ejecutando servicio para obtener publicaciones de amigos',)
00:08:05 - INF - post - ('Ejecutando servicio para obtener publicaciones de amigos',)
00:10:33 - INF - post - ('Ejecutando servicio para obtener publicaciones de amigos',)
00:14:20 - INF - post - ('Ejecutando servicio para obtener publicaciones de amigos',)
00:23:54 - INF - post - ('Ejecutando servicio de Login',)
00:23:55 - INF - post - ('Ejecutando servicio para obtener publicaciones de amigos',)
00:23:55 - INF - post - ('Ejecutando servicio para obtener publicaciones de amigos',)
00:26:29 - INF - post - ('Ejecutando servicio de Login',)
00:26:29 - INF - post - ('Ejecutando servicio para obtener publicaciones de amigos',)
00:26:29 - INF - post - ('Ejecutando servicio para obtener publicaciones de amigos',)
00:32:22 - INF - post - ('Ejecutando servicio de Login',)
00:32:30 - INF - post - ('Ejecutando servicio de Login',)
00:32:31 - INF - post - ('Ejecutando servicio para obtener publicaciones de amigos',)
00:32:31 - INF - post - ('Ejecutando servicio para obtener publicaciones de amigos',)
00:34:27 - INF - post - ('Ejecutando servicio para obtener publicaciones de amigos',)
00:34:37 - INF - post - ('Ejecutando servicio de Login',)
00:34:38 - INF - post - ('Ejecutando servicio para obtener publicaciones de amigos',)
00:34:38 - INF - post - ('Ejecutando servicio para obtener publicaciones de amigos',)
00:34:58 - INF - post - ('Ejecutando servicio para obtener publicaciones de amigos',)
00:36:28 - INF - post - ('Ejecutando servicio para obtener publicaciones de amigos',)
00:36:35 - INF - post - ('Ejecutando servicio de Login',)
00:36:35 - INF - post - ('Ejecutando servicio para obtener publicaciones de amigos',)
00:36:35 - INF - post - ('Ejecutando servicio para obtener publicaciones de amigos',)
00:38:37 - INF - post - ('Ejecutando servicio de Login',)
00:38:37 - INF - post - ('Ejecutando servicio para obtener publicaciones de amigos',)
00:38:37 - INF - post - ('Ejecutando servicio para obtener publicaciones de amigos',)
00:40:00 - INF - post - ('Ejecutando servicio para obtener publicaciones de amigos',)
00:40:06 - INF - post - ('Ejecutando servicio para obtener publicaciones de amigos',)
00:40:12 - INF - post - ('Ejecutando servicio para obtener publicaciones de amigos',)
00:40:30 - INF - post - ('Ejecutando servicio de Login',)
00:40:30 - INF - post - ('Ejecutando servicio para obtener publicaciones de amigos',)
00:40:50 - INF - post - ('Ejecutando servicio para obtener publicaciones de amigos',)
00:41:02 - INF - post - ('Ejecutando servicio de Login',)
00:41:03 - INF - post - ('Ejecutando servicio para obtener publicaciones de amigos',)
00:41:03 - INF - post - ('Ejecutando servicio para obtener publicaciones de amigos',)
00:44:43 - INF - post - ('Ejecutando servicio de Login',)
00:44:43 - INF - post - ('Ejecutando servicio para obtener publicaciones de amigos',)
00:44:43 - INF - post - ('Ejecutando servicio para obtener publicaciones de amigos',)
00:45:49 - INF - post - ('Ejecutando servicio para obtener publicaciones de amigos',)
00:45:59 - INF - post - ('Ejecutando servicio de Login',)
00:46:00 - INF - post - ('Ejecutando servicio para obtener publicaciones de amigos',)
00:46:00 - INF - post - ('Ejecutando servicio para obtener publicaciones de amigos',)
01:20:34 - INF - <module> - ('Servicio Finalizado',)
01:20:34 - INF - <module> - ('Servicio Finalizado',)
11:56:05 - INF - <module> - ('Servicio Iniciado',)
11:56:05 - INF - <module> - ('Servicio Iniciado',)
11:56:37 - INF - post - ('Ejecutando servicio de Login',)
12:00:29 - INF - get - ('Ejecutando servicio de Listar Usuario',)
12:02:59 - INF - <module> - ('Servicio Finalizado',)
12:02:59 - INF - <module> - ('Servicio Finalizado',)
12:03:00 - INF - <module> - ('Servicio Iniciado',)
12:03:00 - INF - <module> - ('Servicio Iniciado',)
12:03:23 - INF - <module> - ('Servicio Finalizado',)
12:03:23 - INF - <module> - ('Servicio Finalizado',)
12:03:24 - INF - <module> - ('Servicio Iniciado',)
12:03:24 - INF - <module> - ('Servicio Iniciado',)
12:03:39 - INF - post - ('Ejecutando servicio de Login',)
12:03:48 - INF - get - ('Ejecutando servicio de Listar Usuario',)
12:04:28 - INF - get - ('Ejecutando servicio de Listar Usuario',)
12:04:28 - INF - TokenValidate - ('Error al validar el token',)
12:05:14 - INF - get - ('Ejecutando servicio de Listar Usuario',)
13:19:02 - INF - post - ('Ejecutando servicio de Login',)
13:19:37 - INF - post - ('Ejecutando servicio de Login',)
13:19:38 - INF - post - ('Ejecutando servicio de Login',)
13:19:38 - INF - post - ('Ejecutando servicio de Login',)
13:19:39 - INF - post - ('Ejecutando servicio de Login',)
13:29:25 - INF - post - ('Ejecutando servicio de Login',)
13:29:28 - INF - post - ('Ejecutando servicio de Login',)
13:29:29 - INF - post - ('Ejecutando servicio de Login',)
13:29:29 - INF - post - ('Ejecutando servicio de Login',)
13:29:30 - INF - post - ('Ejecutando servicio de Login',)
13:29:30 - INF - post - ('Ejecutando servicio de Login',)
13:29:30 - INF - post - ('Ejecutando servicio de Login',)
13:29:31 - INF - post - ('Ejecutando servicio de Login',)
13:29:31 - INF - post - ('Ejecutando servicio de Login',)
13:29:31 - INF - post - ('Ejecutando servicio de Login',)
13:29:31 - INF - post - ('Ejecutando servicio de Login',)
13:29:31 - INF - post - ('Ejecutando servicio de Login',)
13:29:31 - INF - post - ('Ejecutando servicio de Login',)
13:29:33 - INF - post - ('Ejecutando servicio de Login',)
13:29:33 - INF - post - ('Ejecutando servicio de Login',)
13:29:34 - INF - post - ('Ejecutando servicio de Login',)
13:30:16 - INF - post - ('Ejecutando servicio de Login',)
13:30:17 - INF - post - ('Ejecutando servicio de Login',)
13:30:18 - INF - post - ('Ejecutando servicio de Login',)
13:30:18 - INF - post - ('Ejecutando servicio de Login',)
13:35:51 - INF - post - ('Ejecutando servicio de Login',)
13:37:21 - INF - post - ('Ejecutando servicio de Login',)
13:38:05 - INF - post - ('Ejecutando servicio de Login',)
13:38:07 - INF - post - ('Ejecutando servicio de Login',)
13:39:11 - INF - post - ('Ejecutando servicio de Login',)
13:41:04 - INF - post - ('Ejecutando servicio de Login',)
13:46:54 - INF - post - ('Ejecutando servicio de Login',)
13:51:13 - INF - post - ('Ejecutando servicio de Login',)
13:51:47 - INF - post - ('Ejecutando servicio de Login',)
13:52:20 - INF - post - ('Ejecutando servicio de Login',)
13:53:09 - INF - post - ('Ejecutando servicio de Login',)
13:53:11 - INF - post - ('Ejecutando servicio de Login',)
13:53:23 - INF - post - ('Ejecutando servicio de Login',)
13:55:05 - INF - post - ('Ejecutando servicio de Login',)
14:27:27 - INF - <module> - ('Servicio Finalizado',)
14:27:28 - INF - <module> - ('Servicio Iniciado',)
14:27:31 - INF - get - ('Ejecutando servicio de Listar Usuario',)
14:27:31 - INF - TokenValidate - ('Error al validar el token',)
14:41:21 - INF - <module> - ('Servicio Finalizado',)
14:41:22 - INF - <module> - ('Servicio Iniciado',)
14:55:05 - INF - post - ('Ejecutando servicio de Login',)
14:55:18 - INF - get - ('Ejecutando servicio de Listar Usuario',)
14:55:18 - INF - TokenValidate - ('Error al validar el token',)
14:55:21 - INF - get - ('Ejecutando servicio de Listar Usuario',)
14:55:30 - INF - post - ('Ejecutando servicio de agregar amigo',)
14:55:30 - INF - TokenValidate - ('Error al validar el token',)
14:55:34 - INF - post - ('Ejecutando servicio de agregar amigo',)
14:55:34 - INF - TokenValidate - ('Error al validar el token',)
14:55:50 - INF - post - ('Ejecutando servicio de agregar amigo',)
14:55:57 - INF - post - ('Ejecutando servicio para obtener publicaciones de amigos',)
14:56:06 - INF - post - ('Ejecutando servicio para obtener publicaciones de amigos',)
14:56:28 - INF - delete - ('Ejecutando servicio de eliminar amigo',)
15:20:30 - INF - <module> - ('Servicio Finalizado',)
15:20:30 - INF - <module> - ('Servicio Finalizado',)
15:24:35 - INF - <module> - ('Servicio Iniciado',)
15:24:35 - INF - <module> - ('Servicio Iniciado',)
15:24:41 - INF - delete - ('Ejecutando servicio de eliminar amigo',)
15:24:41 - INF - TokenValidate - ('Error al validar el token',)
15:39:53 - INF - <module> - ('Servicio Finalizado',)
15:39:53 - INF - <module> - ('Servicio Finalizado',)
15:39:54 - INF - <module> - ('Servicio Iniciado',)
15:39:54 - INF - <module> - ('Servicio Iniciado',)
15:42:00 - INF - <module> - ('Servicio Finalizado',)
15:42:01 - INF - <module> - ('Servicio Iniciado',)
15:43:05 - INF - <module> - ('Servicio Finalizado',)
15:43:05 - INF - <module> - ('Servicio Finalizado',)
15:43:36 - INF - <module> - ('Servicio Iniciado',)
15:43:37 - INF - <module> - ('Servicio Iniciado',)
15:44:56 - INF - post - ('Ejecutando servicio de registro de usuario',)
15:45:05 - INF - post - ('Ejecutando servicio de registro de usuario',)
15:45:05 - INF - encoder - ('Error al encriptar la contraseña',)
15:46:44 - INF - <module> - ('Servicio Finalizado',)
15:46:44 - INF - <module> - ('Servicio Finalizado',)
15:54:18 - INF - <module> - ('Servicio Iniciado',)
15:54:18 - INF - <module> - ('Servicio Iniciado',)
15:54:19 - INF - <module> - ('Servicio Finalizado',)
15:54:20 - INF - <module> - ('Servicio Finalizado',)
15:57:18 - INF - <module> - ('Servicio Iniciado',)
15:57:18 - INF - <module> - ('Servicio Iniciado',)
15:57:26 - INF - post - ('Ejecutando servicio de registro de usuario',)
15:57:26 - INF - encoder - ('Error al encriptar la contraseña',)
15:59:37 - INF - <module> - ('Servicio Finalizado',)
15:59:37 - INF - <module> - ('Servicio Finalizado',)
15:59:37 - INF - <module> - ('Servicio Iniciado',)
15:59:38 - INF - <module> - ('Servicio Iniciado',)
15:59:40 - INF - post - ('Ejecutando servicio de registro de usuario',)
15:59:40 - INF - encoder - ('Error al encriptar la contraseña',)
16:00:18 - INF - <module> - ('Servicio Finalizado',)
16:00:18 - INF - <module> - ('Servicio Finalizado',)
16:00:18 - INF - <module> - ('Servicio Iniciado',)
16:00:18 - INF - <module> - ('Servicio Iniciado',)
16:00:23 - INF - post - ('Ejecutando servicio de registro de usuario',)
16:00:23 - INF - encoder - ('Error al encriptar la contraseña',)
16:01:08 - INF - <module> - ('Servicio Finalizado',)
16:01:08 - INF - <module> - ('Servicio Finalizado',)
16:01:09 - INF - <module> - ('Servicio Iniciado',)
16:01:09 - INF - <module> - ('Servicio Iniciado',)
16:01:13 - INF - post - ('Ejecutando servicio de registro de usuario',)
16:01:14 - INF - encoder - ('Error al encriptar la contraseña',)
16:01:53 - INF - <module> - ('Servicio Finalizado',)
16:01:53 - INF - <module> - ('Servicio Finalizado',)
16:01:53 - INF - <module> - ('Servicio Iniciado',)
16:01:53 - INF - <module> - ('Servicio Iniciado',)
16:01:56 - INF - post - ('Ejecutando servicio de registro de usuario',)
16:01:56 - INF - encoder - ('Error al encriptar la contraseña',)
16:03:13 - INF - <module> - ('Servicio Finalizado',)
16:03:13 - INF - <module> - ('Servicio Iniciado',)
16:04:10 - INF - <module> - ('Servicio Finalizado',)
16:04:10 - INF - <module> - ('Servicio Finalizado',)
16:04:10 - INF - <module> - ('Servicio Iniciado',)
16:04:11 - INF - <module> - ('Servicio Iniciado',)
16:04:14 - INF - post - ('Ejecutando servicio de registro de usuario',)
16:04:14 - INF - encoder - ('Error al encriptar la contraseña',)
16:04:33 - INF - <module> - ('Servicio Finalizado',)
16:04:33 - INF - <module> - ('Servicio Finalizado',)
16:20:42 - INF - <module> - ('Servicio Iniciado',)
16:20:42 - INF - <module> - ('Servicio Iniciado',)
16:20:52 - INF - post - ('Ejecutando servicio de registro de usuario',)
16:20:53 - INF - encoder - ('Error al encriptar la contraseña',)
16:22:01 - INF - <module> - ('Servicio Finalizado',)
16:22:01 - INF - <module> - ('Servicio Finalizado',)
16:22:02 - INF - <module> - ('Servicio Iniciado',)
16:22:02 - INF - <module> - ('Servicio Iniciado',)
16:22:06 - INF - post - ('Ejecutando servicio de registro de usuario',)
16:22:06 - INF - encoder - ('Error al encriptar la contraseña',)
16:24:29 - INF - <module> - ('Servicio Finalizado',)
16:24:29 - INF - <module> - ('Servicio Iniciado',)
16:24:34 - INF - <module> - ('Servicio Finalizado',)
16:24:34 - INF - <module> - ('Servicio Finalizado',)
16:24:35 - INF - <module> - ('Servicio Iniciado',)
16:24:35 - INF - <module> - ('Servicio Iniciado',)
16:24:38 - INF - post - ('Ejecutando servicio de registro de usuario',)
16:24:38 - INF - encoder - ('Error al encriptar la contraseña',)
16:25:25 - INF - <module> - ('Servicio Finalizado',)
16:25:26 - INF - <module> - ('Servicio Iniciado',)
16:25:29 - INF - post - ('Ejecutando servicio de registro de usuario',)
16:25:29 - INF - encoder - ('Error al encriptar la contraseña',)
16:26:27 - INF - <module> - ('Servicio Finalizado',)
16:26:27 - INF - <module> - ('Servicio Finalizado',)
16:26:28 - INF - <module> - ('Servicio Iniciado',)
16:26:28 - INF - <module> - ('Servicio Iniciado',)
16:26:34 - INF - post - ('Ejecutando servicio de registro de usuario',)
16:26:42 - INF - <module> - ('Servicio Finalizado',)
16:26:42 - INF - <module> - ('Servicio Iniciado',)
16:27:15 - INF - post - ('Ejecutando servicio de Login',)
16:27:15 - INF - verify - ('Error al verificar la contraseña',)
16:27:30 - INF - post - ('Ejecutando servicio de Login',)
