10:52:00 - INF - <module> - ('Servicio Iniciado',)
10:52:00 - INF - <module> - ('Servicio Iniciado',)
10:52:50 - INF - <module> - ('Servicio Finalizado',)
10:52:51 - INF - <module> - ('Servicio Finalizado',)
10:52:51 - INF - <module> - ('Servicio Iniciado',)
10:52:51 - INF - <module> - ('Servicio Iniciado',)
10:53:00 - INF - <module> - ('Servicio Finalizado',)
10:53:00 - INF - <module> - ('Servicio Finalizado',)
10:57:36 - INF - <module> - ('Servicio Iniciado',)
10:57:37 - INF - <module> - ('Servicio Iniciado',)
11:00:57 - INF - get - ('Ejecutando servicio para obtener todas las carreras',)
11:00:57 - INF - get - ('Ejecutando servicio para obtener todas las carreras',)
11:01:28 - INF - post - ('Ejecutando servicio de Login',)
11:01:30 - INF - post - ('Ejecutando servicio para obtener publicaciones de amigos',)
11:01:30 - INF - post - ('Ejecutando servicio para obtener publicaciones de amigos',)
11:01:48 - INF - post - ('Ejecutando servicio para obtener publicaciones de amigos',)
11:01:48 - INF - post - ('Ejecutando servicio para obtener publicaciones de amigos',)
11:02:02 - INF - post - ('Ejecutando servicio para obtener publicaciones de amigos',)
11:02:02 - INF - post - ('Ejecutando servicio para obtener publicaciones de amigos',)
11:02:04 - INF - post - ('Ejecutando servicio para obtener publicaciones de amigos',)
11:02:04 - INF - post - ('Ejecutando servicio para obtener publicaciones de amigos',)
11:08:36 - INF - <module> - ('Servicio Finalizado',)
11:08:36 - INF - <module> - ('Servicio Finalizado',)
11:08:36 - INF - <module> - ('Servicio Iniciado',)
11:08:37 - INF - <module> - ('Servicio Iniciado',)
11:09:09 - INF - post - ('Ejecutando servicio de Login',)
11:09:19 - INF - get - ('Ejecutando servicio de Listar Usuario',)
11:09:32 - INF - post - ('Ejecutando servicio de agregar amigo',)
11:09:38 - INF - post - ('Ejecutando servicio para obtener publicaciones de amigos',)
11:09:54 - INF - delete - ('Ejecutando servicio de eliminar amigo',)
11:11:14 - INF - post - ('Ejecutando servicio para obtener publicaciones de amigos',)
11:11:14 - INF - post - ('Ejecutando servicio para obtener publicaciones de amigos',)
11:16:05 - INF - post - ('Ejecutando servicio para obtener publicaciones de amigos',)
11:16:05 - INF - post - ('Ejecutando servicio para obtener publicaciones de amigos',)
11:16:10 - INF - post - ('Ejecutando servicio para obtener publicaciones de amigos',)
11:16:10 - INF - post - ('Ejecutando servicio para obtener publicaciones de amigos',)
11:16:27 - INF - post - ('Ejecutando servicio para obtener publicaciones de amigos',)
11:16:27 - INF - post - ('Ejecutando servicio para obtener publicaciones de amigos',)
11:16:31 - INF - post - ('Ejecutando servicio para obtener publicaciones de amigos',)
11:16:31 - INF - TokenValidate - ('Error al validar el token',)
11:16:31 - INF - post - ('Ejecutando servicio para obtener publicaciones de amigos',)
11:16:31 - INF - TokenValidate - ('Error al validar el token',)
11:16:34 - INF - post - ('Ejecutando servicio para obtener publicaciones de amigos',)
11:16:34 - INF - post - ('Ejecutando servicio para obtener publicaciones de amigos',)
11:16:34 - INF - TokenValidate - ('Error al validar el token',)
11:16:34 - INF - TokenValidate - ('Error al validar el token',)
11:16:53 - INF - post - ('Ejecutando servicio de Login',)
11:16:53 - INF - post - ('Ejecutando servicio para obtener publicaciones de amigos',)
11:16:53 - INF - post - ('Ejecutando servicio para obtener publicaciones de amigos',)
11:17:57 - INF - post - ('Ejecutando servicio para obtener publicaciones de amigos',)
11:17:57 - INF - post - ('Ejecutando servicio para obtener publicaciones de amigos',)
11:17:59 - INF - post - ('Ejecutando servicio para obtener publicaciones de amigos',)
11:17:59 - INF - post - ('Ejecutando servicio para obtener publicaciones de amigos',)
11:18:02 - INF - post - ('Ejecutando servicio para obtener publicaciones de amigos',)
11:18:02 - INF - post - ('Ejecutando servicio para obtener publicaciones de amigos',)
11:18:13 - INF - post - ('Ejecutando servicio para obtener publicaciones de amigos',)
11:18:13 - INF - post - ('Ejecutando servicio para obtener publicaciones de amigos',)
11:18:19 - INF - post - ('Ejecutando servicio de Login',)
11:18:20 - INF - post - ('Ejecutando servicio para obtener publicaciones de amigos',)
11:18:20 - INF - post - ('Ejecutando servicio para obtener publicaciones de amigos',)
18:13:57 - INF - get - ('Ejecutando servicio para obtener todas las carreras',)
18:13:58 - INF - get - ('Ejecutando servicio para obtener todas las carreras',)
18:24:14 - INF - get - ('Ejecutando servicio para obtener todas las carreras',)
18:24:14 - INF - get - ('Ejecutando servicio para obtener todas las carreras',)
18:24:37 - INF - get - ('Ejecutando servicio para obtener todas las carreras',)
18:24:37 - INF - get - ('Ejecutando servicio para obtener todas las carreras',)
18:25:30 - INF - get - ('Ejecutando servicio de Listar Usuario',)
18:25:30 - INF - TokenValidate - ('Error al validar el token',)
18:25:36 - INF - post - ('Ejecutando servicio de Login',)
18:25:38 - INF - post - ('Ejecutando servicio de Login',)
18:25:51 - INF - get - ('Ejecutando servicio de Listar Usuario',)
18:25:52 - INF - get - ('Ejecutando servicio de Listar Usuario',)
18:25:52 - INF - TokenValidate - ('Error al validar el token',)
18:25:57 - INF - get - ('Ejecutando servicio de Listar Usuario',)
18:25:57 - INF - TokenValidate - ('Error al validar el token',)
20:43:44 - INF - get - ('Ejecutando servicio de Listar Usuario',)
20:43:44 - INF - TokenValidate - ('Error al validar el token',)
20:43:48 - INF - post - ('Ejecutando servicio de Login',)
20:44:19 - INF - post - ('Ejecutando servicio para obtener publicaciones de amigos',)
20:44:19 - INF - TokenValidate - ('Error al validar el token',)
20:44:29 - INF - post - ('Ejecutando servicio para obtener publicaciones de amigos',)
20:44:29 - INF - TokenValidate - ('Error al validar el token',)
21:57:33 - INF - get - ('Ejecutando servicio para obtener todas las carreras',)
21:57:33 - INF - get - ('Ejecutando servicio para obtener todas las carreras',)
21:58:46 - INF - post - ('Ejecutando servicio de Login',)
21:59:00 - INF - post - ('Ejecutando servicio para obtener publicaciones de amigos',)
21:59:00 - INF - TokenValidate - ('Error al validar el token',)
21:59:05 - INF - post - ('Ejecutando servicio para obtener publicaciones de amigos',)
21:59:05 - INF - TokenValidate - ('Error al validar el token',)
21:59:12 - INF - post - ('Ejecutando servicio para obtener publicaciones de amigos',)
21:59:12 - INF - TokenValidate - ('Error al validar el token',)
21:59:15 - INF - post - ('Ejecutando servicio para obtener publicaciones de amigos',)
21:59:15 - INF - TokenValidate - ('Error al validar el token',)
21:59:28 - INF - post - ('Ejecutando servicio para obtener publicaciones de amigos',)
21:59:52 - INF - get - ('Ejecutando servicio de Listar Usuario',)
22:02:12 - INF - get - ('Ejecutando servicio para obtener todas las carreras',)
22:02:12 - INF - get - ('Ejecutando servicio para obtener todas las carreras',)
22:02:50 - INF - post - ('Ejecutando servicio de registro de usuario',)
22:03:08 - INF - get - ('Ejecutando servicio de Listar Usuario',)
22:13:28 - INF - post - ('Ejecutando servicio de Login',)
22:13:33 - INF - post - ('Ejecutando servicio de Login',)
22:13:33 - INF - post - ('Ejecutando servicio para obtener publicaciones de amigos',)
22:13:33 - INF - post - ('Ejecutando servicio para obtener publicaciones de amigos',)
22:21:01 - INF - post - ('Ejecutando servicio para obtener publicaciones de amigos',)
22:21:03 - INF - get - ('Ejecutando servicio para obtener todas las carreras',)
22:21:03 - INF - get - ('Ejecutando servicio para obtener todas las carreras',)
22:21:06 - INF - post - ('Ejecutando servicio para obtener publicaciones de amigos',)
22:21:06 - INF - post - ('Ejecutando servicio para obtener publicaciones de amigos',)
22:21:17 - INF - post - ('Ejecutando servicio para obtener publicaciones de amigos',)
22:29:25 - INF - get - ('Ejecutando servicio para obtener todas las carreras',)
22:29:25 - INF - get - ('Ejecutando servicio para obtener todas las carreras',)
22:30:24 - INF - post - ('Ejecutando servicio de Login',)
22:30:24 - INF - post - ('Ejecutando servicio para obtener publicaciones de amigos',)
22:30:24 - INF - post - ('Ejecutando servicio para obtener publicaciones de amigos',)
22:30:43 - INF - get - ('Ejecutando servicio para obtener todas las carreras',)
22:30:43 - INF - get - ('Ejecutando servicio para obtener todas las carreras',)
22:33:13 - INF - post - ('Ejecutando servicio para obtener publicaciones de amigos',)
22:33:13 - INF - TokenValidate - ('Error al validar el token',)
22:42:00 - INF - post - ('Ejecutando servicio para obtener publicaciones de amigos',)
22:42:00 - INF - TokenValidate - ('Error al validar el token',)
22:42:03 - INF - post - ('Ejecutando servicio para obtener publicaciones de amigos',)
22:42:03 - INF - TokenValidate - ('Error al validar el token',)
22:42:07 - INF - post - ('Ejecutando servicio para obtener publicaciones de amigos',)
22:42:07 - INF - post - ('Ejecutando servicio para obtener publicaciones de amigos',)
22:42:07 - INF - TokenValidate - ('Error al validar el token',)
22:42:07 - INF - TokenValidate - ('Error al validar el token',)
22:42:15 - INF - post - ('Ejecutando servicio de Login',)
22:42:15 - INF - post - ('Ejecutando servicio para obtener publicaciones de amigos',)
22:42:15 - INF - post - ('Ejecutando servicio para obtener publicaciones de amigos',)
22:42:40 - INF - post - ('Ejecutando servicio para obtener publicaciones de amigos',)
22:43:17 - INF - post - ('Ejecutando servicio para obtener publicaciones de amigos',)
22:43:59 - INF - post - ('Ejecutando servicio para obtener publicaciones de amigos',)
22:43:59 - INF - post - ('Ejecutando servicio para obtener publicaciones de amigos',)
22:44:02 - INF - post - ('Ejecutando servicio para obtener publicaciones de amigos',)
22:44:04 - INF - post - ('Ejecutando servicio para obtener publicaciones de amigos',)
22:44:06 - INF - post - ('Ejecutando servicio para obtener publicaciones de amigos',)
22:44:10 - INF - post - ('Ejecutando servicio para obtener publicaciones de amigos',)
22:44:14 - INF - post - ('Ejecutando servicio para obtener publicaciones de amigos',)
22:44:17 - INF - post - ('Ejecutando servicio para obtener publicaciones de amigos',)
22:44:55 - INF - post - ('Ejecutando servicio para obtener publicaciones de amigos',)
22:45:05 - INF - post - ('Ejecutando servicio para obtener publicaciones de amigos',)
22:45:07 - INF - post - ('Ejecutando servicio para obtener publicaciones de amigos',)
22:45:17 - INF - post - ('Ejecutando servicio para obtener publicaciones de amigos',)
22:45:21 - INF - post - ('Ejecutando servicio para obtener publicaciones de amigos',)
22:45:30 - INF - post - ('Ejecutando servicio para obtener publicaciones de amigos',)
22:45:33 - INF - post - ('Ejecutando servicio para obtener publicaciones de amigos',)
22:46:14 - INF - post - ('Ejecutando servicio para obtener publicaciones de amigos',)
22:46:25 - INF - post - ('Ejecutando servicio para obtener publicaciones de amigos',)
22:46:27 - INF - post - ('Ejecutando servicio para obtener publicaciones de amigos',)
22:46:27 - INF - post - ('Ejecutando servicio para obtener publicaciones de amigos',)
22:47:17 - INF - post - ('Ejecutando servicio para obtener publicaciones de amigos',)
22:47:18 - INF - post - ('Ejecutando servicio para obtener publicaciones de amigos',)
22:48:07 - INF - post - ('Ejecutando servicio para obtener publicaciones de amigos',)
22:48:15 - INF - post - ('Ejecutando servicio para obtener publicaciones de amigos',)
22:48:47 - INF - post - ('Ejecutando servicio para obtener publicaciones de amigos',)
22:48:47 - INF - post - ('Ejecutando servicio para obtener publicaciones de amigos',)
22:49:09 - INF - post - ('Ejecutando servicio para obtener publicaciones de amigos',)
22:49:13 - INF - post - ('Ejecutando servicio para obtener publicaciones de amigos',)
22:49:35 - INF - post - ('Ejecutando servicio para obtener publicaciones de amigos',)
22:49:47 - INF - post - ('Ejecutando servicio para obtener publicaciones de amigos',)
22:50:00 - INF - post - ('Ejecutando servicio para obtener publicaciones de amigos',)
22:50:28 - INF - post - ('Ejecutando servicio para obtener publicaciones de amigos',)
22:50:38 - INF - post - ('Ejecutando servicio para obtener publicaciones de amigos',)
22:50:39 - INF - post - ('Ejecutando servicio para obtener publicaciones de amigos',)
22:50:48 - INF - post - ('Ejecutando servicio para obtener publicaciones de amigos',)
22:51:05 - INF - post - ('Ejecutando servicio para obtener publicaciones de amigos',)
22:51:15 - INF - post - ('Ejecutando servicio para obtener publicaciones de amigos',)
22:51:18 - INF - post - ('Ejecutando servicio para obtener publicaciones de amigos',)
22:51:54 - INF - post - ('Ejecutando servicio para obtener publicaciones de amigos',)
22:51:58 - INF - post - ('Ejecutando servicio de Login',)
22:52:02 - INF - post - ('Ejecutando servicio para obtener publicaciones de amigos',)
22:52:16 - INF - post - ('Ejecutando servicio para obtener publicaciones de amigos',)
22:52:19 - INF - post - ('Ejecutando servicio para obtener publicaciones de amigos',)
22:52:23 - INF - post - ('Ejecutando servicio para obtener publicaciones de amigos',)
22:52:26 - INF - post - ('Ejecutando servicio para obtener publicaciones de amigos',)
22:52:28 - INF - post - ('Ejecutando servicio para obtener publicaciones de amigos',)
22:52:31 - INF - post - ('Ejecutando servicio para obtener publicaciones de amigos',)
22:52:33 - INF - post - ('Ejecutando servicio para obtener publicaciones de amigos',)
22:52:36 - INF - post - ('Ejecutando servicio para obtener publicaciones de amigos',)
22:52:40 - INF - post - ('Ejecutando servicio para obtener publicaciones de amigos',)
22:52:49 - INF - post - ('Ejecutando servicio para obtener publicaciones de amigos',)
22:53:09 - INF - post - ('Ejecutando servicio para obtener publicaciones de amigos',)
22:54:04 - INF - post - ('Ejecutando servicio para obtener publicaciones de amigos',)
22:54:18 - INF - post - ('Ejecutando servicio para obtener publicaciones de amigos',)
22:54:26 - INF - post - ('Ejecutando servicio para obtener publicaciones de amigos',)
22:54:30 - INF - post - ('Ejecutando servicio para obtener publicaciones de amigos',)
22:54:56 - INF - post - ('Ejecutando servicio para obtener publicaciones de amigos',)
22:55:03 - INF - post - ('Ejecutando servicio para obtener publicaciones de amigos',)
22:55:44 - INF - post - ('Ejecutando servicio para obtener publicaciones de amigos',)
22:55:50 - INF - post - ('Ejecutando servicio para obtener publicaciones de amigos',)
22:56:00 - INF - post - ('Ejecutando servicio para obtener publicaciones de amigos',)
22:56:10 - INF - post - ('Ejecutando servicio para obtener publicaciones de amigos',)
22:56:29 - INF - post - ('Ejecutando servicio para obtener publicaciones de amigos',)
22:56:33 - INF - post - ('Ejecutando servicio para obtener publicaciones de amigos',)
22:56:36 - INF - post - ('Ejecutando servicio para obtener publicaciones de amigos',)
22:56:57 - INF - post - ('Ejecutando servicio de Login',)
22:56:58 - INF - post - ('Ejecutando servicio para obtener publicaciones de amigos',)
22:56:58 - INF - post - ('Ejecutando servicio para obtener publicaciones de amigos',)
22:58:09 - INF - post - ('Ejecutando servicio para obtener publicaciones de amigos',)
22:58:09 - INF - TokenValidate - ('Error al validar el token',)
22:58:11 - INF - post - ('Ejecutando servicio para obtener publicaciones de amigos',)
22:58:11 - INF - post - ('Ejecutando servicio para obtener publicaciones de amigos',)
22:58:11 - INF - TokenValidate - ('Error al validar el token',)
22:58:11 - INF - TokenValidate - ('Error al validar el token',)
22:58:18 - INF - post - ('Ejecutando servicio de Login',)
22:58:18 - INF - post - ('Ejecutando servicio para obtener publicaciones de amigos',)
22:58:18 - INF - post - ('Ejecutando servicio para obtener publicaciones de amigos',)
22:58:28 - INF - post - ('Ejecutando servicio para obtener publicaciones de amigos',)
22:58:30 - INF - post - ('Ejecutando servicio para obtener publicaciones de amigos',)
22:58:35 - INF - post - ('Ejecutando servicio para obtener publicaciones de amigos',)
22:58:39 - INF - post - ('Ejecutando servicio para obtener publicaciones de amigos',)
22:58:41 - INF - post - ('Ejecutando servicio para obtener publicaciones de amigos',)
22:58:43 - INF - post - ('Ejecutando servicio para obtener publicaciones de amigos',)
22:58:44 - INF - post - ('Ejecutando servicio para obtener publicaciones de amigos',)
22:58:45 - INF - post - ('Ejecutando servicio para obtener publicaciones de amigos',)
22:58:49 - INF - post - ('Ejecutando servicio para obtener publicaciones de amigos',)
22:58:52 - INF - post - ('Ejecutando servicio para obtener publicaciones de amigos',)
22:58:55 - INF - post - ('Ejecutando servicio para obtener publicaciones de amigos',)
23:00:17 - INF - post - ('Ejecutando servicio para obtener publicaciones de amigos',)
23:00:20 - INF - post - ('Ejecutando servicio para obtener publicaciones de amigos',)
23:00:30 - INF - post - ('Ejecutando servicio para obtener publicaciones de amigos',)
23:00:32 - INF - post - ('Ejecutando servicio para obtener publicaciones de amigos',)
23:00:55 - INF - post - ('Ejecutando servicio para obtener publicaciones de amigos',)
23:00:57 - INF - post - ('Ejecutando servicio para obtener publicaciones de amigos',)
23:01:00 - INF - post - ('Ejecutando servicio para obtener publicaciones de amigos',)
23:01:02 - INF - post - ('Ejecutando servicio para obtener publicaciones de amigos',)
23:01:07 - INF - post - ('Ejecutando servicio para obtener publicaciones de amigos',)
23:01:09 - INF - post - ('Ejecutando servicio para obtener publicaciones de amigos',)
23:01:10 - INF - post - ('Ejecutando servicio para obtener publicaciones de amigos',)
23:01:13 - INF - post - ('Ejecutando servicio para obtener publicaciones de amigos',)
23:01:20 - INF - post - ('Ejecutando servicio para obtener publicaciones de amigos',)
23:01:22 - INF - post - ('Ejecutando servicio para obtener publicaciones de amigos',)
23:08:00 - INF - post - ('Ejecutando servicio para obtener publicaciones de amigos',)
23:08:02 - INF - post - ('Ejecutando servicio para obtener publicaciones de amigos',)
23:08:05 - INF - post - ('Ejecutando servicio para obtener publicaciones de amigos',)
23:08:08 - INF - post - ('Ejecutando servicio para obtener publicaciones de amigos',)
23:08:12 - INF - post - ('Ejecutando servicio para obtener publicaciones de amigos',)
23:08:18 - INF - post - ('Ejecutando servicio para obtener publicaciones de amigos',)
23:08:25 - INF - post - ('Ejecutando servicio para obtener publicaciones de amigos',)
23:08:47 - INF - post - ('Ejecutando servicio para obtener publicaciones de amigos',)
23:08:56 - INF - post - ('Ejecutando servicio para obtener publicaciones de amigos',)
23:09:02 - INF - post - ('Ejecutando servicio para obtener publicaciones de amigos',)
23:09:14 - INF - post - ('Ejecutando servicio para obtener publicaciones de amigos',)
23:09:20 - INF - post - ('Ejecutando servicio para obtener publicaciones de amigos',)
23:09:26 - INF - post - ('Ejecutando servicio para obtener publicaciones de amigos',)
23:09:35 - INF - post - ('Ejecutando servicio para obtener publicaciones de amigos',)
23:09:44 - INF - post - ('Ejecutando servicio para obtener publicaciones de amigos',)
23:09:47 - INF - post - ('Ejecutando servicio para obtener publicaciones de amigos',)
23:09:54 - INF - post - ('Ejecutando servicio para obtener publicaciones de amigos',)
23:09:58 - INF - post - ('Ejecutando servicio para obtener publicaciones de amigos',)
23:09:58 - INF - post - ('Ejecutando servicio para obtener publicaciones de amigos',)
23:10:02 - INF - post - ('Ejecutando servicio para obtener publicaciones de amigos',)
23:10:19 - INF - post - ('Ejecutando servicio para obtener publicaciones de amigos',)
23:10:24 - INF - post - ('Ejecutando servicio para obtener publicaciones de amigos',)
23:10:38 - INF - post - ('Ejecutando servicio para obtener publicaciones de amigos',)
23:13:51 - INF - post - ('Ejecutando servicio para obtener publicaciones de amigos',)
23:13:51 - INF - TokenValidate - ('Error al validar el token',)
23:13:53 - INF - post - ('Ejecutando servicio para obtener publicaciones de amigos',)
23:13:53 - INF - TokenValidate - ('Error al validar el token',)
23:13:54 - INF - post - ('Ejecutando servicio para obtener publicaciones de amigos',)
23:13:54 - INF - post - ('Ejecutando servicio para obtener publicaciones de amigos',)
23:13:54 - INF - TokenValidate - ('Error al validar el token',)
23:13:54 - INF - TokenValidate - ('Error al validar el token',)
23:14:06 - INF - post - ('Ejecutando servicio de Login',)
23:14:06 - INF - post - ('Ejecutando servicio para obtener publicaciones de amigos',)
23:14:06 - INF - post - ('Ejecutando servicio para obtener publicaciones de amigos',)
23:14:29 - INF - post - ('Ejecutando servicio para obtener publicaciones de amigos',)
23:22:03 - INF - <module> - ('Servicio Finalizado',)
23:22:03 - INF - <module> - ('Servicio Iniciado',)
23:22:14 - INF - post - ('Ejecutando servicio para obtener publicaciones de amigos',)
23:22:14 - INF - post - ('Ejecutando servicio para obtener publicaciones de amigos',)
23:22:28 - INF - post - ('Ejecutando servicio de Login',)
23:22:30 - INF - post - ('Ejecutando servicio para obtener publicaciones de amigos',)
23:22:30 - INF - post - ('Ejecutando servicio para obtener publicaciones de amigos',)
23:22:42 - INF - <module> - ('Servicio Finalizado',)
23:22:42 - INF - <module> - ('Servicio Iniciado',)
23:22:46 - INF - post - ('Ejecutando servicio para obtener publicaciones de amigos',)
23:22:46 - INF - post - ('Ejecutando servicio para obtener publicaciones de amigos',)
23:23:05 - INF - post - ('Ejecutando servicio de Login',)
23:23:11 - INF - post - ('Ejecutando servicio para obtener publicaciones de amigos',)
23:23:11 - INF - TokenValidate - ('Error al validar el token',)
23:23:17 - INF - post - ('Ejecutando servicio de Login',)
23:23:29 - INF - post - ('Ejecutando servicio para obtener publicaciones de amigos',)
23:23:31 - INF - post - ('Ejecutando servicio para obtener publicaciones de amigos',)
23:24:23 - INF - post - ('Ejecutando servicio de creación de publicación',)
23:24:23 - INF - TokenValidate - ('Error al validar el token',)
23:24:27 - INF - post - ('Ejecutando servicio de creación de publicación',)
23:24:33 - INF - post - ('Ejecutando servicio para obtener publicaciones de amigos',)
23:24:38 - INF - <module> - ('Servicio Finalizado',)
23:24:38 - INF - <module> - ('Servicio Iniciado',)
23:24:42 - INF - post - ('Ejecutando servicio para obtener publicaciones de amigos',)
23:24:42 - INF - post - ('Ejecutando servicio para obtener publicaciones de amigos',)
23:24:49 - INF - post - ('Ejecutando servicio de Login',)
23:24:49 - INF - post - ('Ejecutando servicio para obtener publicaciones de amigos',)
23:24:49 - INF - post - ('Ejecutando servicio para obtener publicaciones de amigos',)
23:25:10 - INF - <module> - ('Servicio Finalizado',)
23:25:11 - INF - <module> - ('Servicio Iniciado',)
23:25:31 - INF - post - ('Ejecutando servicio de Login',)
23:25:31 - INF - post - ('Ejecutando servicio para obtener publicaciones de amigos',)
23:25:31 - INF - post - ('Ejecutando servicio para obtener publicaciones de amigos',)
23:26:58 - INF - <module> - ('Servicio Finalizado',)
23:26:59 - INF - <module> - ('Servicio Iniciado',)
23:27:04 - INF - post - ('Ejecutando servicio para obtener publicaciones de amigos',)
23:27:04 - INF - post - ('Ejecutando servicio para obtener publicaciones de amigos',)
23:27:23 - INF - post - ('Ejecutando servicio para obtener publicaciones de amigos',)
23:27:23 - INF - post - ('Ejecutando servicio para obtener publicaciones de amigos',)
23:27:27 - INF - post - ('Ejecutando servicio para obtener publicaciones de amigos',)
23:27:52 - INF - <module> - ('Servicio Finalizado',)
23:27:52 - INF - <module> - ('Servicio Iniciado',)
23:27:56 - INF - post - ('Ejecutando servicio para obtener publicaciones de amigos',)
23:27:56 - INF - post - ('Ejecutando servicio para obtener publicaciones de amigos',)
23:28:00 - INF - post - ('Ejecutando servicio para obtener publicaciones de amigos',)
23:29:57 - INF - post - ('Ejecutando servicio para obtener publicaciones de amigos',)
23:29:57 - INF - post - ('Ejecutando servicio para obtener publicaciones de amigos',)
23:30:04 - INF - post - ('Ejecutando servicio para obtener publicaciones de amigos',)
23:32:02 - INF - <module> - ('Servicio Finalizado',)
23:32:03 - INF - <module> - ('Servicio Iniciado',)
23:32:10 - INF - post - ('Ejecutando servicio para obtener publicaciones de amigos',)
23:32:16 - INF - post - ('Ejecutando servicio para obtener publicaciones de amigos',)
23:32:21 - INF - post - ('Ejecutando servicio para obtener publicaciones de amigos',)
23:32:21 - INF - post - ('Ejecutando servicio para obtener publicaciones de amigos',)
23:36:18 - INF - post - ('Ejecutando servicio para obtener publicaciones de amigos',)
23:36:28 - INF - post - ('Ejecutando servicio para obtener publicaciones de amigos',)
23:36:31 - INF - post - ('Ejecutando servicio para obtener publicaciones de amigos',)
23:37:36 - INF - post - ('Ejecutando servicio para obtener publicaciones de amigos',)
23:37:43 - INF - post - ('Ejecutando servicio para obtener publicaciones de amigos',)
23:37:46 - INF - post - ('Ejecutando servicio para obtener publicaciones de amigos',)
23:37:48 - INF - post - ('Ejecutando servicio para obtener publicaciones de amigos',)
23:44:34 - INF - post - ('Ejecutando servicio para obtener publicaciones de amigos',)
23:44:34 - INF - TokenValidate - ('Error al validar el token',)
23:44:38 - INF - post - ('Ejecutando servicio de Login',)
23:44:49 - INF - post - ('Ejecutando servicio para obtener publicaciones de amigos',)
23:44:58 - INF - post - ('Ejecutando servicio de creación de publicación',)
23:44:58 - INF - TokenValidate - ('Error al validar el token',)
23:46:07 - INF - post - ('Ejecutando servicio de creación de publicación',)
23:46:07 - INF - TokenValidate - ('Error al validar el token',)
23:46:44 - INF - post - ('Ejecutando servicio para obtener publicaciones de amigos',)
23:46:44 - INF - post - ('Ejecutando servicio para obtener publicaciones de amigos',)
23:46:44 - INF - TokenValidate - ('Error al validar el token',)
23:46:44 - INF - TokenValidate - ('Error al validar el token',)
23:46:53 - INF - post - ('Ejecutando servicio de Login',)
23:46:54 - INF - post - ('Ejecutando servicio para obtener publicaciones de amigos',)
23:46:54 - INF - post - ('Ejecutando servicio para obtener publicaciones de amigos',)
23:46:59 - INF - post - ('Ejecutando servicio de creación de publicación',)
23:51:30 - INF - post - ('Ejecutando servicio de creación de publicación',)
23:51:50 - INF - post - ('Ejecutando servicio para obtener publicaciones de amigos',)
23:51:50 - INF - post - ('Ejecutando servicio para obtener publicaciones de amigos',)
23:51:57 - INF - post - ('Ejecutando servicio de creación de publicación',)
23:52:42 - INF - post - ('Ejecutando servicio para obtener publicaciones de amigos',)
23:52:42 - INF - post - ('Ejecutando servicio para obtener publicaciones de amigos',)
23:52:59 - INF - post - ('Ejecutando servicio de creación de publicación',)
23:53:09 - INF - post - ('Ejecutando servicio para obtener publicaciones de amigos',)
23:53:10 - INF - post - ('Ejecutando servicio para obtener publicaciones de amigos',)
23:53:10 - INF - post - ('Ejecutando servicio para obtener publicaciones de amigos',)
23:53:30 - INF - post - ('Ejecutando servicio de creación de publicación',)
23:55:00 - INF - post - ('Ejecutando servicio para obtener publicaciones de amigos',)
23:55:00 - INF - post - ('Ejecutando servicio para obtener publicaciones de amigos',)
23:55:19 - INF - post - ('Ejecutando servicio de creación de publicación',)
