15:40:01 - INF - <module> - ('Servicio Finalizado',)
15:40:01 - INF - <module> - ('Servicio Iniciado',)
15:40:23 - INF - <module> - ('Servicio Finalizado',)
15:40:23 - INF - <module> - ('Servicio Iniciado',)
15:41:30 - INF - <module> - ('Servicio Finalizado',)
15:41:30 - INF - <module> - ('Servicio Iniciado',)
15:45:35 - INF - post - ('Ejecutando servicio de agregar amigo',)
15:47:40 - INF - <module> - ('Servicio Finalizado',)
15:47:40 - INF - <module> - ('Servicio Finalizado',)
15:47:40 - INF - <module> - ('Servicio Iniciado',)
15:47:42 - INF - <module> - ('Servicio Iniciado',)
15:47:44 - INF - post - ('Ejecutando servicio de agregar amigo',)
15:48:47 - INF - <module> - ('Servicio Finalizado',)
15:48:47 - INF - <module> - ('Servicio Finalizado',)
15:48:48 - INF - <module> - ('Servicio Iniciado',)
15:48:49 - INF - <module> - ('Servicio Iniciado',)
15:49:00 - INF - post - ('Ejecutando servicio de agregar amigo',)
15:49:14 - INF - <module> - ('Servicio Finalizado',)
15:49:14 - INF - <module> - ('Servicio Finalizado',)
15:49:15 - INF - <module> - ('Servicio Iniciado',)
15:49:16 - INF - <module> - ('Servicio Iniciado',)
15:49:18 - INF - post - ('Ejecutando servicio de agregar amigo',)
15:50:26 - INF - <module> - ('Servicio Finalizado',)
15:50:26 - INF - <module> - ('Servicio Iniciado',)
15:51:12 - INF - <module> - ('Servicio Finalizado',)
15:51:13 - INF - <module> - ('Servicio Iniciado',)
15:51:18 - INF - <module> - ('Servicio Finalizado',)
15:51:18 - INF - <module> - ('Servicio Iniciado',)
15:51:27 - INF - <module> - ('Servicio Finalizado',)
15:51:27 - INF - <module> - ('Servicio Iniciado',)
15:51:28 - INF - post - ('Ejecutando servicio de agregar amigo',)
15:52:11 - INF - <module> - ('Servicio Finalizado',)
15:52:11 - INF - <module> - ('Servicio Finalizado',)
15:52:11 - INF - <module> - ('Servicio Iniciado',)
15:52:12 - INF - <module> - ('Servicio Iniciado',)
15:52:14 - INF - post - ('Ejecutando servicio de agregar amigo',)
15:52:18 - INF - post - ('Ejecutando servicio de agregar amigo',)
15:52:29 - INF - post - ('Ejecutando servicio de agregar amigo',)
15:53:47 - INF - <module> - ('Servicio Finalizado',)
15:53:48 - INF - <module> - ('Servicio Iniciado',)
15:53:58 - INF - post - ('Ejecutando servicio de agregar amigo',)
15:54:03 - INF - post - ('Ejecutando servicio de agregar amigo',)
15:54:08 - INF - post - ('Ejecutando servicio de agregar amigo',)
15:54:14 - INF - post - ('Ejecutando servicio de agregar amigo',)
15:54:39 - INF - <module> - ('Servicio Finalizado',)
15:54:39 - INF - <module> - ('Servicio Finalizado',)
18:17:17 - INF - <module> - ('Servicio Iniciado',)
18:17:18 - INF - <module> - ('Servicio Iniciado',)
18:17:57 - INF - <module> - ('Servicio Finalizado',)
18:17:57 - INF - <module> - ('Servicio Finalizado',)
18:17:58 - INF - <module> - ('Servicio Iniciado',)
18:17:59 - INF - <module> - ('Servicio Iniciado',)
18:18:16 - INF - post - ('Ejecutando servicio para obtener publicaciones de amigos',)
18:20:10 - INF - <module> - ('Servicio Finalizado',)
18:20:10 - INF - <module> - ('Servicio Finalizado',)
18:20:10 - INF - <module> - ('Servicio Iniciado',)
18:20:11 - INF - <module> - ('Servicio Iniciado',)
18:20:13 - INF - post - ('Ejecutando servicio para obtener publicaciones de amigos',)
18:20:45 - INF - <module> - ('Servicio Finalizado',)
18:20:46 - INF - <module> - ('Servicio Iniciado',)
18:23:04 - INF - <module> - ('Servicio Finalizado',)
18:23:04 - INF - <module> - ('Servicio Finalizado',)
18:23:04 - INF - <module> - ('Servicio Iniciado',)
18:23:05 - INF - <module> - ('Servicio Iniciado',)
18:23:10 - INF - post - ('Ejecutando servicio para obtener publicaciones de amigos',)
18:25:18 - INF - <module> - ('Servicio Finalizado',)
18:25:18 - INF - <module> - ('Servicio Iniciado',)
18:25:23 - INF - <module> - ('Servicio Finalizado',)
18:25:23 - INF - <module> - ('Servicio Finalizado',)
18:25:23 - INF - <module> - ('Servicio Iniciado',)
18:25:25 - INF - <module> - ('Servicio Iniciado',)
18:25:26 - INF - post - ('Ejecutando servicio para obtener publicaciones de amigos',)
18:26:08 - INF - post - ('Ejecutando servicio de Login',)
18:26:19 - INF - get - ('Ejecutando servicio de Listar Usuario',)
18:27:37 - INF - get - ('Ejecutando servicio de Listar Usuario',)
18:27:41 - INF - post - ('Ejecutando servicio para obtener publicaciones de amigos',)
18:27:49 - INF - <module> - ('Servicio Finalizado',)
18:27:49 - INF - <module> - ('Servicio Iniciado',)
18:27:52 - INF - post - ('Ejecutando servicio para obtener publicaciones de amigos',)
18:27:57 - INF - get - ('Ejecutando servicio de Listar Usuario',)
18:28:00 - INF - post - ('Ejecutando servicio de Login',)
18:29:21 - INF - <module> - ('Servicio Finalizado',)
18:29:21 - INF - <module> - ('Servicio Finalizado',)
18:29:21 - INF - <module> - ('Servicio Iniciado',)
18:29:22 - INF - <module> - ('Servicio Iniciado',)
18:29:25 - INF - post - ('Ejecutando servicio de agregar amigo',)
18:29:28 - INF - get - ('Ejecutando servicio de Listar Usuario',)
18:29:30 - INF - post - ('Ejecutando servicio de Login',)
18:29:39 - INF - <module> - ('Servicio Finalizado',)
18:29:39 - INF - <module> - ('Servicio Finalizado',)
18:29:40 - INF - <module> - ('Servicio Iniciado',)
18:29:41 - INF - <module> - ('Servicio Iniciado',)
18:29:41 - INF - post - ('Ejecutando servicio para obtener publicaciones de amigos',)
18:29:43 - INF - post - ('Ejecutando servicio de agregar amigo',)
18:31:29 - INF - <module> - ('Servicio Finalizado',)
18:31:29 - INF - <module> - ('Servicio Iniciado',)
18:31:30 - INF - post - ('Ejecutando servicio de agregar amigo',)
18:31:33 - INF - get - ('Ejecutando servicio de Listar Usuario',)
18:31:36 - INF - post - ('Ejecutando servicio de Login',)
18:31:51 - INF - post - ('Ejecutando servicio para obtener publicaciones de amigos',)
18:34:48 - INF - <module> - ('Servicio Finalizado',)
18:34:49 - INF - <module> - ('Servicio Finalizado',)
18:34:49 - INF - <module> - ('Servicio Iniciado',)
18:34:50 - INF - <module> - ('Servicio Iniciado',)
18:34:52 - INF - post - ('Ejecutando servicio de Login',)
18:36:19 - INF - post - ('Ejecutando servicio para obtener publicaciones de amigos',)
18:38:18 - INF - <module> - ('Servicio Finalizado',)
18:38:19 - INF - <module> - ('Servicio Finalizado',)
18:38:19 - INF - <module> - ('Servicio Iniciado',)
18:38:20 - INF - <module> - ('Servicio Iniciado',)
18:38:21 - INF - post - ('Ejecutando servicio para obtener publicaciones de amigos',)
18:40:22 - INF - post - ('Ejecutando servicio para obtener publicaciones de amigos',)
18:45:42 - INF - post - ('Ejecutando servicio para obtener publicaciones de amigos',)
18:49:39 - INF - <module> - ('Servicio Finalizado',)
18:49:39 - INF - <module> - ('Servicio Finalizado',)
18:49:39 - INF - <module> - ('Servicio Iniciado',)
18:49:40 - INF - <module> - ('Servicio Iniciado',)
18:49:43 - INF - post - ('Ejecutando servicio para obtener publicaciones de amigos',)
18:53:28 - INF - <module> - ('Servicio Finalizado',)
18:53:28 - INF - <module> - ('Servicio Iniciado',)
18:53:32 - INF - post - ('Ejecutando servicio para obtener publicaciones de amigos',)
18:54:57 - INF - post - ('Ejecutando servicio de Login',)
18:54:59 - INF - get - ('Ejecutando servicio de Listar Usuario',)
18:56:09 - INF - post - ('Ejecutando servicio de Login',)
18:56:26 - INF - post - ('Ejecutando servicio de Login',)
18:56:47 - INF - get - ('Ejecutando servicio de Listar Usuario',)
18:56:55 - INF - post - ('Ejecutando servicio de Login',)
18:57:08 - INF - post - ('Ejecutando servicio de agregar amigo',)
18:59:21 - INF - post - ('Ejecutando servicio para obtener publicaciones de amigos',)
18:59:29 - INF - post - ('Ejecutando servicio para obtener publicaciones de amigos',)
19:02:16 - INF - <module> - ('Servicio Finalizado',)
19:02:16 - INF - <module> - ('Servicio Finalizado',)
19:02:17 - INF - <module> - ('Servicio Iniciado',)
19:02:18 - INF - <module> - ('Servicio Iniciado',)
19:03:13 - INF - post - ('Ejecutando servicio de agregar amigo',)
19:04:28 - INF - post - ('Ejecutando servicio de agregar amigo',)
19:04:35 - INF - post - ('Ejecutando servicio de agregar amigo',)
19:08:43 - INF - post - ('Ejecutando servicio para obtener publicaciones de amigos',)
19:11:17 - INF - <module> - ('Servicio Finalizado',)
19:11:17 - INF - <module> - ('Servicio Finalizado',)
19:11:17 - INF - <module> - ('Servicio Iniciado',)
19:11:18 - INF - <module> - ('Servicio Iniciado',)
19:11:20 - INF - post - ('Ejecutando servicio para obtener publicaciones de amigos',)
19:11:23 - INF - get - ('Ejecutando servicio de Listar Usuario',)
19:11:26 - INF - post - ('Ejecutando servicio de Login',)
19:11:29 - INF - post - ('Ejecutando servicio de agregar amigo',)
19:11:33 - INF - post - ('Ejecutando servicio de agregar amigo',)
19:11:39 - INF - post - ('Ejecutando servicio de agregar amigo',)
19:13:57 - INF - post - ('Ejecutando servicio de Login',)
19:18:55 - INF - post - ('Ejecutando servicio para obtener publicaciones de amigos',)
19:19:00 - INF - post - ('Ejecutando servicio para obtener publicaciones de amigos',)
19:19:12 - INF - post - ('Ejecutando servicio de Login',)
19:22:17 - INF - post - ('Ejecutando servicio de Login',)
19:37:00 - INF - <module> - ('Servicio Finalizado',)
19:37:00 - INF - <module> - ('Servicio Finalizado',)
